$PMGNFMT,%TRK,LAT,HEMI,LON,HEMI,ALT,UNIT,TIME,VALID,NAME,DATE,CHKSUM,%META,ASCII
$PMGNTRK,2936.619,N,10141.249,E,03967,M,004345.09,A,,250509*75
$PMGNTRK,2936.621,N,10141.261,E,03967,M,004346.10,A,,250509*7F
$PMGNTRK,2936.623,N,10141.269,E,03952,M,004404.09,A,,250509*7A
$PMGNTRK,2936.624,N,10141.263,E,03969,M,004513.10,A,,250509*70
$PMGNTRK,2936.622,N,10141.269,E,03967,M,005517.11,A,,250509*76
$PMGNTRK,2936.625,N,10141.275,E,03969,M,005549.12,A,,250509*7A
$PMGNTRK,2936.629,N,10141.279,E,03971,M,005558.12,A,,250509*73
$PMGNTRK,2936.634,N,10141.283,E,03971,M,005607.12,A,,250509*73
$PMGNTRK,2936.638,N,10141.287,E,03970,M,005616.11,A,,250509*79
$PMGNTRK,2936.643,N,10141.291,E,03971,M,005626.12,A,,250509*73
$PMGNTRK,2936.648,N,10141.294,E,03971,M,005637.11,A,,250509*7E
$PMGNTRK,2936.648,N,10141.300,E,03971,M,005650.13,A,,250509*71
$PMGNTRK,2936.651,N,10141.306,E,03970,M,005710.12,A,,250509*7A
$PMGNTRK,2936.655,N,10141.311,E,03970,M,005720.12,A,,250509*7B
$PMGNTRK,2936.657,N,10141.317,E,03970,M,005731.12,A,,250509*7F
$PMGNTRK,2936.659,N,10141.323,E,03968,M,005743.12,A,,250509*7A
$PMGNTRK,2936.660,N,10141.329,E,03968,M,005752.11,A,,250509*79
$PMGNTRK,2936.662,N,10141.336,E,03967,M,005802.12,A,,250509*73
$PMGNTRK,2936.662,N,10141.342,E,03967,M,005814.12,A,,250509*77
$PMGNTRK,2936.662,N,10141.349,E,03966,M,005825.12,A,,250509*7F
$PMGNTRK,2936.662,N,10141.355,E,03965,M,005835.12,A,,250509*70
$PMGNTRK,2936.661,N,10141.362,E,03964,M,005846.12,A,,250509*72
$PMGNTRK,2936.662,N,10141.368,E,03963,M,005859.12,A,,250509*72
$PMGNTRK,2936.662,N,10141.375,E,03962,M,005909.13,A,,250509*7A
$PMGNTRK,2936.661,N,10141.381,E,03961,M,005920.12,A,,250509*7B
$PMGNTRK,2936.661,N,10141.388,E,03960,M,005930.11,A,,250509*71
$PMGNTRK,2936.661,N,10141.394,E,03959,M,005940.12,A,,250509*72
$PMGNTRK,2936.660,N,10141.401,E,03959,M,005950.12,A,,250509*79
$PMGNTRK,2936.659,N,10141.407,E,03959,M,005959.13,A,,250509*7D
$PMGNTRK,2936.658,N,10141.414,E,03958,M,010009.12,A,,250509*76
$PMGNTRK,2936.658,N,10141.421,E,03956,M,010020.12,A,,250509*75
$PMGNTRK,2936.657,N,10141.427,E,03954,M,010030.12,A,,250509*7F
$PMGNTRK,2936.658,N,10141.433,E,03953,M,010040.13,A,,250509*74
$PMGNTRK,2936.659,N,10141.440,E,03952,M,010052.11,A,,250509*71
$PMGNTRK,2936.660,N,10141.446,E,03950,M,010104.11,A,,250509*7D
$PMGNTRK,2936.661,N,10141.452,E,03949,M,010121.12,A,,250509*75
$PMGNTRK,2936.661,N,10141.459,E,03948,M,010131.13,A,,250509*7F
$PMGNTRK,2936.662,N,10141.466,E,03947,M,010140.12,A,,250509*78
$PMGNTRK,2936.663,N,10141.472,E,03947,M,010149.12,A,,250509*75
$PMGNTRK,2936.663,N,10141.479,E,03946,M,010159.12,A,,250509*7E
$PMGNTRK,2936.662,N,10141.486,E,03945,M,010209.11,A,,250509*79
$PMGNTRK,2936.662,N,10141.492,E,03944,M,010218.12,A,,250509*7E
$PMGNTRK,2936.663,N,10141.499,E,03944,M,010228.11,A,,250509*74
$PMGNTRK,2936.663,N,10141.506,E,03943,M,010238.12,A,,250509*76
$PMGNTRK,2936.663,N,10141.512,E,03942,M,010247.11,A,,250509*79
$PMGNTRK,2936.663,N,10141.518,E,03942,M,010256.11,A,,250509*73
$PMGNTRK,2936.664,N,10141.525,E,03941,M,010304.12,A,,250509*7C
$PMGNTRK,2936.665,N,10141.531,E,03940,M,010313.12,A,,250509*7F
$PMGNTRK,2936.667,N,10141.537,E,03939,M,010321.13,A,,250509*75
$PMGNTRK,2936.669,N,10141.543,E,03939,M,010330.13,A,,250509*78
$PMGNTRK,2936.669,N,10141.550,E,03939,M,010339.12,A,,250509*72
$PMGNTRK,2936.669,N,10141.557,E,03938,M,010348.11,A,,250509*71
$PMGNTRK,2936.669,N,10141.563,E,03938,M,010357.13,A,,250509*7A
$PMGNTRK,2936.668,N,10141.570,E,03937,M,010406.13,A,,250509*75
$PMGNTRK,2936.666,N,10141.576,E,03936,M,010415.13,A,,250509*7E
$PMGNTRK,2936.665,N,10141.582,E,03935,M,010424.12,A,,250509*76
$PMGNTRK,2936.665,N,10141.589,E,03934,M,010434.11,A,,250509*7E
$PMGNTRK,2936.666,N,10141.596,E,03934,M,010511.12,A,,250509*76
$PMGNTRK,2936.664,N,10141.602,E,03933,M,010520.12,A,,250509*7F
$PMGNTRK,2936.662,N,10141.609,E,03933,M,010530.13,A,,250509*72
$PMGNTRK,2936.660,N,10141.615,E,03933,M,010539.13,A,,250509*74
$PMGNTRK,2936.657,N,10141.620,E,03932,M,010548.12,A,,250509*70
$PMGNTRK,2936.653,N,10141.625,E,03932,M,010557.12,A,,250509*7F
$PMGNTRK,2936.651,N,10141.631,E,03932,M,010605.12,A,,250509*7C
$PMGNTRK,2936.648,N,10141.637,E,03931,M,010614.13,A,,250509*70
$PMGNTRK,2936.646,N,10141.643,E,03930,M,010623.12,A,,250509*79
$PMGNTRK,2936.644,N,10141.649,E,03930,M,010631.12,A,,250509*72
$PMGNTRK,2936.642,N,10141.655,E,03930,M,010640.12,A,,250509*7F
$PMGNTRK,2936.640,N,10141.661,E,03930,M,010648.13,A,,250509*73
$PMGNTRK,2936.638,N,10141.667,E,03930,M,010656.12,A,,250509*74
$PMGNTRK,2936.638,N,10141.674,E,03929,M,010705.12,A,,250509*79
$PMGNTRK,2936.638,N,10141.680,E,03928,M,010716.13,A,,250509*70
$PMGNTRK,2936.638,N,10141.687,E,03927,M,010725.11,A,,250509*7A
$PMGNTRK,2936.643,N,10141.690,E,03925,M,010735.13,A,,250509*71
$PMGNTRK,2936.649,N,10141.691,E,03924,M,010744.13,A,,250509*7D
$PMGNTRK,2936.653,N,10141.695,E,03922,M,010752.12,A,,250509*72
$PMGNTRK,2936.654,N,10141.701,E,03922,M,010802.13,A,,250509*72
$PMGNTRK,2936.656,N,10141.707,E,03922,M,010812.13,A,,250509*77
$PMGNTRK,2936.658,N,10141.714,E,03922,M,011044.13,A,,250509*71
$PMGNTRK,2936.660,N,10141.719,E,03921,M,011055.12,A,,250509*75
$PMGNTRK,2936.663,N,10141.725,E,03921,M,011106.12,A,,250509*7E
$PMGNTRK,2936.666,N,10141.731,E,03921,M,011117.13,A,,250509*7F
$PMGNTRK,2936.670,N,10141.737,E,03921,M,011128.13,A,,250509*72
$PMGNTRK,2936.673,N,10141.741,E,03922,M,011137.13,A,,250509*7D
$PMGNTRK,2936.678,N,10141.746,E,03921,M,011148.12,A,,250509*7B
$PMGNTRK,2936.682,N,10141.750,E,03921,M,011158.12,A,,250509*78
$PMGNTRK,2936.687,N,10141.755,E,03924,M,011208.13,A,,250509*7A
$PMGNTRK,2936.691,N,10141.758,E,03923,M,011217.13,A,,250509*79
$PMGNTRK,2936.694,N,10141.764,E,03923,M,011227.13,A,,250509*70
$PMGNTRK,2936.695,N,10141.771,E,03924,M,011236.13,A,,250509*72
$PMGNTRK,2936.696,N,10141.777,E,03924,M,011247.12,A,,250509*70
$PMGNTRK,2936.698,N,10141.784,E,03925,M,011256.12,A,,250509*73
$PMGNTRK,2936.697,N,10141.793,E,03925,M,011311.13,A,,250509*79
$PMGNTRK,2936.696,N,10141.799,E,03926,M,011322.12,A,,250509*70
$PMGNTRK,2936.693,N,10141.805,E,03926,M,011333.13,A,,250509*7E
$PMGNTRK,2936.689,N,10141.809,E,03927,M,011343.14,A,,250509*78
$PMGNTRK,2936.684,N,10141.813,E,03928,M,011354.14,A,,250509*77
$PMGNTRK,2936.682,N,10141.819,E,03928,M,011408.13,A,,250509*72
$PMGNTRK,2936.683,N,10141.826,E,03928,M,011419.13,A,,250509*7F
$PMGNTRK,2936.683,N,10141.832,E,03928,M,011429.14,A,,250509*7E
$PMGNTRK,2936.684,N,10141.839,E,03928,M,011439.14,A,,250509*73
$PMGNTRK,2936.685,N,10141.845,E,03929,M,011448.13,A,,250509*79
$PMGNTRK,2936.684,N,10141.851,E,03930,M,011458.14,A,,250509*73
$PMGNTRK,2936.682,N,10141.857,E,03930,M,011507.13,A,,250509*7F
$PMGNTRK,2936.679,N,10141.863,E,03929,M,011526.14,A,,250509*70
$PMGNTRK,2936.675,N,10141.868,E,03929,M,011538.14,A,,250509*78
$PMGNTRK,2936.673,N,10141.874,E,03931,M,011547.12,A,,250509*74
$PMGNTRK,2936.669,N,10141.879,E,03932,M,011556.14,A,,250509*77
$PMGNTRK,2936.667,N,10141.884,E,03932,M,011609.13,A,,250509*75
$PMGNTRK,2936.664,N,10141.891,E,03931,M,011631.13,A,,250509*7A
$PMGNTRK,2936.665,N,10141.897,E,03932,M,011646.14,A,,250509*79
$PMGNTRK,2936.666,N,10141.904,E,03933,M,011701.13,A,,250509*75
$PMGNTRK,2936.667,N,10141.910,E,03935,M,011717.13,A,,250509*70
$PMGNTRK,2936.670,N,10141.916,E,03934,M,011731.13,A,,250509*75
$PMGNTRK,2936.671,N,10141.922,E,03936,M,011754.13,A,,250509*72
$PMGNTRK,2936.673,N,10141.928,E,03938,M,011810.14,A,,250509*7C
$PMGNTRK,2936.675,N,10141.934,E,03940,M,011826.14,A,,250509*7D
$PMGNTRK,2936.676,N,10141.941,E,03941,M,011843.14,A,,250509*7E
$PMGNTRK,2936.678,N,10141.947,E,03943,M,011900.13,A,,250509*75
$PMGNTRK,2936.680,N,10141.952,E,03944,M,011915.14,A,,250509*72
$PMGNTRK,2936.682,N,10141.959,E,03946,M,011931.14,A,,250509*7F
$PMGNTRK,2936.684,N,10141.964,E,03947,M,011946.14,A,,250509*76
$PMGNTRK,2936.685,N,10141.971,E,03948,M,012011.13,A,,250509*73
$PMGNTRK,2936.688,N,10141.976,E,03948,M,012026.14,A,,250509*7A
$PMGNTRK,2936.690,N,10141.982,E,03951,M,012040.14,A,,250509*70
$PMGNTRK,2936.693,N,10141.988,E,03950,M,012056.14,A,,250509*7F
$PMGNTRK,2936.695,N,10141.994,E,03951,M,012123.13,A,,250509*71
$PMGNTRK,2936.696,N,10142.000,E,03952,M,012149.14,A,,250509*7D
$PMGNTRK,2936.698,N,10142.007,E,03954,M,012203.14,A,,250509*7F
$PMGNTRK,2936.700,N,10142.013,E,03955,M,012218.14,A,,250509*71
$PMGNTRK,2936.700,N,10142.019,E,03961,M,012411.14,A,,250509*73
$PMGNTRK,2936.700,N,10142.025,E,03963,M,012436.14,A,,250509*7B
$PMGNTRK,2936.699,N,10142.031,E,03966,M,012452.14,A,,250509*78
$PMGNTRK,2936.698,N,10142.037,E,03968,M,012515.14,A,,250509*73
$PMGNTRK,2936.697,N,10142.043,E,03972,M,012534.14,A,,250509*77
$PMGNTRK,2936.698,N,10142.050,E,03975,M,012553.14,A,,250509*7C
$PMGNTRK,2936.699,N,10142.056,E,03974,M,012640.15,A,,250509*7A
$PMGNTRK,2936.699,N,10142.062,E,03980,M,012921.14,A,,250509*7F
$PMGNTRK,2936.700,N,10142.069,E,03981,M,012939.15,A,,250509*7C
$PMGNTRK,2936.702,N,10142.075,E,03983,M,012958.15,A,,250509*76
$PMGNTRK,2936.701,N,10142.081,E,03987,M,013025.15,A,,250509*78
$PMGNTRK,2936.702,N,10142.087,E,03989,M,013049.15,A,,250509*79
$PMGNTRK,2936.703,N,10142.093,E,03990,M,013112.15,A,,250509*7A
$PMGNTRK,2936.705,N,10142.099,E,03992,M,013130.16,A,,250509*77
$PMGNTRK,2936.706,N,10142.105,E,03992,M,013150.15,A,,250509*75
$PMGNTRK,2936.706,N,10142.112,E,03993,M,013211.15,A,,250509*74
$PMGNTRK,2936.707,N,10142.118,E,03995,M,013229.17,A,,250509*70
$PMGNTRK,2936.707,N,10142.125,E,03997,M,013246.15,A,,250509*77
$PMGNTRK,2936.708,N,10142.131,E,03999,M,013302.15,A,,250509*72
$PMGNTRK,2936.709,N,10142.137,E,04001,M,013317.16,A,,250509*7D
$PMGNTRK,2936.708,N,10142.143,E,04003,M,013332.16,A,,250509*7A
$PMGNTRK,2936.708,N,10142.150,E,04004,M,013349.15,A,,250509*70
$PMGNTRK,2936.708,N,10142.157,E,04004,M,013403.17,A,,250509*7C
$PMGNTRK,2936.708,N,10142.163,E,04005,M,013416.16,A,,250509*7F
$PMGNTRK,2936.708,N,10142.170,E,04006,M,013429.17,A,,250509*73
$PMGNTRK,2936.709,N,10142.176,E,04006,M,013442.16,A,,250509*78
$PMGNTRK,2936.709,N,10142.183,E,04007,M,013455.16,A,,250509*75
$PMGNTRK,2936.708,N,10142.189,E,04009,M,013509.16,A,,250509*78
$PMGNTRK,2936.708,N,10142.196,E,04010,M,013523.15,A,,250509*75
$PMGNTRK,2936.708,N,10142.202,E,04011,M,013536.16,A,,250509*7D
$PMGNTRK,2936.707,N,10142.209,E,04013,M,013548.15,A,,250509*71
$PMGNTRK,2936.707,N,10142.215,E,04012,M,013601.16,A,,250509*70
$PMGNTRK,2936.706,N,10142.221,E,04013,M,013612.17,A,,250509*74
$PMGNTRK,2936.706,N,10142.228,E,04013,M,013623.16,A,,250509*7E
$PMGNTRK,2936.708,N,10142.234,E,04012,M,013700.16,A,,250509*7C
$PMGNTRK,2936.708,N,10142.240,E,04011,M,013710.15,A,,250509*7E
$PMGNTRK,2936.708,N,10142.247,E,04010,M,013721.16,A,,250509*79
$PMGNTRK,2936.709,N,10142.253,E,04010,M,013732.16,A,,250509*7F
$PMGNTRK,2936.711,N,10142.259,E,04009,M,013751.16,A,,250509*71
$PMGNTRK,2936.713,N,10142.265,E,04009,M,013808.16,A,,250509*7F
$PMGNTRK,2936.715,N,10142.271,E,04011,M,013824.16,A,,250509*7B
$PMGNTRK,2936.719,N,10142.275,E,04013,M,013838.16,A,,250509*7C
$PMGNTRK,2936.724,N,10142.280,E,04013,M,013905.17,A,,250509*76
$PMGNTRK,2936.728,N,10142.283,E,04012,M,014109.17,A,,250509*7B
$PMGNTRK,2936.731,N,10142.289,E,04010,M,014305.18,A,,250509*7A
$PMGNTRK,2936.734,N,10142.294,E,04014,M,014403.16,A,,250509*78
$PMGNTRK,2936.738,N,10142.298,E,04016,M,014418.17,A,,250509*71
$PMGNTRK,2936.740,N,10142.304,E,04020,M,014434.17,A,,250509*71
$PMGNTRK,2936.738,N,10142.309,E,04025,M,014458.17,A,,250509*7C
$PMGNTRK,2936.737,N,10142.316,E,04031,M,014522.17,A,,250509*74
$PMGNTRK,2936.735,N,10142.322,E,04037,M,014546.16,A,,250509*74
$PMGNTRK,2936.733,N,10142.328,E,04041,M,014626.18,A,,250509*72
$PMGNTRK,2936.730,N,10142.333,E,04048,M,014649.18,A,,250509*7B
$PMGNTRK,2936.730,N,10142.339,E,04050,M,014709.17,A,,250509*72
$PMGNTRK,2936.729,N,10142.345,E,04051,M,014733.17,A,,250509*79
$PMGNTRK,2936.726,N,10142.351,E,04055,M,014800.18,A,,250509*77
$PMGNTRK,2936.723,N,10142.356,E,04058,M,014820.18,A,,250509*7A
$PMGNTRK,2936.720,N,10142.361,E,04061,M,014850.18,A,,250509*70
$PMGNTRK,2936.718,N,10142.368,E,04064,M,014914.18,A,,250509*76
$PMGNTRK,2936.716,N,10142.374,E,04064,M,014935.18,A,,250509*76
$PMGNTRK,2936.713,N,10142.379,E,04071,M,014954.18,A,,250509*7D
$PMGNTRK,2936.710,N,10142.384,E,04072,M,015010.17,A,,250509*78
$PMGNTRK,2936.708,N,10142.391,E,04071,M,015045.18,A,,250509*79
$PMGNTRK,2936.708,N,10142.397,E,04071,M,015105.18,A,,250509*7A
$PMGNTRK,2936.706,N,10142.403,E,04071,M,015121.18,A,,250509*78
$PMGNTRK,2936.704,N,10142.409,E,04072,M,015141.18,A,,250509*75
$PMGNTRK,2936.701,N,10142.415,E,04072,M,015156.18,A,,250509*7B
$PMGNTRK,2936.699,N,10142.421,E,04075,M,015215.18,A,,250509*7F
$PMGNTRK,2936.696,N,10142.426,E,04080,M,015237.19,A,,250509*7C
$PMGNTRK,2936.694,N,10142.432,E,04081,M,015259.18,A,,250509*73
$PMGNTRK,2936.691,N,10142.438,E,04084,M,015316.18,A,,250509*73
$PMGNTRK,2936.691,N,10142.444,E,04083,M,015342.19,A,,250509*7F
$PMGNTRK,2936.693,N,10142.450,E,04074,M,015458.18,A,,250509*7D
$PMGNTRK,2936.692,N,10142.456,E,04075,M,015843.18,A,,250509*7D
$PMGNTRK,2936.689,N,10142.461,E,04082,M,015924.19,A,,250509*7A
$PMGNTRK,2936.686,N,10142.467,E,04083,M,015951.20,A,,250509*7A
$PMGNTRK,2936.683,N,10142.472,E,04085,M,020038.21,A,,250509*7C
$PMGNTRK,2936.679,N,10142.477,E,04085,M,020112.19,A,,250509*7E
$PMGNTRK,2936.676,N,10142.482,E,04088,M,020129.20,A,,250509*74
$PMGNTRK,2936.673,N,10142.488,E,04087,M,020204.20,A,,250509*78
$PMGNTRK,2936.674,N,10142.494,E,04083,M,020256.20,A,,250509*71
$PMGNTRK,2936.674,N,10142.500,E,04084,M,020407.19,A,,250509*72
$PMGNTRK,2936.669,N,10142.504,E,04088,M,020559.21,A,,250509*77
$PMGNTRK,2936.667,N,10142.509,E,04092,M,020616.19,A,,250509*7C
$PMGNTRK,2936.665,N,10142.516,E,04096,M,020634.21,A,,250509*7F
$PMGNTRK,2936.664,N,10142.522,E,04099,M,020658.20,A,,250509*7D
$PMGNTRK,2936.662,N,10142.528,E,04098,M,020750.20,A,,250509*79
$PMGNTRK,2936.659,N,10142.533,E,04104,M,020805.21,A,,250509*71
$PMGNTRK,2936.656,N,10142.539,E,04106,M,020819.21,A,,250509*7B
$PMGNTRK,2936.654,N,10142.545,E,04109,M,020834.21,A,,250509*72
$PMGNTRK,2936.651,N,10142.550,E,04111,M,020854.20,A,,250509*7D
$PMGNTRK,2936.648,N,10142.556,E,04115,M,020911.21,A,,250509*76
$PMGNTRK,2936.646,N,10142.562,E,04116,M,020923.19,A,,250509*76
$PMGNTRK,2936.644,N,10142.568,E,04119,M,020939.21,A,,250509*71
$PMGNTRK,2936.642,N,10142.574,E,04122,M,020956.20,A,,250509*7A
$PMGNTRK,2936.640,N,10142.580,E,04123,M,021011.20,A,,250509*79
$PMGNTRK,2936.639,N,10142.587,E,04124,M,021026.21,A,,250509*72
$PMGNTRK,2936.637,N,10142.593,E,04127,M,021046.20,A,,250509*7D
$PMGNTRK,2936.635,N,10142.599,E,04130,M,021103.20,A,,250509*73
$PMGNTRK,2936.631,N,10142.604,E,04134,M,021121.20,A,,250509*74
$PMGNTRK,2936.629,N,10142.610,E,04137,M,021140.20,A,,250509*7C
$PMGNTRK,2936.627,N,10142.616,E,04140,M,021200.21,A,,250509*72
$PMGNTRK,2936.626,N,10142.622,E,04139,M,021220.21,A,,250509*78
$PMGNTRK,2936.625,N,10142.629,E,04141,M,021235.21,A,,250509*7B
$PMGNTRK,2936.625,N,10142.635,E,04142,M,021300.21,A,,250509*72
$PMGNTRK,2936.624,N,10142.641,E,04144,M,021317.21,A,,250509*70
$PMGNTRK,2936.625,N,10142.648,E,04147,M,021339.20,A,,250509*76
$PMGNTRK,2936.629,N,10142.652,E,04145,M,021401.21,A,,250509*7E
$PMGNTRK,2936.633,N,10142.657,E,04138,M,021500.21,A,,250509*7A
$PMGNTRK,2936.632,N,10142.663,E,04136,M,021739.21,A,,250509*7A
$PMGNTRK,2936.630,N,10142.669,E,04137,M,021755.21,A,,250509*79
$PMGNTRK,2936.629,N,10142.675,E,04139,M,021811.21,A,,250509*7D
$PMGNTRK,2936.627,N,10142.682,E,04139,M,021832.21,A,,250509*7A
$PMGNTRK,2936.626,N,10142.688,E,04141,M,021850.20,A,,250509*7B
$PMGNTRK,2936.626,N,10142.695,E,04143,M,021910.21,A,,250509*71
$PMGNTRK,2936.624,N,10142.701,E,04144,M,021929.22,A,,250509*71
$PMGNTRK,2936.621,N,10142.706,E,04146,M,021948.22,A,,250509*76
$PMGNTRK,2936.619,N,10142.712,E,04148,M,022009.22,A,,250509*79
$PMGNTRK,2936.616,N,10142.718,E,04150,M,022029.21,A,,250509*74
$PMGNTRK,2936.613,N,10142.723,E,04152,M,022049.22,A,,250509*7E
$PMGNTRK,2936.610,N,10142.729,E,04153,M,022117.22,A,,250509*7C
$PMGNTRK,2936.608,N,10142.735,E,04156,M,022134.22,A,,250509*7C
$PMGNTRK,2936.606,N,10142.741,E,04159,M,022152.22,A,,250509*7E
$PMGNTRK,2936.605,N,10142.747,E,04163,M,022212.22,A,,250509*75
$PMGNTRK,2936.601,N,10142.752,E,04165,M,022229.23,A,,250509*7A
$PMGNTRK,2936.597,N,10142.757,E,04166,M,022245.21,A,,250509*78
$PMGNTRK,2936.594,N,10142.761,E,04170,M,022303.22,A,,250509*79
$PMGNTRK,2936.591,N,10142.767,E,04172,M,022337.22,A,,250509*7F
$PMGNTRK,2936.588,N,10142.773,E,04173,M,022358.23,A,,250509*7B
$PMGNTRK,2936.585,N,10142.777,E,04176,M,022418.22,A,,250509*75
$PMGNTRK,2936.582,N,10142.783,E,04178,M,022437.22,A,,250509*7A
$PMGNTRK,2936.579,N,10142.789,E,04181,M,022459.22,A,,250509*7A
$PMGNTRK,2936.576,N,10142.794,E,04183,M,022521.22,A,,250509*75
$PMGNTRK,2936.572,N,10142.799,E,04184,M,022540.23,A,,250509*7D
$PMGNTRK,2936.568,N,10142.804,E,04186,M,022559.23,A,,250509*77
$PMGNTRK,2936.564,N,10142.808,E,04183,M,022724.23,A,,250509*7A
$PMGNTRK,2936.560,N,10142.812,E,04184,M,022828.22,A,,250509*70
$PMGNTRK,2936.556,N,10142.817,E,04187,M,022845.23,A,,250509*79
$PMGNTRK,2936.551,N,10142.820,E,04189,M,022903.24,A,,250509*70
$PMGNTRK,2936.546,N,10142.823,E,04190,M,022919.22,A,,250509*70
$PMGNTRK,2936.541,N,10142.827,E,04191,M,022940.23,A,,250509*7F
$PMGNTRK,2936.537,N,10142.830,E,04194,M,022958.23,A,,250509*74
$PMGNTRK,2936.532,N,10142.833,E,04197,M,023015.23,A,,250509*70
$PMGNTRK,2936.527,N,10142.836,E,04199,M,023034.22,A,,250509*7D
$PMGNTRK,2936.522,N,10142.839,E,04201,M,023051.23,A,,250509*77
$PMGNTRK,2936.517,N,10142.843,E,04205,M,023110.23,A,,250509*7C
$PMGNTRK,2936.512,N,10142.845,E,04208,M,023126.24,A,,250509*70
$PMGNTRK,2936.507,N,10142.848,E,04212,M,023155.23,A,,250509*71
$PMGNTRK,2936.503,N,10142.852,E,04213,M,023217.24,A,,250509*7D
$PMGNTRK,2936.498,N,10142.854,E,04213,M,023235.23,A,,250509*7F
$PMGNTRK,2936.493,N,10142.857,E,04215,M,023252.23,A,,250509*70
$PMGNTRK,2936.488,N,10142.861,E,04218,M,023310.23,A,,250509*75
$PMGNTRK,2936.483,N,10142.864,E,04219,M,023328.23,A,,250509*71
$PMGNTRK,2936.479,N,10142.867,E,04220,M,023343.24,A,,250509*77
$PMGNTRK,2936.473,N,10142.870,E,04220,M,023359.24,A,,250509*70
$PMGNTRK,2936.468,N,10142.872,E,04222,M,023415.23,A,,250509*72
$PMGNTRK,2936.463,N,10142.874,E,04226,M,023437.24,A,,250509*7C
$PMGNTRK,2936.458,N,10142.875,E,04226,M,023513.24,A,,250509*72
$PMGNTRK,2936.453,N,10142.879,E,04229,M,023533.24,A,,250509*78
$PMGNTRK,2936.448,N,10142.882,E,04230,M,023550.24,A,,250509*7B
$PMGNTRK,2936.443,N,10142.884,E,04231,M,023606.24,A,,250509*77
$PMGNTRK,2936.438,N,10142.886,E,04232,M,024042.26,A,,250509*79
$PMGNTRK,2936.433,N,10142.891,E,04235,M,024100.25,A,,250509*77
$PMGNTRK,2936.428,N,10142.893,E,04236,M,024117.24,A,,250509*7B
$PMGNTRK,2936.423,N,10142.895,E,04237,M,024137.25,A,,250509*74
$PMGNTRK,2936.418,N,10142.898,E,04239,M,024216.26,A,,250509*7C
$PMGNTRK,2936.413,N,10142.900,E,04240,M,024237.24,A,,250509*78
$PMGNTRK,2936.408,N,10142.903,E,04243,M,024300.24,A,,250509*77
$PMGNTRK,2936.402,N,10142.905,E,04245,M,024323.25,A,,250509*7D
$PMGNTRK,2936.397,N,10142.907,E,04247,M,024340.26,A,,250509*70
$PMGNTRK,2936.391,N,10142.909,E,04249,M,024358.25,A,,250509*7C
$PMGNTRK,2936.386,N,10142.911,E,04250,M,024417.26,A,,250509*74
$PMGNTRK,2936.381,N,10142.913,E,04252,M,024433.25,A,,250509*76
$PMGNTRK,2936.375,N,10142.914,E,04253,M,024449.25,A,,250509*76
$PMGNTRK,2936.370,N,10142.915,E,04254,M,024508.25,A,,250509*71
$PMGNTRK,2936.364,N,10142.916,E,04257,M,024526.25,A,,250509*78
$PMGNTRK,2936.359,N,10142.917,E,04260,M,024641.25,A,,250509*71
$PMGNTRK,2936.354,N,10142.919,E,04261,M,024659.26,A,,250509*79
$PMGNTRK,2936.348,N,10142.921,E,04262,M,024717.26,A,,250509*77
$PMGNTRK,2936.343,N,10142.923,E,04264,M,024737.27,A,,250509*7B
$PMGNTRK,2936.337,N,10142.924,E,04266,M,024756.27,A,,250509*7A
$PMGNTRK,2936.332,N,10142.926,E,04269,M,024814.27,A,,250509*7B
$PMGNTRK,2936.327,N,10142.929,E,04271,M,024836.27,A,,250509*79
$PMGNTRK,2936.322,N,10142.931,E,04273,M,024852.27,A,,250509*75
$PMGNTRK,2936.317,N,10142.934,E,04274,M,024911.25,A,,250509*75
$PMGNTRK,2936.312,N,10142.937,E,04277,M,024939.27,A,,250509*78
$PMGNTRK,2936.308,N,10142.942,E,04281,M,025111.26,A,,250509*7A
$PMGNTRK,2936.304,N,10142.946,E,04282,M,025125.26,A,,250509*76
$PMGNTRK,2936.300,N,10142.950,E,04284,M,025139.26,A,,250509*7E
$PMGNTRK,2936.297,N,10142.955,E,04286,M,025154.27,A,,250509*7C
$PMGNTRK,2936.294,N,10142.960,E,04289,M,025218.27,A,,250509*7D
$PMGNTRK,2936.290,N,10142.965,E,04291,M,025257.26,A,,250509*7F
$PMGNTRK,2936.292,N,10142.971,E,04293,M,025414.26,A,,250509*7B
$PMGNTRK,2936.288,N,10142.976,E,04297,M,030110.27,A,,250509*77
$PMGNTRK,2936.284,N,10142.981,E,04298,M,030123.27,A,,250509*7C
$PMGNTRK,2936.281,N,10142.986,E,04299,M,030151.28,A,,250509*75
$PMGNTRK,2936.280,N,10142.992,E,04299,M,030211.27,A,,250509*79
$PMGNTRK,2936.278,N,10142.998,E,04302,M,030233.28,A,,250509*78
$PMGNTRK,2936.274,N,10143.003,E,04305,M,030255.27,A,,250509*76
$PMGNTRK,2936.269,N,10143.007,E,04308,M,030320.28,A,,250509*7F
$PMGNTRK,2936.265,N,10143.011,E,04310,M,030351.27,A,,250509*74
$PMGNTRK,2936.261,N,10143.015,E,04312,M,030419.27,A,,250509*7D
$PMGNTRK,2936.258,N,10143.020,E,04316,M,030442.27,A,,250509*7B
$PMGNTRK,2936.254,N,10143.025,E,04322,M,030504.28,A,,250509*79
$PMGNTRK,2936.249,N,10143.029,E,04324,M,030525.28,A,,250509*7C
$PMGNTRK,2936.245,N,10143.032,E,04327,M,030548.27,A,,250509*7D
$PMGNTRK,2936.240,N,10143.036,E,04329,M,030614.28,A,,250509*77
$PMGNTRK,2936.235,N,10143.040,E,04331,M,030636.28,A,,250509*7D
$PMGNTRK,2936.232,N,10143.045,E,04334,M,030736.28,A,,250509*7B
$PMGNTRK,2936.229,N,10143.050,E,04335,M,030815.28,A,,250509*7A
$PMGNTRK,2936.225,N,10143.055,E,04340,M,030840.28,A,,250509*71
$PMGNTRK,2936.222,N,10143.060,E,04344,M,030912.28,A,,250509*72
$PMGNTRK,2936.220,N,10143.066,E,04347,M,030948.28,A,,250509*7A
$PMGNTRK,2936.217,N,10143.071,E,04350,M,031009.28,A,,250509*73
$PMGNTRK,2936.214,N,10143.076,E,04351,M,031104.29,A,,250509*7B
$PMGNTRK,2936.210,N,10143.081,E,04354,M,031123.29,A,,250509*77
$PMGNTRK,2936.207,N,10143.086,E,04357,M,031143.29,A,,250509*73
$PMGNTRK,2936.203,N,10143.091,E,04360,M,031225.29,A,,250509*76
$PMGNTRK,2936.199,N,10143.095,E,04363,M,031245.29,A,,250509*77
$PMGNTRK,2936.196,N,10143.100,E,04366,M,031315.29,A,,250509*74
$PMGNTRK,2936.192,N,10143.104,E,04368,M,031413.29,A,,250509*7B
$PMGNTRK,2936.189,N,10143.109,E,04373,M,031455.29,A,,250509*74
$PMGNTRK,2936.185,N,10143.113,E,04376,M,031552.29,A,,250509*70
$PMGNTRK,2936.182,N,10143.119,E,04375,M,031627.29,A,,250509*7F
$PMGNTRK,2936.178,N,10143.124,E,04379,M,031658.30,A,,250509*78
$PMGNTRK,2936.174,N,10143.128,E,04384,M,031750.30,A,,250509*73
$PMGNTRK,2936.171,N,10143.133,E,04385,M,031811.30,A,,250509*77
$PMGNTRK,2936.167,N,10143.138,E,04387,M,031838.30,A,,250509*72
$PMGNTRK,2936.164,N,10143.143,E,04382,M,032036.30,A,,250509*7D
$PMGNTRK,2936.161,N,10143.148,E,04387,M,032057.30,A,,250509*71
$PMGNTRK,2936.157,N,10143.153,E,04391,M,032135.30,A,,250509*7C
$PMGNTRK,2936.153,N,10143.157,E,04395,M,032205.30,A,,250509*78
$PMGNTRK,2936.149,N,10143.161,E,04397,M,032234.29,A,,250509*7E
$PMGNTRK,2936.144,N,10143.165,E,04401,M,032307.29,A,,250509*7E
$PMGNTRK,2936.140,N,10143.169,E,04404,M,032325.30,A,,250509*7B
$PMGNTRK,2936.135,N,10143.172,E,04405,M,032410.31,A,,250509*72
$PMGNTRK,2936.130,N,10143.175,E,04408,M,032503.31,A,,250509*7E
$PMGNTRK,2936.125,N,10143.177,E,04410,M,032523.30,A,,250509*72
$PMGNTRK,2936.119,N,10143.176,E,04410,M,032548.31,A,,250509*70
$PMGNTRK,2936.115,N,10143.181,E,04415,M,032658.31,A,,250509*73
$PMGNTRK,2936.113,N,10143.187,E,04419,M,032746.30,A,,250509*70
$PMGNTRK,2936.111,N,10143.193,E,04421,M,032812.30,A,,250509*72
$PMGNTRK,2936.106,N,10143.196,E,04423,M,032952.31,A,,250509*77
$PMGNTRK,2936.103,N,10143.202,E,04424,M,033030.33,A,,250509*75
$PMGNTRK,2936.100,N,10143.207,E,04426,M,033058.33,A,,250509*7F
$PMGNTRK,2936.097,N,10143.213,E,04429,M,033119.32,A,,250509*7F
$PMGNTRK,2936.095,N,10143.218,E,04432,M,033218.32,A,,250509*7E
$PMGNTRK,2936.091,N,10143.224,E,04434,M,033240.31,A,,250509*7D
$PMGNTRK,2936.088,N,10143.228,E,04436,M,033321.33,A,,250509*7F
$PMGNTRK,2936.087,N,10143.234,E,04438,M,033438.32,A,,250509*7D
$PMGNTRK,2936.085,N,10143.240,E,04439,M,033538.32,A,,250509*7C
$PMGNTRK,2936.082,N,10143.246,E,04444,M,033606.32,A,,250509*79
$PMGNTRK,2936.081,N,10143.252,E,04447,M,033656.33,A,,250509*78
$PMGNTRK,2936.079,N,10143.258,E,04449,M,033755.33,A,,250509*79
$PMGNTRK,2936.079,N,10143.265,E,04454,M,033902.32,A,,250509*76
$PMGNTRK,2936.081,N,10143.270,E,04460,M,033939.33,A,,250509*7B
$PMGNTRK,2936.079,N,10143.276,E,04463,M,034015.32,A,,250509*78
$PMGNTRK,2936.082,N,10143.282,E,04468,M,034059.34,A,,250509*72
$PMGNTRK,2936.085,N,10143.287,E,04471,M,034156.33,A,,250509*71
$PMGNTRK,2936.082,N,10143.293,E,04474,M,034243.33,A,,250509*71
$PMGNTRK,2936.080,N,10143.299,E,04476,M,034325.33,A,,250509*7A
$PMGNTRK,2936.078,N,10143.304,E,04476,M,034511.34,A,,250509*7E
$PMGNTRK,2936.077,N,10143.311,E,04478,M,035036.35,A,,250509*7B
$PMGNTRK,2936.076,N,10143.317,E,04482,M,035108.34,A,,250509*74
$PMGNTRK,2936.075,N,10143.323,E,04485,M,035144.35,A,,250509*7E
$PMGNTRK,2936.071,N,10143.328,E,04489,M,035226.35,A,,250509*7A
$PMGNTRK,2936.068,N,10143.333,E,04493,M,035319.35,A,,250509*7E
$PMGNTRK,2936.067,N,10143.339,E,04500,M,035406.35,A,,250509*79
$PMGNTRK,2936.063,N,10143.344,E,04502,M,035459.34,A,,250509*7E
$PMGNTRK,2936.059,N,10143.349,E,04507,M,035551.35,A,,250509*77
$PMGNTRK,2936.054,N,10143.352,E,04509,M,035629.35,A,,250509*72
$PMGNTRK,2936.049,N,10143.354,E,04512,M,035707.36,A,,250509*7C
$PMGNTRK,2936.044,N,10143.355,E,04514,M,035744.35,A,,250509*72
$PMGNTRK,2936.038,N,10143.357,E,04517,M,035822.35,A,,250509*77
$PMGNTRK,2936.032,N,10143.357,E,04518,M,035859.35,A,,250509*7E
$PMGNTRK,2936.027,N,10143.358,E,04522,M,035942.36,A,,250509*74
$PMGNTRK,2936.021,N,10143.359,E,04523,M,040009.35,A,,250509*75
$PMGNTRK,2936.016,N,10143.360,E,04524,M,040027.36,A,,250509*73
$PMGNTRK,2936.011,N,10143.361,E,04526,M,040102.36,A,,250509*71
$PMGNTRK,2936.006,N,10143.364,E,04527,M,040133.35,A,,250509*72
$PMGNTRK,2936.001,N,10143.368,E,04528,M,040153.36,A,,250509*73
$PMGNTRK,2935.996,N,10143.371,E,04531,M,040212.36,A,,250509*71
$PMGNTRK,2935.992,N,10143.375,E,04535,M,040258.36,A,,250509*7B
$PMGNTRK,2935.987,N,10143.379,E,04537,M,040329.36,A,,250509*76
$PMGNTRK,2935.983,N,10143.383,E,04541,M,040405.35,A,,250509*7C
$PMGNTRK,2935.979,N,10143.388,E,04544,M,040432.38,A,,250509*7E
$PMGNTRK,2935.975,N,10143.392,E,04548,M,040515.37,A,,250509*7E
$PMGNTRK,2935.972,N,10143.397,E,04550,M,040539.37,A,,250509*7B
$PMGNTRK,2935.967,N,10143.400,E,04555,M,040622.36,A,,250509*7B
$PMGNTRK,2935.967,N,10143.406,E,04560,M,040718.36,A,,250509*73
$PMGNTRK,2935.962,N,10143.407,E,04563,M,040756.36,A,,250509*7E
$PMGNTRK,2935.960,N,10143.413,E,04568,M,040851.37,A,,250509*7B
$PMGNTRK,2935.955,N,10143.416,E,04570,M,040937.36,A,,250509*71
$PMGNTRK,2935.952,N,10143.420,E,04573,M,041025.36,A,,250509*7B
$PMGNTRK,2935.953,N,10143.427,E,04578,M,061605.54,A,,250509*74
$PMGNTRK,2935.955,N,10143.433,E,04575,M,061621.54,A,,250509*7C
$PMGNTRK,2935.956,N,10143.439,E,04570,M,061640.53,A,,250509*70
$PMGNTRK,2935.959,N,10143.444,E,04568,M,061700.53,A,,250509*79
$PMGNTRK,2935.962,N,10143.450,E,04565,M,061714.53,A,,250509*7C
$PMGNTRK,2935.961,N,10143.456,E,04565,M,061732.54,A,,250509*7A
$PMGNTRK,2935.960,N,10143.463,E,04566,M,061745.54,A,,250509*7E
$PMGNTRK,2935.959,N,10143.469,E,04570,M,061757.54,A,,250509*7A
$PMGNTRK,2935.957,N,10143.475,E,04574,M,061808.55,A,,250509*79
$PMGNTRK,2935.955,N,10143.481,E,04578,M,061820.55,A,,250509*76
$PMGNTRK,2935.953,N,10143.488,E,04582,M,061832.54,A,,250509*7E
$PMGNTRK,2935.952,N,10143.494,E,04591,M,061844.54,A,,250509*71
$PMGNTRK,2935.950,N,10143.500,E,04591,M,061859.55,A,,250509*72
$PMGNTRK,2935.949,N,10143.506,E,04581,M,061933.56,A,,250509*73
$PMGNTRK,2935.948,N,10143.513,E,04577,M,061946.55,A,,250509*7E
$PMGNTRK,2935.948,N,10143.519,E,04574,M,061958.55,A,,250509*78
$PMGNTRK,2935.947,N,10143.526,E,04571,M,062011.55,A,,250509*79
$PMGNTRK,2935.946,N,10143.532,E,04565,M,062039.55,A,,250509*72
$PMGNTRK,2935.945,N,10143.538,E,04564,M,062053.55,A,,250509*76
$PMGNTRK,2935.945,N,10143.545,E,04561,M,062105.55,A,,250509*7B
$PMGNTRK,2935.945,N,10143.551,E,04558,M,062116.56,A,,250509*75
$PMGNTRK,2935.944,N,10143.557,E,04555,M,062150.55,A,,250509*7E
$PMGNTRK,2935.945,N,10143.564,E,04549,M,062203.56,A,,250509*74
$PMGNTRK,2935.945,N,10143.570,E,04548,M,062214.55,A,,250509*75
$PMGNTRK,2935.945,N,10143.577,E,04547,M,062225.55,A,,250509*7F
$PMGNTRK,2935.944,N,10143.583,E,04544,M,062239.56,A,,250509*78
$PMGNTRK,2935.941,N,10143.588,E,04543,M,062250.57,A,,250509*7F
$PMGNTRK,2935.938,N,10143.593,E,04543,M,062301.56,A,,250509*7F
$PMGNTRK,2935.935,N,10143.599,E,04543,M,062312.56,A,,250509*7A
$PMGNTRK,2935.933,N,10143.606,E,04543,M,062323.55,A,,250509*78
$PMGNTRK,2935.933,N,10143.612,E,04542,M,062335.57,A,,250509*79
$PMGNTRK,2935.934,N,10143.618,E,04539,M,062349.55,A,,250509*71
$PMGNTRK,2935.934,N,10143.625,E,04533,M,062440.56,A,,250509*78
$PMGNTRK,2935.935,N,10143.631,E,04533,M,062508.57,A,,250509*70
$PMGNTRK,2935.936,N,10143.637,E,04529,M,062522.57,A,,250509*76
$PMGNTRK,2935.938,N,10143.643,E,04526,M,062535.56,A,,250509*73
$PMGNTRK,2935.939,N,10143.649,E,04526,M,062552.57,A,,250509*78
$PMGNTRK,2935.940,N,10143.655,E,04526,M,062602.58,A,,250509*72
$PMGNTRK,2935.937,N,10143.661,E,04523,M,062615.58,A,,250509*76
$PMGNTRK,2935.936,N,10143.667,E,04525,M,062628.57,A,,250509*76
$PMGNTRK,2935.934,N,10143.673,E,04529,M,062638.58,A,,250509*73
$PMGNTRK,2935.933,N,10143.679,E,04525,M,062709.57,A,,250509*7E
$PMGNTRK,2935.933,N,10143.686,E,04522,M,062725.58,A,,250509*78
$PMGNTRK,2935.934,N,10143.692,E,04522,M,062737.58,A,,250509*79
$PMGNTRK,2935.935,N,10143.698,E,04521,M,062809.58,A,,250509*73
$PMGNTRK,2935.937,N,10143.704,E,04518,M,062823.58,A,,250509*77
$PMGNTRK,2935.940,N,10143.710,E,04517,M,062847.56,A,,250509*71
$PMGNTRK,2935.944,N,10143.715,E,04517,M,063015.57,A,,250509*7F
$PMGNTRK,2935.948,N,10143.719,E,04513,M,063132.57,A,,250509*7F
$PMGNTRK,2935.951,N,10143.724,E,04513,M,063147.57,A,,250509*7B
$PMGNTRK,2935.956,N,10143.727,E,04511,M,063213.56,A,,250509*7E
$PMGNTRK,2935.960,N,10143.732,E,04506,M,063226.58,A,,250509*71
$PMGNTRK,2935.964,N,10143.737,E,04502,M,063238.58,A,,250509*7B
$PMGNTRK,2935.966,N,10143.743,E,04500,M,063249.57,A,,250509*71
$PMGNTRK,2935.968,N,10143.748,E,04497,M,063301.58,A,,250509*79
$PMGNTRK,2935.971,N,10143.754,E,04494,M,063313.58,A,,250509*7C
$PMGNTRK,2935.973,N,10143.760,E,04492,M,063325.58,A,,250509*7A
$PMGNTRK,2935.978,N,10143.763,E,04494,M,063547.59,A,,250509*77
$PMGNTRK,2935.981,N,10143.768,E,04490,M,063625.58,A,,250509*78
$PMGNTRK,2935.985,N,10143.773,E,04490,M,063636.59,A,,250509*75
$PMGNTRK,2935.987,N,10143.779,E,04486,M,063650.57,A,,250509*74
$PMGNTRK,2935.988,N,10143.785,E,04485,M,063708.59,A,,250509*79
$PMGNTRK,2935.990,N,10143.791,E,04483,M,063721.58,A,,250509*79
$PMGNTRK,2935.990,N,10143.797,E,04481,M,063740.58,A,,250509*7A
$PMGNTRK,2935.989,N,10143.804,E,04478,M,063757.59,A,,250509*76
$PMGNTRK,2935.984,N,10143.808,E,04474,M,063854.57,A,,250509*79
$PMGNTRK,2935.980,N,10143.811,E,04471,M,063909.57,A,,250509*79
$PMGNTRK,2935.977,N,10143.817,E,04466,M,063925.59,A,,250509*71
$PMGNTRK,2935.975,N,10143.823,E,04463,M,063936.58,A,,250509*72
$PMGNTRK,2935.974,N,10143.829,E,04462,M,063953.57,A,,250509*74
$PMGNTRK,2935.970,N,10143.834,E,04457,M,064039.58,A,,250509*77
$PMGNTRK,2935.969,N,10143.840,E,04453,M,064106.58,A,,250509*75
$PMGNTRK,2935.967,N,10143.846,E,04449,M,064140.59,A,,250509*75
$PMGNTRK,2935.963,N,10143.850,E,04443,M,064236.58,A,,250509*7F
$PMGNTRK,2935.961,N,10143.856,E,04439,M,064246.57,A,,250509*7E
$PMGNTRK,2935.959,N,10143.862,E,04434,M,064306.59,A,,250509*74
$PMGNTRK,2935.954,N,10143.865,E,04429,M,064333.57,A,,250509*7A
$PMGNTRK,2935.952,N,10143.872,E,04423,M,064405.58,A,,250509*7D
$PMGNTRK,2935.951,N,10143.878,E,04421,M,064420.59,A,,250509*70
$PMGNTRK,2935.946,N,10143.883,E,04417,M,064438.58,A,,250509*7F
$PMGNTRK,2935.943,N,10143.888,E,04415,M,064450.57,A,,250509*72
$PMGNTRK,2935.938,N,10143.890,E,04411,M,064823.59,A,,250509*75
$PMGNTRK,2935.933,N,10143.893,E,04410,M,065117.60,A,,250509*79
$PMGNTRK,2935.927,N,10143.891,E,04408,M,065130.59,A,,250509*78
$PMGNTRK,2935.922,N,10143.890,E,04408,M,065140.60,A,,250509*71
$PMGNTRK,2935.916,N,10143.889,E,04406,M,065156.60,A,,250509*77
$PMGNTRK,2935.910,N,10143.890,E,04405,M,065207.60,A,,250509*7D
$PMGNTRK,2935.904,N,10143.890,E,04404,M,065229.60,A,,250509*75
$PMGNTRK,2935.899,N,10143.891,E,04405,M,065238.61,A,,250509*71
$PMGNTRK,2935.893,N,10143.890,E,04405,M,065248.60,A,,250509*7C
$PMGNTRK,2935.887,N,10143.890,E,04403,M,065326.60,A,,250509*76
$PMGNTRK,2935.882,N,10143.890,E,04402,M,065342.59,A,,250509*7A
$PMGNTRK,2935.876,N,10143.889,E,04394,M,065431.59,A,,250509*72
$PMGNTRK,2935.871,N,10143.887,E,04391,M,065455.60,A,,250509*76
$PMGNTRK,2935.865,N,10143.886,E,04388,M,065513.59,A,,250509*73
$PMGNTRK,2935.860,N,10143.885,E,04386,M,065526.59,A,,250509*7D
$PMGNTRK,2935.855,N,10143.883,E,04383,M,065540.60,A,,250509*72
$PMGNTRK,2935.849,N,10143.882,E,04381,M,065556.60,A,,250509*7B
$PMGNTRK,2935.844,N,10143.879,E,04380,M,065617.60,A,,250509*75
$PMGNTRK,2935.840,N,10143.875,E,04376,M,065633.60,A,,250509*72
$PMGNTRK,2935.836,N,10143.870,E,04373,M,065645.60,A,,250509*72
$PMGNTRK,2935.831,N,10143.867,E,04371,M,065659.60,A,,250509*7C
$PMGNTRK,2935.827,N,10143.863,E,04368,M,065712.61,A,,250509*78
$PMGNTRK,2935.824,N,10143.857,E,04364,M,065725.60,A,,250509*75
$PMGNTRK,2935.823,N,10143.851,E,04359,M,065738.60,A,,250509*76
$PMGNTRK,2935.819,N,10143.846,E,04355,M,065752.60,A,,250509*79
$PMGNTRK,2935.815,N,10143.841,E,04354,M,065801.61,A,,250509*7B
$PMGNTRK,2935.810,N,10143.839,E,04352,M,065813.60,A,,250509*75
$PMGNTRK,2935.805,N,10143.836,E,04346,M,065825.60,A,,250509*7E
$PMGNTRK,2935.799,N,10143.834,E,04343,M,065836.61,A,,250509*70
$PMGNTRK,2935.793,N,10143.833,E,04343,M,065844.60,A,,250509*79
$PMGNTRK,2935.788,N,10143.831,E,04341,M,065853.60,A,,250509*75
$PMGNTRK,2935.782,N,10143.829,E,04340,M,065902.61,A,,250509*73
$PMGNTRK,2935.777,N,10143.826,E,04339,M,065921.60,A,,250509*78
$PMGNTRK,2935.771,N,10143.825,E,04338,M,065933.60,A,,250509*7F
$PMGNTRK,2935.767,N,10143.821,E,04338,M,065956.60,A,,250509*7F
$PMGNTRK,2935.761,N,10143.819,E,04333,M,070107.61,A,,250509*70
$PMGNTRK,2935.756,N,10143.817,E,04332,M,070119.60,A,,250509*75
$PMGNTRK,2935.751,N,10143.814,E,04332,M,070131.60,A,,250509*7B
$PMGNTRK,2935.747,N,10143.809,E,04330,M,070146.62,A,,250509*70
$PMGNTRK,2935.743,N,10143.804,E,04327,M,070158.62,A,,250509*70
$PMGNTRK,2935.739,N,10143.800,E,04328,M,070208.60,A,,250509*72
$PMGNTRK,2935.734,N,10143.797,E,04327,M,070220.60,A,,250509*7B
$PMGNTRK,2935.729,N,10143.793,E,04325,M,070234.61,A,,250509*75
$PMGNTRK,2935.725,N,10143.790,E,04324,M,070254.60,A,,250509*7C
$PMGNTRK,2935.720,N,10143.786,E,04323,M,070304.60,A,,250509*7D
$PMGNTRK,2935.716,N,10143.781,E,04320,M,070316.60,A,,250509*7F
$PMGNTRK,2935.712,N,10143.777,E,04316,M,070331.61,A,,250509*73
$PMGNTRK,2935.707,N,10143.773,E,04314,M,070344.61,A,,250509*73
$PMGNTRK,2935.704,N,10143.769,E,04311,M,070356.60,A,,250509*7C
$PMGNTRK,2935.700,N,10143.763,E,04305,M,070408.61,A,,250509*7A
$PMGNTRK,2935.695,N,10143.761,E,04304,M,070425.61,A,,250509*7B
$PMGNTRK,2935.692,N,10143.755,E,04299,M,070445.61,A,,250509*78
$PMGNTRK,2935.688,N,10143.751,E,04297,M,070458.61,A,,250509*75
$PMGNTRK,2935.683,N,10143.747,E,04294,M,070509.62,A,,250509*7C
$PMGNTRK,2935.678,N,10143.746,E,04291,M,070542.61,A,,250509*70
$PMGNTRK,2935.673,N,10143.744,E,04289,M,070552.62,A,,250509*72
$PMGNTRK,2935.669,N,10143.739,E,04284,M,070605.63,A,,250509*7E
$PMGNTRK,2935.665,N,10143.734,E,04280,M,070621.63,A,,250509*7D
$PMGNTRK,2935.661,N,10143.729,E,04276,M,070637.62,A,,250509*7A
$PMGNTRK,2935.656,N,10143.726,E,04273,M,070651.62,A,,250509*74
$PMGNTRK,2935.654,N,10143.721,E,04270,M,070709.62,A,,250509*7E
$PMGNTRK,2935.650,N,10143.716,E,04268,M,070741.63,A,,250509*7A
$PMGNTRK,2935.648,N,10143.709,E,04266,M,070817.61,A,,250509*7D
$PMGNTRK,2935.647,N,10143.703,E,04264,M,070838.61,A,,250509*77
$PMGNTRK,2935.647,N,10143.697,E,04263,M,070855.62,A,,250509*74
$PMGNTRK,2935.644,N,10143.691,E,04261,M,070937.62,A,,250509*76
$PMGNTRK,2935.641,N,10143.686,E,04256,M,071014.61,A,,250509*7B
$PMGNTRK,2935.639,N,10143.680,E,04254,M,071041.61,A,,250509*70
$PMGNTRK,2935.637,N,10143.674,E,04251,M,071053.61,A,,250509*73
$PMGNTRK,2935.636,N,10143.668,E,04246,M,071122.61,A,,250509*7E
$PMGNTRK,2935.632,N,10143.663,E,04242,M,071159.61,A,,250509*79
$PMGNTRK,2935.629,N,10143.658,E,04237,M,071228.62,A,,250509*7F
$PMGNTRK,2935.625,N,10143.653,E,04232,M,071256.62,A,,250509*74
$PMGNTRK,2935.623,N,10143.647,E,04230,M,071313.63,A,,250509*74
$PMGNTRK,2935.620,N,10143.642,E,04224,M,071333.62,A,,250509*74
$PMGNTRK,2935.616,N,10143.638,E,04223,M,071349.62,A,,250509*76
$PMGNTRK,2935.612,N,10143.641,E,04224,M,071420.62,A,,250509*73
$PMGNTRK,2935.607,N,10143.637,E,04224,M,071443.62,A,,250509*73
$PMGNTRK,2935.605,N,10143.631,E,04221,M,071457.62,A,,250509*77
$PMGNTRK,2935.602,N,10143.627,E,04219,M,071510.63,A,,250509*7F
$PMGNTRK,2935.596,N,10143.627,E,04213,M,071528.62,A,,250509*71
$PMGNTRK,2935.591,N,10143.629,E,04211,M,071553.63,A,,250509*77
$PMGNTRK,2935.589,N,10143.623,E,04208,M,071608.62,A,,250509*70
$PMGNTRK,2935.583,N,10143.625,E,04203,M,071638.64,A,,250509*72
$PMGNTRK,2935.578,N,10143.624,E,04199,M,071702.63,A,,250509*78
$PMGNTRK,2935.573,N,10143.620,E,04196,M,071717.64,A,,250509*7B
$PMGNTRK,2935.568,N,10143.621,E,04190,M,071738.63,A,,250509*7C
$PMGNTRK,2935.565,N,10143.627,E,04189,M,071755.64,A,,250509*73
$PMGNTRK,2935.566,N,10143.633,E,04184,M,071815.63,A,,250509*74
$PMGNTRK,2935.563,N,10143.638,E,04186,M,071828.62,A,,250509*77
$PMGNTRK,2935.558,N,10143.643,E,04178,M,071844.64,A,,250509*7E
$PMGNTRK,2935.558,N,10143.649,E,04176,M,071858.64,A,,250509*77
$PMGNTRK,2935.558,N,10143.655,E,04174,M,071910.64,A,,250509*75
$PMGNTRK,2935.556,N,10143.661,E,04171,M,071939.63,A,,250509*75
$PMGNTRK,2935.553,N,10143.667,E,04168,M,072442.64,A,,250509*7B
$PMGNTRK,2935.549,N,10143.672,E,04163,M,072513.65,A,,250509*7B
$PMGNTRK,2935.544,N,10143.671,E,04152,M,072530.64,A,,250509*77
$PMGNTRK,2935.543,N,10143.677,E,04150,M,072546.65,A,,250509*74
$PMGNTRK,2935.544,N,10143.684,E,04149,M,072558.65,A,,250509*78
$PMGNTRK,2935.543,N,10143.690,E,04148,M,072641.64,A,,250509*71
$PMGNTRK,2935.543,N,10143.696,E,04145,M,072656.65,A,,250509*7D
$PMGNTRK,2935.542,N,10143.702,E,04142,M,072711.65,A,,250509*75
$PMGNTRK,2935.541,N,10143.709,E,04140,M,072722.65,A,,250509*7F
$PMGNTRK,2935.539,N,10143.715,E,04135,M,072740.64,A,,250509*7A
$PMGNTRK,2935.535,N,10143.719,E,04132,M,072753.65,A,,250509*7E
$PMGNTRK,2935.533,N,10143.725,E,04127,M,072858.65,A,,250509*77
$PMGNTRK,2935.533,N,10143.731,E,04126,M,072915.66,A,,250509*78
$PMGNTRK,2935.531,N,10143.737,E,04122,M,072938.65,A,,250509*74
$PMGNTRK,2935.529,N,10143.743,E,04118,M,072958.64,A,,250509*70
$PMGNTRK,2935.530,N,10143.749,E,04114,M,073021.66,A,,250509*7A
$PMGNTRK,2935.530,N,10143.756,E,04116,M,073102.65,A,,250509*75
$PMGNTRK,2935.527,N,10143.761,E,04113,M,073121.65,A,,250509*73
$PMGNTRK,2935.523,N,10143.765,E,04108,M,073144.65,A,,250509*7A
$PMGNTRK,2935.520,N,10143.771,E,04104,M,073200.64,A,,250509*72
$PMGNTRK,2935.519,N,10143.778,E,04097,M,073220.65,A,,250509*79
$PMGNTRK,2935.519,N,10143.784,E,04094,M,073238.65,A,,250509*70
$PMGNTRK,2935.522,N,10143.790,E,04091,M,073249.64,A,,250509*7F
$PMGNTRK,2935.524,N,10143.796,E,04091,M,073320.65,A,,250509*70
$PMGNTRK,2935.524,N,10143.803,E,04087,M,073336.64,A,,250509*72
$PMGNTRK,2935.525,N,10143.809,E,04084,M,073354.64,A,,250509*7E
$PMGNTRK,2935.526,N,10143.815,E,04082,M,073414.65,A,,250509*74
$PMGNTRK,2935.528,N,10143.822,E,04079,M,073430.65,A,,250509*7C
$PMGNTRK,2935.528,N,10143.829,E,04078,M,073533.65,A,,250509*74
$PMGNTRK,2935.527,N,10143.835,E,04074,M,073647.65,A,,250509*7A
$PMGNTRK,2935.526,N,10143.841,E,04067,M,073728.65,A,,250509*72
$PMGNTRK,2935.523,N,10143.847,E,04068,M,073812.66,A,,250509*7B
$PMGNTRK,2935.525,N,10143.853,E,04064,M,073846.66,A,,250509*75
$PMGNTRK,2935.523,N,10143.859,E,04061,M,073908.66,A,,250509*77
$PMGNTRK,2935.523,N,10143.865,E,04060,M,073941.66,A,,250509*74
$PMGNTRK,2935.523,N,10143.872,E,04055,M,073957.64,A,,250509*71
$PMGNTRK,2935.524,N,10143.878,E,04050,M,074010.65,A,,250509*75
$PMGNTRK,2935.524,N,10143.884,E,04049,M,074043.65,A,,250509*78
$PMGNTRK,2935.521,N,10143.890,E,04047,M,074057.65,A,,250509*73
$PMGNTRK,2935.521,N,10143.896,E,04044,M,074134.65,A,,250509*72
$PMGNTRK,2935.525,N,10143.901,E,04040,M,074343.67,A,,250509*7D
$PMGNTRK,2935.526,N,10143.907,E,04036,M,074356.66,A,,250509*7C
$PMGNTRK,2935.528,N,10143.913,E,04030,M,074410.66,A,,250509*74
$PMGNTRK,2935.530,N,10143.920,E,04026,M,074424.66,A,,250509*7D
$PMGNTRK,2935.531,N,10143.926,E,04026,M,074438.66,A,,250509*77
$PMGNTRK,2935.531,N,10143.932,E,04025,M,074454.66,A,,250509*7B
$PMGNTRK,2935.533,N,10143.938,E,04021,M,074508.66,A,,250509*7F
$PMGNTRK,2935.532,N,10143.945,E,04018,M,074535.67,A,,250509*71
$PMGNTRK,2935.533,N,10143.951,E,04016,M,074552.68,A,,250509*75
$PMGNTRK,2935.533,N,10143.957,E,04013,M,074609.66,A,,250509*75
$PMGNTRK,2935.534,N,10143.963,E,04007,M,074624.67,A,,250509*7E
$PMGNTRK,2935.537,N,10143.969,E,04002,M,074640.67,A,,250509*70
$PMGNTRK,2935.537,N,10143.975,E,03999,M,074652.66,A,,250509*73
$PMGNTRK,2935.539,N,10143.981,E,03993,M,074707.66,A,,250509*7D
$PMGNTRK,2935.540,N,10143.988,E,03991,M,074722.67,A,,250509*7E
$PMGNTRK,2935.541,N,10143.995,E,03988,M,074743.66,A,,250509*7D
$PMGNTRK,2935.541,N,10144.001,E,03987,M,074757.67,A,,250509*75
$PMGNTRK,2935.538,N,10144.006,E,03988,M,074817.68,A,,250509*77
$PMGNTRK,2935.539,N,10144.013,E,03985,M,074830.66,A,,250509*74
$PMGNTRK,2935.539,N,10144.020,E,03985,M,074846.67,A,,250509*74
$PMGNTRK,2935.539,N,10144.026,E,03984,M,074901.67,A,,250509*71
$PMGNTRK,2935.541,N,10144.032,E,03983,M,074914.66,A,,250509*79
$PMGNTRK,2935.540,N,10144.039,E,03983,M,074929.67,A,,250509*7C
$PMGNTRK,2935.543,N,10144.045,E,03982,M,074940.67,A,,250509*7A
$PMGNTRK,2935.545,N,10144.051,E,03974,M,074959.69,A,,250509*76
$PMGNTRK,2935.547,N,10144.056,E,03969,M,075014.68,A,,250509*7F
$PMGNTRK,2935.549,N,10144.063,E,03968,M,075024.68,A,,250509*75
$PMGNTRK,2935.550,N,10144.069,E,03965,M,075039.68,A,,250509*76
$PMGNTRK,2935.549,N,10144.075,E,03963,M,075053.69,A,,250509*78
$PMGNTRK,2935.552,N,10144.081,E,03961,M,075111.69,A,,250509*7C
$PMGNTRK,2935.552,N,10144.088,E,03960,M,075144.69,A,,250509*74
$PMGNTRK,2935.554,N,10144.094,E,03955,M,075157.68,A,,250509*7A
$PMGNTRK,2935.557,N,10144.099,E,03953,M,075208.68,A,,250509*7B
$PMGNTRK,2935.560,N,10144.105,E,03949,M,075223.68,A,,250509*79
$PMGNTRK,2935.560,N,10144.111,E,03947,M,075237.68,A,,250509*77
$PMGNTRK,2935.560,N,10144.118,E,03940,M,075253.68,A,,250509*7B
$PMGNTRK,2935.563,N,10144.123,E,03937,M,075308.68,A,,250509*7F
$PMGNTRK,2935.565,N,10144.129,E,03936,M,075320.69,A,,250509*79
$PMGNTRK,2935.565,N,10144.136,E,03936,M,075330.68,A,,250509*77
$PMGNTRK,2935.564,N,10144.142,E,03936,M,075345.68,A,,250509*77
$PMGNTRK,2935.564,N,10144.148,E,03934,M,075409.69,A,,250509*71
$PMGNTRK,2935.565,N,10144.154,E,03930,M,075429.68,A,,250509*7A
$PMGNTRK,2935.565,N,10144.161,E,03927,M,075441.68,A,,250509*74
$PMGNTRK,2935.564,N,10144.168,E,03923,M,075506.70,A,,250509*73
$PMGNTRK,2935.563,N,10144.174,E,03921,M,075524.68,A,,250509*72
$PMGNTRK,2935.563,N,10144.181,E,03916,M,075543.69,A,,250509*7C
$PMGNTRK,2935.562,N,10144.187,E,03912,M,075617.69,A,,250509*7D
$PMGNTRK,2935.563,N,10144.194,E,03909,M,075630.69,A,,250509*71
$PMGNTRK,2935.564,N,10144.200,E,03901,M,075648.69,A,,250509*7F
$PMGNTRK,2935.567,N,10144.206,E,03897,M,075703.70,A,,250509*72
$PMGNTRK,2935.569,N,10144.212,E,03892,M,075719.70,A,,250509*77
$PMGNTRK,2935.571,N,10144.218,E,03889,M,075735.69,A,,250509*78
$PMGNTRK,2935.573,N,10144.224,E,03887,M,075746.70,A,,250509*77
$PMGNTRK,2935.574,N,10144.231,E,03886,M,075755.70,A,,250509*77
$PMGNTRK,2935.575,N,10144.237,E,03884,M,075805.71,A,,250509*79
$PMGNTRK,2935.575,N,10144.244,E,03883,M,075814.70,A,,250509*7B
$PMGNTRK,2935.577,N,10144.250,E,03878,M,075824.69,A,,250509*73
$PMGNTRK,2935.579,N,10144.256,E,03876,M,075842.70,A,,250509*7D
$PMGNTRK,2935.577,N,10144.262,E,03868,M,075900.69,A,,250509*74
$PMGNTRK,2935.576,N,10144.269,E,03865,M,075917.70,A,,250509*7D
$PMGNTRK,2935.575,N,10144.276,E,03863,M,075928.22,A,,250509*7D
$PMGNTRK,2935.575,N,10144.282,E,03856,M,075947.69,A,,250509*76
$PMGNTRK,2935.579,N,10144.287,E,03855,M,080000.71,A,,250509*75
$PMGNTRK,2935.583,N,10144.292,E,03855,M,080008.70,A,,250509*7D
$PMGNTRK,2935.584,N,10144.298,E,03850,M,080023.69,A,,250509*74
$PMGNTRK,2935.582,N,10144.305,E,03850,M,080034.70,A,,250509*79
$PMGNTRK,2935.581,N,10144.311,E,03843,M,080050.70,A,,250509*7F
$PMGNTRK,2935.582,N,10144.317,E,03839,M,080105.69,A,,250509*7E
$PMGNTRK,2935.584,N,10144.323,E,03838,M,080122.69,A,,250509*7B
$PMGNTRK,2935.585,N,10144.330,E,03838,M,080133.70,A,,250509*70
$PMGNTRK,2935.584,N,10144.336,E,03837,M,080144.70,A,,250509*78
$PMGNTRK,2935.581,N,10144.342,E,03836,M,080204.69,A,,250509*70
$PMGNTRK,2935.576,N,10144.344,E,03834,M,080219.21,A,,250509*7C
$PMGNTRK,2935.573,N,10144.350,E,03830,M,080233.70,A,,250509*74
$PMGNTRK,2935.567,N,10144.350,E,03829,M,080243.19,A,,250509*71
$PMGNTRK,2935.570,N,10144.356,E,03829,M,080257.70,A,,250509*7B
$PMGNTRK,2935.572,N,10144.362,E,03827,M,080305.71,A,,250509*77
$PMGNTRK,2935.575,N,10144.367,E,03827,M,080331.69,A,,250509*7B
$PMGNTRK,2935.578,N,10144.372,E,03827,M,080423.70,A,,250509*7E
$PMGNTRK,2935.579,N,10144.379,E,03827,M,080444.72,A,,250509*77
$PMGNTRK,2935.583,N,10144.383,E,03827,M,080454.71,A,,250509*75
$PMGNTRK,2935.586,N,10144.389,E,03827,M,080508.70,A,,250509*73
$PMGNTRK,2935.584,N,10144.395,E,03827,M,080521.21,A,,250509*73
$PMGNTRK,2935.585,N,10144.402,E,03827,M,080537.71,A,,250509*79
$PMGNTRK,2935.585,N,10144.408,E,03827,M,080552.70,A,,250509*71
$PMGNTRK,2935.581,N,10144.413,E,03827,M,080607.71,A,,250509*7D
$PMGNTRK,2935.578,N,10144.419,E,03827,M,080627.72,A,,250509*70
$PMGNTRK,2935.572,N,10144.420,E,03827,M,080639.19,A,,250509*72
$PMGNTRK,2935.568,N,10144.424,E,03827,M,080656.71,A,,250509*7A
$PMGNTRK,2935.563,N,10144.427,E,03827,M,080710.21,A,,250509*74
$PMGNTRK,2935.567,N,10144.433,E,03827,M,080723.70,A,,250509*71
$PMGNTRK,2935.569,N,10144.439,E,03827,M,080734.71,A,,250509*72
$PMGNTRK,2935.571,N,10144.445,E,03827,M,080750.71,A,,250509*72
$PMGNTRK,2935.574,N,10144.451,E,03827,M,080829.70,A,,250509*72
$PMGNTRK,2935.575,N,10144.456,E,03827,M,080857.70,A,,250509*7D
$PMGNTRK,2935.579,N,10144.462,E,03827,M,081135.71,A,,250509*7B
$PMGNTRK,2935.577,N,10144.468,E,03827,M,081228.71,A,,250509*70
$PMGNTRK,2935.574,N,10144.474,E,03827,M,081246.70,A,,250509*77
$PMGNTRK,2935.570,N,10144.478,E,03827,M,081307.70,A,,250509*7B
$PMGNTRK,2935.566,N,10144.483,E,03827,M,081327.71,A,,250509*7B
$PMGNTRK,2935.564,N,10144.488,E,03827,M,081345.72,A,,250509*75
$PMGNTRK,2935.559,N,10144.492,E,03827,M,081402.71,A,,250509*77
$PMGNTRK,2935.557,N,10144.498,E,03827,M,081422.70,A,,250509*70
$PMGNTRK,2935.556,N,10144.504,E,03827,M,081432.21,A,,250509*70
$PMGNTRK,2935.556,N,10144.511,E,03827,M,081442.21,A,,250509*73
$PMGNTRK,2935.557,N,10144.517,E,03827,M,081447.71,A,,250509*74
$PMGNTRK,2935.556,N,10144.524,E,03827,M,081457.71,A,,250509*74
$PMGNTRK,2935.555,N,10144.531,E,03827,M,081506.71,A,,250509*76
$PMGNTRK,2935.555,N,10144.538,E,03827,M,081521.72,A,,250509*79
$PMGNTRK,2935.554,N,10144.544,E,03827,M,081535.72,A,,250509*76
$PMGNTRK,2935.552,N,10144.550,E,03827,M,081550.71,A,,250509*75
$PMGNTRK,2935.549,N,10144.555,E,03827,M,081605.21,A,,250509*7C
$PMGNTRK,2935.546,N,10144.561,E,03827,M,081618.71,A,,250509*7D
$PMGNTRK,2935.543,N,10144.565,E,03827,M,081633.71,A,,250509*75
$PMGNTRK,2935.539,N,10144.570,E,03827,M,081647.71,A,,250509*7F
$PMGNTRK,2935.536,N,10144.576,E,03827,M,081655.71,A,,250509*75
$PMGNTRK,2935.533,N,10144.582,E,03827,M,081702.71,A,,250509*78
$PMGNTRK,2935.532,N,10144.588,E,03827,M,081709.71,A,,250509*78
$PMGNTRK,2935.531,N,10144.595,E,03827,M,081717.71,A,,250509*78
$PMGNTRK,2935.529,N,10144.601,E,03827,M,081725.72,A,,250509*7D
$PMGNTRK,2935.528,N,10144.607,E,03827,M,081733.71,A,,250509*7E
$PMGNTRK,2935.524,N,10144.612,E,03827,M,081744.72,A,,250509*75
$PMGNTRK,2935.524,N,10144.619,E,03827,M,081755.71,A,,250509*7D
$PMGNTRK,2935.525,N,10144.626,E,03827,M,081808.71,A,,250509*77
$PMGNTRK,2935.523,N,10144.632,E,03827,M,081823.72,A,,250509*7E
$PMGNTRK,2935.522,N,10144.639,E,03827,M,081833.72,A,,250509*75
$PMGNTRK,2935.520,N,10144.645,E,03827,M,081841.72,A,,250509*79
$PMGNTRK,2935.517,N,10144.651,E,03827,M,081852.71,A,,250509*79
$PMGNTRK,2935.515,N,10144.657,E,03827,M,081904.73,A,,250509*7D
$PMGNTRK,2935.513,N,10144.663,E,03827,M,081918.73,A,,250509*71
$PMGNTRK,2935.510,N,10144.670,E,03827,M,081928.72,A,,250509*72
$PMGNTRK,2935.508,N,10144.676,E,03827,M,081939.71,A,,250509*7E
$PMGNTRK,2935.507,N,10144.682,E,03827,M,081951.73,A,,250509*76
$PMGNTRK,2935.505,N,10144.688,E,03827,M,082000.71,A,,250509*72
$PMGNTRK,2935.503,N,10144.694,E,03827,M,082012.73,A,,250509*78
$PMGNTRK,2935.499,N,10144.699,E,03827,M,082023.72,A,,250509*74
$PMGNTRK,2935.499,N,10144.706,E,03827,M,082034.72,A,,250509*75
$PMGNTRK,2935.496,N,10144.712,E,03827,M,082046.21,A,,250509*7C
$PMGNTRK,2935.496,N,10144.718,E,03827,M,082102.71,A,,250509*72
$PMGNTRK,2935.498,N,10144.725,E,03827,M,082114.72,A,,250509*76
$PMGNTRK,2935.498,N,10144.731,E,03827,M,082127.73,A,,250509*72
$PMGNTRK,2935.497,N,10144.738,E,03827,M,082135.72,A,,250509*76
$PMGNTRK,2935.498,N,10144.745,E,03827,M,082144.71,A,,250509*76
$PMGNTRK,2935.499,N,10144.751,E,03827,M,082153.71,A,,250509*74
$PMGNTRK,2935.499,N,10144.757,E,03827,M,082200.72,A,,250509*74
$PMGNTRK,2935.501,N,10144.763,E,03827,M,082208.72,A,,250509*7B
$PMGNTRK,2935.502,N,10144.770,E,03827,M,082216.73,A,,250509*74
$PMGNTRK,2935.501,N,10144.777,E,03827,M,082224.72,A,,250509*70
$PMGNTRK,2935.500,N,10144.783,E,03827,M,082252.72,A,,250509*7B
$PMGNTRK,2935.499,N,10144.790,E,03827,M,082308.71,A,,250509*75
$PMGNTRK,2935.500,N,10144.797,E,03827,M,082317.71,A,,250509*7D
$PMGNTRK,2935.501,N,10144.803,E,03827,M,082326.71,A,,250509*7C
$PMGNTRK,2935.501,N,10144.810,E,03827,M,082334.72,A,,250509*7E
$PMGNTRK,2935.503,N,10144.816,E,03827,M,082343.73,A,,250509*7B
$PMGNTRK,2935.503,N,10144.822,E,03827,M,082352.71,A,,250509*7E
$PMGNTRK,2935.504,N,10144.829,E,03827,M,082409.71,A,,250509*7B
$PMGNTRK,2935.504,N,10144.835,E,03827,M,082417.72,A,,250509*7A
$PMGNTRK,2935.507,N,10144.840,E,03827,M,082427.72,A,,250509*78
$PMGNTRK,2935.509,N,10144.847,E,03827,M,082441.71,A,,250509*72
$PMGNTRK,2935.509,N,10144.853,E,03827,M,082451.71,A,,250509*76
$PMGNTRK,2935.510,N,10144.860,E,03826,M,082502.71,A,,250509*78
$PMGNTRK,2935.510,N,10144.866,E,03826,M,082520.71,A,,250509*7E
$PMGNTRK,2935.510,N,10144.872,E,03826,M,082547.73,A,,250509*78
$PMGNTRK,2935.509,N,10144.879,E,03826,M,082559.72,A,,250509*75
$PMGNTRK,2935.507,N,10144.885,E,03825,M,082617.71,A,,250509*71
$PMGNTRK,2935.504,N,10144.891,E,03825,M,082631.71,A,,250509*73
$PMGNTRK,2935.503,N,10144.897,E,03825,M,082646.72,A,,250509*71
$PMGNTRK,2935.500,N,10144.902,E,03825,M,082702.73,A,,250509*7F
$PMGNTRK,2935.499,N,10144.909,E,03825,M,082805.73,A,,250509*7D
$PMGNTRK,2935.497,N,10144.915,E,03825,M,082820.72,A,,250509*78
$PMGNTRK,2935.496,N,10144.921,E,03825,M,082839.72,A,,250509*76
$PMGNTRK,2935.495,N,10144.927,E,03825,M,082850.72,A,,250509*7C
$PMGNTRK,2935.494,N,10144.933,E,03825,M,082904.73,A,,250509*79
$PMGNTRK,2935.491,N,10144.940,E,03825,M,082945.72,A,,250509*7C
$PMGNTRK,2935.490,N,10144.946,E,03825,M,083003.72,A,,250509*71
$PMGNTRK,2935.487,N,10144.951,E,03825,M,083016.73,A,,250509*74
$PMGNTRK,2935.485,N,10144.957,E,03825,M,083037.71,A,,250509*71
$PMGNTRK,2935.482,N,10144.963,E,03825,M,083047.72,A,,250509*75
$PMGNTRK,2935.484,N,10144.969,E,03825,M,083108.21,A,,250509*75
$PMGNTRK,2935.488,N,10144.973,E,03825,M,083117.72,A,,250509*7A
$PMGNTRK,2935.493,N,10144.978,E,03825,M,083128.22,A,,250509*72
$PMGNTRK,2935.496,N,10144.983,E,03825,M,083136.73,A,,250509*78
$PMGNTRK,2935.494,N,10144.990,E,03825,M,083149.72,A,,250509*71
$PMGNTRK,2935.490,N,10144.993,E,03825,M,083158.72,A,,250509*76
$PMGNTRK,2935.486,N,10144.998,E,03825,M,083212.23,A,,250509*73
$PMGNTRK,2935.484,N,10145.004,E,03825,M,083221.72,A,,250509*78
$PMGNTRK,2935.478,N,10145.006,E,03825,M,083228.72,A,,250509*70
$PMGNTRK,2935.475,N,10145.012,E,03825,M,083236.22,A,,250509*72
$PMGNTRK,2935.474,N,10145.018,E,03825,M,083243.72,A,,250509*7E
$PMGNTRK,2935.473,N,10145.025,E,03825,M,083249.72,A,,250509*7D
$PMGNTRK,2935.471,N,10145.031,E,03825,M,083258.73,A,,250509*7B
$PMGNTRK,2935.470,N,10145.037,E,03825,M,083312.73,A,,250509*73
$PMGNTRK,2935.468,N,10145.031,E,03825,M,083409.74,A,,250509*76
$PMGNTRK,2935.469,N,10145.025,E,03825,M,083456.73,A,,250509*7F
$PMGNTRK,2935.469,N,10145.019,E,03825,M,083611.73,A,,250509*71
$PMGNTRK,2935.470,N,10145.013,E,03679,M,083812.74,A,,250509*7E
$PMGNCMD,END*3D
