$PMGNFMT,%TRK,LAT,HEMI,LON,HEMI,ALT,UNIT,TIME,VALID,NAME,DATE,CHKSUM,%META,ASCII
$PMGNTRK,2931.394,N,10146.344,E,03271,M,044253.33,A,,260509*7D
$PMGNTRK,2931.389,N,10146.344,E,03272,M,044321.33,A,,260509*76
$PMGNTRK,2931.383,N,10146.342,E,03272,M,044330.34,A,,260509*7D
$PMGNTRK,2931.384,N,10146.349,E,03272,M,044351.34,A,,260509*76
$PMGNTRK,2931.384,N,10146.355,E,03272,M,044415.33,A,,260509*7B
$PMGNTRK,2931.384,N,10146.362,E,03271,M,044426.34,A,,260509*7B
$PMGNTRK,2931.385,N,10146.368,E,03271,M,044435.34,A,,260509*72
$PMGNTRK,2931.384,N,10146.375,E,03269,M,044447.34,A,,260509*73
$PMGNTRK,2931.386,N,10146.382,E,03266,M,044458.34,A,,260509*78
$PMGNTRK,2931.392,N,10146.380,E,03273,M,044527.34,A,,260509*72
$PMGNTRK,2931.396,N,10146.384,E,03272,M,044538.34,A,,260509*7D
$PMGNTRK,2931.399,N,10146.389,E,03267,M,044547.33,A,,260509*74
$PMGNTRK,2931.401,N,10146.395,E,03260,M,044556.33,A,,260509*78
$PMGNTRK,2931.398,N,10146.401,E,03260,M,044606.34,A,,260509*74
$PMGNTRK,2931.394,N,10146.405,E,03260,M,044618.34,A,,260509*73
$PMGNTRK,2931.389,N,10146.409,E,03260,M,044630.34,A,,260509*79
$PMGNTRK,2931.384,N,10146.411,E,03261,M,044642.34,A,,260509*79
$PMGNTRK,2931.379,N,10146.414,E,03261,M,044655.33,A,,260509*7F
$PMGNTRK,2931.374,N,10146.417,E,03262,M,044709.33,A,,260509*7A
$PMGNTRK,2931.369,N,10146.419,E,03262,M,044722.34,A,,260509*76
$PMGNTRK,2931.363,N,10146.421,E,03263,M,044734.33,A,,260509*76
$PMGNTRK,2931.360,N,10146.427,E,03264,M,044747.34,A,,260509*77
$PMGNTRK,2931.357,N,10146.433,E,03265,M,044757.35,A,,260509*77
$PMGNTRK,2931.353,N,10146.438,E,03266,M,044807.35,A,,260509*71
$PMGNTRK,2931.349,N,10146.442,E,03267,M,044817.34,A,,260509*76
$PMGNTRK,2931.344,N,10146.445,E,03266,M,044827.34,A,,260509*7E
$PMGNTRK,2931.339,N,10146.449,E,03268,M,044837.35,A,,260509*76
$PMGNTRK,2931.334,N,10146.451,E,03268,M,044847.35,A,,260509*75
$PMGNTRK,2931.329,N,10146.454,E,03268,M,044857.34,A,,260509*7C
$PMGNTRK,2931.325,N,10146.457,E,03267,M,044907.35,A,,260509*79
$PMGNTRK,2931.320,N,10146.461,E,03267,M,044917.35,A,,260509*78
$PMGNTRK,2931.316,N,10146.465,E,03267,M,044926.35,A,,260509*7B
$PMGNTRK,2931.310,N,10146.466,E,03268,M,044936.35,A,,260509*70
$PMGNTRK,2931.304,N,10146.468,E,03269,M,044945.33,A,,260509*78
$PMGNTRK,2931.300,N,10146.473,E,03269,M,044954.35,A,,260509*70
$PMGNTRK,2931.296,N,10146.478,E,03270,M,045004.35,A,,260509*70
$PMGNTRK,2931.292,N,10146.482,E,03270,M,045014.34,A,,260509*71
$PMGNTRK,2931.288,N,10146.487,E,03268,M,045024.34,A,,260509*75
$PMGNTRK,2931.284,N,10146.492,E,03268,M,045034.35,A,,260509*7D
$PMGNTRK,2931.280,N,10146.498,E,03265,M,045051.35,A,,260509*7D
$PMGNTRK,2931.277,N,10146.503,E,03265,M,045101.34,A,,260509*73
$PMGNTRK,2931.274,N,10146.508,E,03265,M,045110.34,A,,260509*7B
$PMGNTRK,2931.269,N,10146.512,E,03267,M,045119.35,A,,260509*76
$PMGNTRK,2931.265,N,10146.516,E,03268,M,045128.35,A,,260509*73
$PMGNTRK,2931.261,N,10146.521,E,03270,M,045137.35,A,,260509*74
$PMGNTRK,2931.258,N,10146.526,E,03270,M,045147.35,A,,260509*7E
$PMGNTRK,2931.254,N,10146.531,E,03271,M,045157.34,A,,260509*75
$PMGNTRK,2931.249,N,10146.535,E,03275,M,045206.35,A,,260509*7F
$PMGNTRK,2931.245,N,10146.540,E,03274,M,045216.34,A,,260509*70
$PMGNTRK,2931.241,N,10146.544,E,03275,M,045226.35,A,,260509*73
$PMGNTRK,2931.236,N,10146.548,E,03275,M,045236.35,A,,260509*7E
$PMGNTRK,2931.231,N,10146.551,E,03278,M,045246.34,A,,260509*7A
$PMGNTRK,2931.226,N,10146.554,E,03279,M,045257.35,A,,260509*79
$PMGNTRK,2931.221,N,10146.558,E,03279,M,045309.35,A,,260509*78
$PMGNTRK,2931.216,N,10146.560,E,03279,M,045320.35,A,,260509*7C
$PMGNTRK,2931.211,N,10146.562,E,03279,M,045331.34,A,,260509*78
$PMGNTRK,2931.205,N,10146.565,E,03279,M,045343.35,A,,260509*7E
$PMGNTRK,2931.200,N,10146.567,E,03279,M,045355.35,A,,260509*7E
$PMGNTRK,2931.194,N,10146.569,E,03279,M,045406.34,A,,260509*7E
$PMGNTRK,2931.188,N,10146.568,E,03277,M,045417.35,A,,260509*7D
$PMGNTRK,2931.183,N,10146.567,E,03278,M,045426.35,A,,260509*74
$PMGNTRK,2931.177,N,10146.566,E,03279,M,045436.35,A,,260509*7E
$PMGNTRK,2931.171,N,10146.565,E,03281,M,045446.34,A,,260509*7A
$PMGNTRK,2931.166,N,10146.566,E,03283,M,045455.34,A,,260509*7F
$PMGNTRK,2931.160,N,10146.567,E,03285,M,045505.34,A,,260509*7A
$PMGNTRK,2931.155,N,10146.567,E,03288,M,045514.34,A,,260509*71
$PMGNTRK,2931.149,N,10146.570,E,03287,M,045525.35,A,,260509*76
$PMGNTRK,2931.144,N,10146.572,E,03290,M,045533.35,A,,260509*78
$PMGNTRK,2931.138,N,10146.575,E,03292,M,045542.36,A,,260509*73
$PMGNTRK,2931.133,N,10146.576,E,03292,M,045551.36,A,,260509*79
$PMGNTRK,2931.127,N,10146.578,E,03293,M,045600.35,A,,260509*77
$PMGNTRK,2931.122,N,10146.581,E,03293,M,045608.34,A,,260509*7D
$PMGNTRK,2931.117,N,10146.585,E,03294,M,045617.36,A,,260509*74
$PMGNTRK,2931.111,N,10146.587,E,03295,M,045627.35,A,,260509*71
$PMGNTRK,2931.105,N,10146.588,E,03297,M,045636.36,A,,260509*7A
$PMGNTRK,2931.099,N,10146.589,E,03299,M,045645.34,A,,260509*77
$PMGNTRK,2931.094,N,10146.590,E,03301,M,045653.35,A,,260509*74
$PMGNTRK,2931.088,N,10146.592,E,03300,M,045702.35,A,,260509*7F
$PMGNTRK,2931.083,N,10146.595,E,03300,M,045711.36,A,,260509*72
$PMGNTRK,2931.079,N,10146.600,E,03301,M,045720.36,A,,260509*7B
$PMGNTRK,2931.075,N,10146.605,E,03301,M,045729.35,A,,260509*78
$PMGNTRK,2931.071,N,10146.608,E,03302,M,045737.34,A,,260509*7C
$PMGNTRK,2931.068,N,10146.614,E,03303,M,045746.36,A,,260509*7C
$PMGNTRK,2931.068,N,10146.621,E,03301,M,045755.36,A,,260509*7A
$PMGNTRK,2931.066,N,10146.627,E,03301,M,045804.35,A,,260509*7A
$PMGNTRK,2931.065,N,10146.633,E,03301,M,045813.35,A,,260509*7A
$PMGNTRK,2931.065,N,10146.639,E,03301,M,045822.35,A,,260509*72
$PMGNTRK,2931.065,N,10146.646,E,03300,M,045831.35,A,,260509*79
$PMGNTRK,2931.063,N,10146.652,E,03300,M,045840.36,A,,260509*7F
$PMGNTRK,2931.060,N,10146.658,E,03300,M,045849.34,A,,260509*7D
$PMGNTRK,2931.057,N,10146.663,E,03300,M,045857.35,A,,260509*7F
$PMGNTRK,2931.055,N,10146.669,E,03299,M,045905.35,A,,260509*70
$PMGNTRK,2931.053,N,10146.675,E,03299,M,045913.36,A,,260509*7F
$PMGNTRK,2931.052,N,10146.681,E,03299,M,045921.35,A,,260509*77
$PMGNTRK,2931.050,N,10146.688,E,03299,M,045929.34,A,,260509*75
$PMGNTRK,2931.049,N,10146.694,E,03298,M,045937.35,A,,260509*7F
$PMGNTRK,2931.050,N,10146.701,E,03297,M,045945.35,A,,260509*70
$PMGNTRK,2931.050,N,10146.707,E,03297,M,045953.35,A,,260509*71
$PMGNTRK,2931.049,N,10146.713,E,03297,M,050002.36,A,,260509*76
$PMGNTRK,2931.049,N,10146.719,E,03296,M,050011.34,A,,260509*7D
$PMGNTRK,2931.047,N,10146.726,E,03294,M,050020.35,A,,260509*7E
$PMGNTRK,2931.046,N,10146.732,E,03293,M,050029.35,A,,260509*74
$PMGNTRK,2931.046,N,10146.739,E,03294,M,050038.35,A,,260509*78
$PMGNTRK,2931.046,N,10146.746,E,03292,M,050047.35,A,,260509*7E
$PMGNTRK,2931.051,N,10146.751,E,03289,M,050057.35,A,,260509*75
$PMGNTRK,2931.055,N,10146.755,E,03287,M,050107.36,A,,260509*7C
$PMGNTRK,2931.051,N,10146.760,E,03288,M,050118.35,A,,260509*7C
$PMGNTRK,2931.050,N,10146.766,E,03285,M,050130.35,A,,260509*7C
$PMGNTRK,2931.045,N,10146.770,E,03286,M,050140.36,A,,260509*78
$PMGNTRK,2931.040,N,10146.775,E,03284,M,050149.36,A,,260509*73
$PMGNTRK,2931.037,N,10146.780,E,03282,M,050158.35,A,,260509*7C
$PMGNTRK,2931.033,N,10146.785,E,03280,M,050208.36,A,,260509*7A
$PMGNTRK,2931.030,N,10146.790,E,03277,M,050217.36,A,,260509*7B
$PMGNTRK,2931.027,N,10146.796,E,03275,M,050226.35,A,,260509*78
$PMGNTRK,2931.025,N,10146.802,E,03273,M,050234.36,A,,260509*7E
$PMGNTRK,2931.022,N,10146.808,E,03271,M,050243.36,A,,260509*71
$PMGNTRK,2931.019,N,10146.813,E,03268,M,050251.37,A,,260509*79
$PMGNTRK,2931.015,N,10146.819,E,03268,M,050259.35,A,,260509*75
$PMGNTRK,2931.012,N,10146.824,E,03269,M,050307.36,A,,260509*74
$PMGNTRK,2931.010,N,10146.831,E,03267,M,050317.35,A,,260509*7E
$PMGNTRK,2931.011,N,10146.837,E,03268,M,050326.35,A,,260509*74
$PMGNTRK,2931.013,N,10146.844,E,03268,M,050334.36,A,,260509*72
$PMGNTRK,2931.016,N,10146.850,E,03266,M,050343.35,A,,260509*7F
$PMGNTRK,2931.020,N,10146.855,E,03266,M,050353.36,A,,260509*7D
$PMGNTRK,2931.024,N,10146.860,E,03264,M,050402.36,A,,260509*7E
$PMGNTRK,2931.026,N,10146.866,E,03262,M,050411.35,A,,260509*7D
$PMGNTRK,2931.027,N,10146.873,E,03262,M,050420.37,A,,260509*78
$PMGNTRK,2931.027,N,10146.880,E,03263,M,050430.36,A,,260509*75
$PMGNTRK,2931.025,N,10146.886,E,03261,M,050439.35,A,,260509*79
$PMGNTRK,2931.024,N,10146.892,E,03262,M,050447.36,A,,260509*74
$PMGNTRK,2931.024,N,10146.899,E,03262,M,050456.36,A,,260509*7F
$PMGNTRK,2931.022,N,10146.905,E,03257,M,050507.35,A,,260509*7D
$PMGNTRK,2931.020,N,10146.912,E,03258,M,050516.36,A,,260509*75
$PMGNTRK,2931.019,N,10146.918,E,03259,M,050525.36,A,,260509*74
$PMGNTRK,2931.018,N,10146.924,E,03260,M,050534.36,A,,260509*70
$PMGNTRK,2931.016,N,10146.930,E,03259,M,050543.36,A,,260509*71
$PMGNTRK,2931.014,N,10146.937,E,03257,M,050553.36,A,,260509*7B
$PMGNTRK,2931.012,N,10146.943,E,03257,M,050602.36,A,,260509*79
$PMGNTRK,2931.012,N,10146.949,E,03257,M,050611.36,A,,260509*71
$PMGNTRK,2931.012,N,10146.956,E,03258,M,050620.35,A,,260509*71
$PMGNTRK,2931.014,N,10146.962,E,03260,M,050630.36,A,,260509*79
$PMGNTRK,2931.015,N,10146.969,E,03262,M,050640.36,A,,260509*76
$PMGNTRK,2931.017,N,10146.975,E,03262,M,050649.36,A,,260509*70
$PMGNTRK,2931.016,N,10146.981,E,03261,M,050700.36,A,,260509*75
$PMGNTRK,2931.011,N,10146.985,E,03262,M,050709.35,A,,260509*7F
$PMGNTRK,2931.009,N,10146.991,E,03264,M,050717.36,A,,260509*79
$PMGNTRK,2931.008,N,10146.997,E,03267,M,050739.35,A,,260509*72
$PMGNTRK,2931.007,N,10147.003,E,03268,M,050953.37,A,,260509*77
$PMGNTRK,2931.006,N,10147.010,E,03267,M,051056.37,A,,260509*76
$PMGNTRK,2931.003,N,10147.016,E,03264,M,051106.36,A,,260509*73
$PMGNTRK,2931.000,N,10147.021,E,03259,M,051124.37,A,,260509*7B
$PMGNTRK,2930.997,N,10147.027,E,03257,M,051136.37,A,,260509*76
$PMGNTRK,2930.995,N,10147.034,E,03255,M,051145.37,A,,260509*70
$PMGNTRK,2930.991,N,10147.038,E,03255,M,051154.37,A,,260509*78
$PMGNTRK,2930.989,N,10147.044,E,03254,M,051203.37,A,,260509*7A
$PMGNTRK,2930.988,N,10147.051,E,03253,M,051212.36,A,,260509*79
$PMGNTRK,2930.985,N,10147.055,E,03254,M,051220.37,A,,260509*77
$PMGNTRK,2930.983,N,10147.061,E,03253,M,051228.36,A,,260509*78
$PMGNTRK,2930.981,N,10147.068,E,03253,M,051237.37,A,,260509*7C
$PMGNTRK,2930.980,N,10147.074,E,03255,M,051246.37,A,,260509*70
$PMGNTRK,2930.979,N,10147.080,E,03254,M,051255.37,A,,260509*7E
$PMGNTRK,2930.978,N,10147.087,E,03254,M,051304.37,A,,260509*7D
$PMGNTRK,2930.978,N,10147.094,E,03254,M,051313.37,A,,260509*79
$PMGNTRK,2930.978,N,10147.101,E,03254,M,051322.38,A,,260509*79
$PMGNTRK,2930.977,N,10147.107,E,03252,M,051331.36,A,,260509*7A
$PMGNTRK,2930.978,N,10147.113,E,03250,M,051341.37,A,,260509*74
$PMGNTRK,2930.977,N,10147.120,E,03251,M,051350.36,A,,260509*7B
$PMGNTRK,2930.976,N,10147.127,E,03250,M,051400.37,A,,260509*7F
$PMGNTRK,2930.975,N,10147.133,E,03251,M,051408.37,A,,260509*70
$PMGNTRK,2930.972,N,10147.139,E,03252,M,051416.38,A,,260509*7E
$PMGNTRK,2930.970,N,10147.145,E,03251,M,051426.37,A,,260509*78
$PMGNTRK,2930.968,N,10147.151,E,03252,M,051435.37,A,,260509*75
$PMGNTRK,2930.966,N,10147.158,E,03253,M,051444.38,A,,260509*7A
$PMGNTRK,2930.962,N,10147.162,E,03252,M,051453.36,A,,260509*7E
$PMGNTRK,2930.959,N,10147.168,E,03252,M,051501.37,A,,260509*7B
$PMGNTRK,2930.957,N,10147.174,E,03250,M,051510.38,A,,260509*75
$PMGNTRK,2930.954,N,10147.180,E,03249,M,051519.38,A,,260509*7C
$PMGNTRK,2930.952,N,10147.186,E,03249,M,051528.37,A,,260509*71
$PMGNTRK,2930.949,N,10147.192,E,03249,M,051537.37,A,,260509*70
$PMGNTRK,2930.947,N,10147.199,E,03251,M,051546.37,A,,260509*7A
$PMGNTRK,2930.947,N,10147.205,E,03251,M,051555.37,A,,260509*7E
$PMGNTRK,2930.943,N,10147.211,E,03252,M,051603.38,A,,260509*73
$PMGNTRK,2930.942,N,10147.217,E,03253,M,051611.37,A,,260509*79
$PMGNTRK,2930.941,N,10147.224,E,03252,M,051620.38,A,,260509*76
$PMGNTRK,2930.938,N,10147.230,E,03252,M,051629.38,A,,260509*74
$PMGNTRK,2930.936,N,10147.235,E,03250,M,051638.37,A,,260509*72
$PMGNTRK,2930.934,N,10147.242,E,03248,M,051647.37,A,,260509*71
$PMGNTRK,2930.933,N,10147.248,E,03248,M,051656.37,A,,260509*7C
$PMGNTRK,2930.932,N,10147.255,E,03245,M,051705.37,A,,260509*7B
$PMGNTRK,2930.931,N,10147.262,E,03241,M,051716.38,A,,260509*75
$PMGNTRK,2930.929,N,10147.268,E,03235,M,051726.37,A,,260509*79
$PMGNTRK,2930.926,N,10147.273,E,03235,M,051734.37,A,,260509*7F
$PMGNTRK,2930.922,N,10147.278,E,03235,M,051743.37,A,,260509*70
$PMGNTRK,2930.919,N,10147.284,E,03234,M,051753.38,A,,260509*74
$PMGNTRK,2930.916,N,10147.290,E,03235,M,051802.38,A,,260509*74
$PMGNTRK,2930.915,N,10147.297,E,03235,M,051811.37,A,,260509*7D
$PMGNTRK,2930.911,N,10147.302,E,03235,M,051819.38,A,,260509*73
$PMGNTRK,2930.907,N,10147.306,E,03234,M,051827.37,A,,260509*73
$PMGNTRK,2930.901,N,10147.308,E,03233,M,051835.38,A,,260509*70
$PMGNTRK,2930.896,N,10147.310,E,03232,M,051844.38,A,,260509*71
$PMGNTRK,2930.892,N,10147.314,E,03232,M,051852.38,A,,260509*76
$PMGNTRK,2930.886,N,10147.318,E,03233,M,051900.37,A,,260509*77
$PMGNTRK,2930.882,N,10147.322,E,03233,M,051908.37,A,,260509*72
$PMGNTRK,2930.877,N,10147.324,E,03233,M,051916.37,A,,260509*71
$PMGNTRK,2930.872,N,10147.328,E,03233,M,051923.37,A,,260509*7E
$PMGNTRK,2930.867,N,10147.332,E,03233,M,051931.38,A,,260509*7D
$PMGNTRK,2930.863,N,10147.337,E,03233,M,051939.38,A,,260509*74
$PMGNTRK,2930.860,N,10147.342,E,03232,M,051948.38,A,,260509*72
$PMGNTRK,2930.857,N,10147.348,E,03232,M,051957.37,A,,260509*7D
$PMGNTRK,2930.854,N,10147.353,E,03232,M,052005.38,A,,260509*76
$PMGNTRK,2930.852,N,10147.360,E,03231,M,052013.38,A,,260509*74
$PMGNTRK,2930.849,N,10147.365,E,03231,M,052021.38,A,,260509*7A
$PMGNTRK,2930.847,N,10147.371,E,03231,M,052031.37,A,,260509*7F
$PMGNTRK,2930.845,N,10147.377,E,03232,M,052039.38,A,,260509*7F
$PMGNTRK,2930.844,N,10147.384,E,03231,M,052047.38,A,,260509*78
$PMGNTRK,2930.843,N,10147.390,E,03230,M,052055.38,A,,260509*78
$PMGNTRK,2930.841,N,10147.396,E,03228,M,052103.38,A,,260509*77
$PMGNTRK,2930.838,N,10147.403,E,03226,M,052112.38,A,,260509*7C
$PMGNTRK,2930.835,N,10147.409,E,03224,M,052123.38,A,,260509*7B
$PMGNTRK,2930.831,N,10147.414,E,03224,M,052132.39,A,,260509*72
$PMGNTRK,2930.828,N,10147.419,E,03223,M,052140.38,A,,260509*74
$PMGNTRK,2930.825,N,10147.425,E,03221,M,052149.39,A,,260509*7C
$PMGNTRK,2930.822,N,10147.431,E,03219,M,052158.39,A,,260509*75
$PMGNTRK,2930.821,N,10147.437,E,03212,M,052208.38,A,,260509*7C
$PMGNTRK,2930.817,N,10147.442,E,03212,M,052219.39,A,,260509*7A
$PMGNTRK,2930.814,N,10147.448,E,03208,M,052229.38,A,,260509*7A
$PMGNTRK,2930.811,N,10147.454,E,03207,M,052238.38,A,,260509*7D
$PMGNTRK,2930.808,N,10147.460,E,03208,M,052247.39,A,,260509*74
$PMGNTRK,2930.806,N,10147.466,E,03210,M,052259.39,A,,260509*7A
$PMGNTRK,2930.808,N,10147.473,E,03209,M,052312.90,A,,260509*75
$PMGNTRK,2930.803,N,10147.469,E,03213,M,052432.39,A,,260509*78
$PMGNTRK,2930.798,N,10147.469,E,03209,M,052634.39,A,,260509*7A
$PMGNTRK,2930.793,N,10147.466,E,03236,M,053030.41,A,,260509*7E
$PMGNTRK,2930.787,N,10147.469,E,03235,M,053142.39,A,,260509*7C
$PMGNTRK,2930.784,N,10147.475,E,03235,M,053153.40,A,,260509*7C
$PMGNTRK,2930.780,N,10147.479,E,03236,M,053202.42,A,,260509*72
$PMGNTRK,2930.775,N,10147.482,E,03237,M,053212.41,A,,260509*7F
$PMGNTRK,2930.771,N,10147.487,E,03239,M,053221.40,A,,260509*71
$PMGNTRK,2930.767,N,10147.492,E,03236,M,053231.40,A,,260509*7C
$PMGNTRK,2930.764,N,10147.498,E,03236,M,053241.41,A,,260509*73
$PMGNTRK,2930.761,N,10147.503,E,03235,M,053251.42,A,,260509*74
$PMGNTRK,2930.757,N,10147.508,E,03235,M,053300.41,A,,260509*7C
$PMGNTRK,2930.754,N,10147.514,E,03237,M,053309.41,A,,260509*79
$PMGNTRK,2930.751,N,10147.520,E,03233,M,053320.40,A,,260509*75
$PMGNTRK,2930.749,N,10147.526,E,03230,M,053330.41,A,,260509*79
$PMGNTRK,2930.745,N,10147.530,E,03230,M,053339.41,A,,260509*7B
$PMGNTRK,2930.741,N,10147.535,E,03230,M,053348.40,A,,260509*7D
$PMGNTRK,2930.737,N,10147.540,E,03232,M,053357.40,A,,260509*72
$PMGNTRK,2930.733,N,10147.545,E,03233,M,053405.41,A,,260509*73
$PMGNTRK,2930.731,N,10147.551,E,03234,M,053413.42,A,,260509*77
$PMGNTRK,2930.728,N,10147.557,E,03233,M,053422.41,A,,260509*7F
$PMGNTRK,2930.724,N,10147.562,E,03232,M,053431.41,A,,260509*76
$PMGNTRK,2930.720,N,10147.567,E,03231,M,053440.39,A,,260509*7D
$PMGNTRK,2930.716,N,10147.571,E,03232,M,053449.41,A,,260509*7A
$PMGNTRK,2930.711,N,10147.575,E,03232,M,053458.41,A,,260509*79
$PMGNTRK,2930.706,N,10147.578,E,03230,M,053507.42,A,,260509*78
$PMGNTRK,2930.701,N,10147.582,E,03229,M,053516.40,A,,260509*70
$PMGNTRK,2930.698,N,10147.587,E,03228,M,053526.40,A,,260509*76
$PMGNTRK,2930.695,N,10147.593,E,03227,M,053535.42,A,,260509*71
$PMGNTRK,2930.695,N,10147.599,E,03228,M,053543.41,A,,260509*76
$PMGNTRK,2930.693,N,10147.606,E,03227,M,053552.41,A,,260509*7A
$PMGNTRK,2930.691,N,10147.612,E,03228,M,053601.41,A,,260509*77
$PMGNTRK,2930.689,N,10147.618,E,03228,M,053611.41,A,,260509*75
$PMGNTRK,2930.686,N,10147.624,E,03228,M,053622.41,A,,260509*75
$PMGNTRK,2930.684,N,10147.630,E,03230,M,053631.42,A,,260509*7A
$PMGNTRK,2930.681,N,10147.637,E,03231,M,053641.42,A,,260509*7E
$PMGNTRK,2930.678,N,10147.642,E,03231,M,053651.41,A,,260509*78
$PMGNTRK,2930.674,N,10147.646,E,03233,M,053700.43,A,,260509*75
$PMGNTRK,2930.671,N,10147.652,E,03233,M,053711.42,A,,260509*74
$PMGNTRK,2930.671,N,10147.659,E,03233,M,053722.42,A,,260509*7F
$PMGNTRK,2930.670,N,10147.666,E,03233,M,053732.42,A,,260509*73
$PMGNTRK,2930.667,N,10147.671,E,03232,M,053742.41,A,,260509*76
$PMGNTRK,2930.663,N,10147.676,E,03232,M,053752.42,A,,260509*77
$PMGNTRK,2930.658,N,10147.675,E,03232,M,053800.42,A,,260509*74
$PMGNTRK,2930.653,N,10147.677,E,03233,M,053809.42,A,,260509*75
$PMGNTRK,2930.649,N,10147.683,E,03235,M,053817.41,A,,260509*7F
$PMGNTRK,2930.646,N,10147.689,E,03237,M,053826.42,A,,260509*79
$PMGNTRK,2930.642,N,10147.693,E,03237,M,053835.42,A,,260509*74
$PMGNTRK,2930.637,N,10147.697,E,03236,M,053844.42,A,,260509*75
$PMGNTRK,2930.633,N,10147.702,E,03235,M,053853.42,A,,260509*79
$PMGNTRK,2930.629,N,10147.707,E,03233,M,053903.40,A,,260509*77
$PMGNTRK,2930.627,N,10147.712,E,03233,M,053912.42,A,,260509*7F
$PMGNTRK,2930.624,N,10147.718,E,03232,M,053921.42,A,,260509*77
$PMGNTRK,2930.620,N,10147.723,E,03233,M,053930.43,A,,260509*7B
$PMGNTRK,2930.615,N,10147.727,E,03232,M,053939.42,A,,260509*70
$PMGNTRK,2930.610,N,10147.729,E,03233,M,053947.41,A,,260509*70
$PMGNTRK,2930.605,N,10147.733,E,03234,M,053955.42,A,,260509*78
$PMGNTRK,2930.601,N,10147.737,E,03233,M,054005.43,A,,260509*75
$PMGNTRK,2930.602,N,10147.743,E,03231,M,054015.42,A,,260509*77
$PMGNTRK,2930.603,N,10147.749,E,03230,M,054025.42,A,,260509*7E
$PMGNTRK,2930.604,N,10147.756,E,03227,M,054036.42,A,,260509*73
$PMGNTRK,2930.604,N,10147.762,E,03225,M,054045.42,A,,260509*72
$PMGNTRK,2930.601,N,10147.768,E,03227,M,054053.42,A,,260509*78
$PMGNTRK,2930.598,N,10147.773,E,03229,M,054102.42,A,,260509*7A
$PMGNTRK,2930.592,N,10147.776,E,03231,M,054111.41,A,,260509*7D
$PMGNTRK,2930.587,N,10147.778,E,03230,M,054122.42,A,,260509*75
$PMGNTRK,2930.581,N,10147.780,E,03231,M,054133.42,A,,260509*75
$PMGNTRK,2930.577,N,10147.785,E,03232,M,054142.42,A,,260509*7C
$PMGNTRK,2930.573,N,10147.789,E,03230,M,054153.43,A,,260509*77
$PMGNTRK,2930.571,N,10147.795,E,03233,M,054205.42,A,,260509*7A
$PMGNTRK,2930.566,N,10147.795,E,03234,M,054226.42,A,,260509*7A
$PMGNTRK,2930.560,N,10147.796,E,03234,M,054253.42,A,,260509*7D
$PMGNTRK,2930.555,N,10147.797,E,03234,M,054304.42,A,,260509*79
$PMGNTRK,2930.549,N,10147.797,E,03234,M,054317.43,A,,260509*77
$PMGNTRK,2930.544,N,10147.800,E,03237,M,054330.42,A,,260509*7C
$PMGNTRK,2930.541,N,10147.805,E,03237,M,054341.42,A,,260509*7A
$PMGNTRK,2930.537,N,10147.810,E,03240,M,054354.43,A,,260509*7A
$PMGNTRK,2930.532,N,10147.814,E,03242,M,054405.43,A,,260509*7A
$PMGNTRK,2930.527,N,10147.818,E,03242,M,054417.42,A,,260509*70
$PMGNTRK,2930.524,N,10147.822,E,03241,M,054428.44,A,,260509*73
$PMGNTRK,2930.519,N,10147.827,E,03242,M,054453.43,A,,260509*70
$PMGNTRK,2930.514,N,10147.829,E,03243,M,054502.41,A,,260509*75
$PMGNTRK,2930.509,N,10147.832,E,03246,M,054518.43,A,,260509*7F
$PMGNTRK,2930.504,N,10147.836,E,03249,M,054532.43,A,,260509*71
$PMGNTRK,2930.499,N,10147.838,E,03253,M,054610.43,A,,260509*72
$PMGNTRK,2930.495,N,10147.843,E,03255,M,054618.44,A,,260509*7B
$PMGNTRK,2930.491,N,10147.848,E,03256,M,054625.42,A,,260509*7F
$PMGNTRK,2930.490,N,10147.855,E,03257,M,054633.42,A,,260509*74
$PMGNTRK,2930.489,N,10147.861,E,03260,M,054641.42,A,,260509*7A
$PMGNTRK,2930.489,N,10147.868,E,03261,M,054650.43,A,,260509*73
$PMGNTRK,2930.487,N,10147.875,E,03262,M,054700.43,A,,260509*76
$PMGNTRK,2930.486,N,10147.881,E,03262,M,054709.43,A,,260509*75
$PMGNTRK,2930.485,N,10147.888,E,03262,M,054718.43,A,,260509*7F
$PMGNTRK,2930.485,N,10147.895,E,03262,M,054727.42,A,,260509*7E
$PMGNTRK,2930.482,N,10147.901,E,03262,M,054753.41,A,,260509*75
$PMGNTRK,2930.479,N,10147.907,E,03260,M,054802.42,A,,260509*7D
$PMGNTRK,2930.475,N,10147.911,E,03260,M,054810.42,A,,260509*75
$PMGNTRK,2930.470,N,10147.915,E,03259,M,054819.43,A,,260509*76
$PMGNTRK,2930.466,N,10147.920,E,03256,M,054829.43,A,,260509*7B
$PMGNTRK,2930.467,N,10147.926,E,03253,M,054841.42,A,,260509*76
$PMGNTRK,2930.467,N,10147.933,E,03251,M,054850.42,A,,260509*70
$PMGNTRK,2930.463,N,10147.938,E,03250,M,054900.42,A,,260509*7A
$PMGNTRK,2930.457,N,10147.941,E,03249,M,054909.42,A,,260509*72
$PMGNTRK,2930.453,N,10147.945,E,03249,M,054917.43,A,,260509*7C
$PMGNTRK,2930.448,N,10147.948,E,03249,M,054926.42,A,,260509*78
$PMGNTRK,2930.448,N,10147.955,E,03246,M,054936.41,A,,260509*79
$PMGNTRK,2930.446,N,10147.962,E,03244,M,054947.42,A,,260509*74
$PMGNTRK,2930.444,N,10147.968,E,03241,M,054958.42,A,,260509*77
$PMGNTRK,2930.441,N,10147.973,E,03241,M,055009.42,A,,260509*74
$PMGNTRK,2930.437,N,10147.978,E,03237,M,055020.42,A,,260509*74
$PMGNTRK,2930.433,N,10147.983,E,03232,M,055032.42,A,,260509*72
$PMGNTRK,2930.429,N,10147.988,E,03229,M,055042.43,A,,260509*7E
$PMGNTRK,2930.426,N,10147.993,E,03226,M,055052.42,A,,260509*74
$PMGNTRK,2930.422,N,10147.998,E,03222,M,055102.43,A,,260509*7A
$PMGNTRK,2930.418,N,10148.002,E,03220,M,055111.44,A,,260509*71
$PMGNTRK,2930.414,N,10148.007,E,03216,M,055122.43,A,,260509*7A
$PMGNTRK,2930.409,N,10148.010,E,03214,M,055133.43,A,,260509*72
$PMGNTRK,2930.404,N,10148.014,E,03210,M,055143.43,A,,260509*78
$PMGNTRK,2930.399,N,10148.016,E,03207,M,055152.43,A,,260509*7F
$PMGNTRK,2930.394,N,10148.019,E,03208,M,055201.43,A,,260509*77
$PMGNTRK,2930.389,N,10148.021,E,03202,M,055215.43,A,,260509*7F
$PMGNTRK,2930.384,N,10148.025,E,03201,M,055224.43,A,,260509*77
$PMGNTRK,2930.381,N,10148.030,E,03200,M,055234.43,A,,260509*76
$PMGNTRK,2930.379,N,10148.036,E,03201,M,055243.43,A,,260509*76
$PMGNTRK,2930.378,N,10148.043,E,03198,M,055254.44,A,,260509*77
$PMGNTRK,2930.377,N,10148.049,E,03195,M,055305.43,A,,260509*7D
$PMGNTRK,2930.375,N,10148.055,E,03194,M,055315.44,A,,260509*75
$PMGNTRK,2930.374,N,10148.061,E,03190,M,055326.43,A,,260509*70
$PMGNTRK,2930.373,N,10148.068,E,03190,M,055336.44,A,,260509*78
$PMGNTRK,2930.371,N,10148.074,E,03186,M,055347.43,A,,260509*71
$PMGNTRK,2930.370,N,10148.080,E,03186,M,055356.43,A,,260509*7B
$PMGNTRK,2930.367,N,10148.087,E,03184,M,055406.42,A,,260509*7B
$PMGNTRK,2930.366,N,10148.093,E,03183,M,055416.44,A,,260509*7F
$PMGNTRK,2930.364,N,10148.099,E,03184,M,055425.44,A,,260509*70
$PMGNTRK,2930.364,N,10148.105,E,03181,M,055435.44,A,,260509*70
$PMGNTRK,2930.362,N,10148.111,E,03177,M,055449.44,A,,260509*71
$PMGNTRK,2930.360,N,10148.117,E,03174,M,055513.43,A,,260509*7F
$PMGNTRK,2930.359,N,10148.123,E,03179,M,055558.43,A,,260509*70
$PMGNTRK,2930.361,N,10148.129,E,03164,M,055616.43,A,,260509*74
$PMGNTRK,2930.362,N,10148.135,E,03164,M,055628.43,A,,260509*77
$PMGNTRK,2930.361,N,10148.142,E,03162,M,055637.43,A,,260509*7C
$PMGNTRK,2930.360,N,10148.148,E,03162,M,055644.43,A,,260509*73
$PMGNTRK,2930.359,N,10148.155,E,03163,M,055651.43,A,,260509*70
$PMGNTRK,2930.360,N,10148.162,E,03164,M,055659.43,A,,260509*71
$PMGNTRK,2930.360,N,10148.168,E,03168,M,055707.43,A,,260509*7D
$PMGNTRK,2930.359,N,10148.174,E,03170,M,055714.43,A,,260509*71
$PMGNTRK,2930.358,N,10148.180,E,03170,M,055722.43,A,,260509*7E
$PMGNTRK,2930.356,N,10148.186,E,03174,M,055750.43,A,,260509*77
$PMGNTRK,2930.354,N,10148.193,E,03175,M,055759.45,A,,260509*7F
$PMGNTRK,2930.353,N,10148.199,E,03179,M,055833.44,A,,260509*7C
$PMGNTRK,2930.353,N,10148.206,E,03180,M,055842.44,A,,260509*79
$PMGNTRK,2930.355,N,10148.212,E,03177,M,055859.44,A,,260509*78
$PMGNTRK,2930.357,N,10148.219,E,03177,M,055910.44,A,,260509*7D
$PMGNTRK,2930.360,N,10148.224,E,03170,M,055922.44,A,,260509*71
$PMGNTRK,2930.358,N,10148.231,E,03172,M,055934.44,A,,260509*7B
$PMGNTRK,2930.358,N,10148.237,E,03169,M,055946.44,A,,260509*72
$PMGNTRK,2930.357,N,10148.244,E,03171,M,055956.43,A,,260509*76
$PMGNTRK,2930.357,N,10148.250,E,03172,M,060006.44,A,,260509*7D
$PMGNTRK,2930.355,N,10148.257,E,03171,M,060016.44,A,,260509*7A
$PMGNTRK,2930.355,N,10148.263,E,03172,M,060025.44,A,,260509*7E
$PMGNTRK,2930.356,N,10148.269,E,03172,M,060034.44,A,,260509*77
$PMGNTRK,2930.357,N,10148.276,E,03168,M,060044.44,A,,260509*74
$PMGNTRK,2930.358,N,10148.283,E,03164,M,060055.44,A,,260509*7D
$PMGNTRK,2930.359,N,10148.289,E,03162,M,060105.44,A,,260509*74
$PMGNTRK,2930.361,N,10148.295,E,03160,M,060114.44,A,,260509*70
$PMGNTRK,2930.362,N,10148.301,E,03157,M,060124.44,A,,260509*78
$PMGNTRK,2930.363,N,10148.308,E,03156,M,060133.43,A,,260509*70
$PMGNTRK,2930.365,N,10148.314,E,03154,M,060142.44,A,,260509*78
$PMGNTRK,2930.366,N,10148.321,E,03154,M,060152.44,A,,260509*7C
$PMGNTRK,2930.365,N,10148.328,E,03154,M,060203.45,A,,260509*70
$PMGNTRK,2930.365,N,10148.334,E,03154,M,060212.45,A,,260509*7D
$PMGNTRK,2930.369,N,10148.339,E,03153,M,060222.44,A,,260509*79
$PMGNTRK,2930.373,N,10148.343,E,03151,M,060231.45,A,,260509*7E
$PMGNTRK,2930.378,N,10148.347,E,03148,M,060241.44,A,,260509*7F
$PMGNTRK,2930.381,N,10148.352,E,03145,M,060252.45,A,,260509*73
$PMGNTRK,2930.382,N,10148.359,E,03145,M,060301.43,A,,260509*7A
$PMGNTRK,2930.384,N,10148.365,E,03144,M,060310.44,A,,260509*75
$PMGNTRK,2930.385,N,10148.371,E,03145,M,060318.44,A,,260509*78
$PMGNTRK,2930.387,N,10148.378,E,03144,M,060327.45,A,,260509*7F
$PMGNTRK,2930.389,N,10148.384,E,03143,M,060336.45,A,,260509*75
$PMGNTRK,2930.390,N,10148.390,E,03144,M,060345.44,A,,260509*7A
$PMGNTRK,2930.389,N,10148.396,E,03154,M,060413.44,A,,260509*71
$PMGNTRK,2930.391,N,10148.402,E,03155,M,060450.44,A,,260509*74
$PMGNTRK,2930.394,N,10148.408,E,03160,M,060505.44,A,,260509*7C
$PMGNTRK,2930.396,N,10148.414,E,03165,M,060516.44,A,,260509*74
$PMGNTRK,2930.399,N,10148.418,E,03162,M,060528.45,A,,260509*7C
$PMGNTRK,2930.403,N,10148.424,E,03165,M,060540.45,A,,260509*7E
$PMGNTRK,2930.404,N,10148.430,E,03174,M,060554.44,A,,260509*78
$PMGNTRK,2930.406,N,10148.436,E,03174,M,060608.45,A,,260509*77
$PMGNTRK,2930.405,N,10148.442,E,03175,M,060722.44,A,,260509*7E
$PMGNTRK,2930.402,N,10148.448,E,03177,M,060732.44,A,,260509*70
$PMGNTRK,2930.400,N,10148.454,E,03187,M,060847.44,A,,260509*7D
$PMGNTRK,2930.403,N,10148.459,E,03184,M,060956.44,A,,260509*71
$PMGNTRK,2930.407,N,10148.464,E,03181,M,061009.45,A,,260509*7D
$PMGNTRK,2930.407,N,10148.471,E,03177,M,061023.44,A,,260509*79
$PMGNTRK,2930.406,N,10148.477,E,03180,M,061031.45,A,,260509*74
$PMGNTRK,2930.405,N,10148.483,E,03181,M,061042.45,A,,260509*79
$PMGNTRK,2930.409,N,10148.488,E,03171,M,061054.45,A,,260509*76
$PMGNTRK,2930.410,N,10148.495,E,03169,M,061104.45,A,,260509*7F
$PMGNTRK,2930.409,N,10148.501,E,03173,M,061113.43,A,,260509*70
$PMGNTRK,2930.410,N,10148.508,E,03171,M,061122.45,A,,260509*77
$PMGNTRK,2930.410,N,10148.514,E,03171,M,061130.44,A,,260509*78
$PMGNTRK,2930.414,N,10148.520,E,03170,M,061140.45,A,,260509*7C
$PMGNTRK,2930.416,N,10148.526,E,03172,M,061149.44,A,,260509*72
$PMGNTRK,2930.417,N,10148.532,E,03175,M,061159.45,A,,260509*71
$PMGNTRK,2930.417,N,10148.539,E,03175,M,061209.45,A,,260509*7C
$PMGNTRK,2930.418,N,10148.545,E,03174,M,061218.45,A,,260509*79
$PMGNTRK,2930.420,N,10148.552,E,03170,M,061228.45,A,,260509*73
$PMGNTRK,2930.422,N,10148.557,E,03167,M,061240.45,A,,260509*7C
$PMGNTRK,2930.425,N,10148.563,E,03160,M,061252.46,A,,260509*7B
$PMGNTRK,2930.424,N,10148.569,E,03161,M,061303.46,A,,260509*74
$PMGNTRK,2930.422,N,10148.575,E,03165,M,061311.46,A,,260509*78
$PMGNTRK,2930.420,N,10148.582,E,03166,M,061320.46,A,,260509*73
$PMGNTRK,2930.417,N,10148.588,E,03166,M,061331.46,A,,260509*7D
$PMGNTRK,2930.416,N,10148.594,E,03167,M,061339.46,A,,260509*78
$PMGNTRK,2930.414,N,10148.600,E,03168,M,061350.45,A,,260509*77
$PMGNTRK,2930.414,N,10148.607,E,03163,M,061415.47,A,,260509*7F
$PMGNTRK,2930.412,N,10148.613,E,03161,M,061423.46,A,,260509*7A
$PMGNTRK,2930.411,N,10148.620,E,03162,M,061430.46,A,,260509*78
$PMGNTRK,2930.412,N,10148.626,E,03161,M,061439.46,A,,260509*77
$PMGNTRK,2930.411,N,10148.633,E,03163,M,061450.45,A,,260509*7E
$PMGNTRK,2930.409,N,10148.639,E,03163,M,061458.45,A,,260509*75
$PMGNTRK,2930.407,N,10148.645,E,03162,M,061506.45,A,,260509*7B
$PMGNTRK,2930.406,N,10148.651,E,03161,M,061517.46,A,,260509*7F
$PMGNTRK,2930.403,N,10148.657,E,03163,M,061527.45,A,,260509*7E
$PMGNTRK,2930.400,N,10148.662,E,03159,M,061537.45,A,,260509*73
$PMGNTRK,2930.398,N,10148.668,E,03154,M,061548.45,A,,260509*7A
$PMGNTRK,2930.395,N,10148.674,E,03155,M,061556.46,A,,260509*77
$PMGNTRK,2930.392,N,10148.680,E,03160,M,061606.46,A,,260509*7B
$PMGNTRK,2930.390,N,10148.685,E,03161,M,061615.45,A,,260509*7C
$PMGNTRK,2930.388,N,10148.691,E,03162,M,061627.45,A,,260509*72
$PMGNTRK,2930.387,N,10148.698,E,03164,M,061636.46,A,,260509*71
$PMGNTRK,2930.386,N,10148.705,E,03166,M,061646.45,A,,260509*73
$PMGNTRK,2930.383,N,10148.710,E,03171,M,061656.46,A,,260509*76
$PMGNTRK,2930.380,N,10148.716,E,03172,M,061704.45,A,,260509*75
$PMGNTRK,2930.376,N,10148.721,E,03170,M,061713.45,A,,260509*7C
$PMGNTRK,2930.373,N,10148.727,E,03166,M,061722.47,A,,260509*78
$PMGNTRK,2930.369,N,10148.732,E,03166,M,061729.45,A,,260509*7E
$PMGNTRK,2930.367,N,10148.738,E,03164,M,061737.46,A,,260509*74
$PMGNTRK,2930.364,N,10148.743,E,03162,M,061747.46,A,,260509*7A
$PMGNTRK,2930.362,N,10148.750,E,03158,M,061758.45,A,,260509*7A
$PMGNTRK,2930.356,N,10148.752,E,03158,M,061807.46,A,,260509*79
$PMGNTRK,2930.351,N,10148.755,E,03158,M,061817.45,A,,260509*7B
$PMGNTRK,2930.346,N,10148.759,E,03158,M,061825.46,A,,260509*73
$PMGNTRK,2930.343,N,10148.765,E,03158,M,061835.45,A,,260509*7B
$PMGNTRK,2930.339,N,10148.771,E,03158,M,061843.45,A,,260509*72
$PMGNTRK,2930.337,N,10148.776,E,03160,M,061851.45,A,,260509*73
$PMGNTRK,2930.333,N,10148.781,E,03162,M,061859.46,A,,260509*76
$PMGNTRK,2930.329,N,10148.786,E,03161,M,061908.46,A,,260509*7C
$PMGNTRK,2930.324,N,10148.789,E,03164,M,061918.46,A,,260509*7A
$PMGNTRK,2930.318,N,10148.789,E,03166,M,061928.45,A,,260509*77
$PMGNTRK,2930.312,N,10148.791,E,03171,M,061937.46,A,,260509*7F
$PMGNTRK,2930.307,N,10148.791,E,03171,M,061948.46,A,,260509*73
$PMGNTRK,2930.301,N,10148.791,E,03170,M,062001.47,A,,260509*72
$PMGNTRK,2930.295,N,10148.793,E,03171,M,062012.46,A,,260509*7E
$PMGNTRK,2930.289,N,10148.793,E,03167,M,062025.47,A,,260509*71
$PMGNTRK,2930.284,N,10148.794,E,03172,M,062034.47,A,,260509*7F
$PMGNTRK,2930.278,N,10148.796,E,03177,M,062044.48,A,,260509*73
$PMGNTRK,2930.273,N,10148.796,E,03178,M,062053.46,A,,260509*7F
$PMGNTRK,2930.267,N,10148.797,E,03183,M,062103.47,A,,260509*7A
$PMGNTRK,2930.261,N,10148.796,E,03183,M,062114.47,A,,260509*7B
$PMGNTRK,2930.256,N,10148.795,E,03181,M,062123.47,A,,260509*7A
$PMGNTRK,2930.251,N,10148.796,E,03179,M,062132.47,A,,260509*79
$PMGNTRK,2930.245,N,10148.795,E,03177,M,062141.47,A,,260509*75
$PMGNTRK,2930.239,N,10148.795,E,03173,M,062152.46,A,,260509*79
$PMGNTRK,2930.234,N,10148.795,E,03175,M,062200.46,A,,260509*76
$PMGNTRK,2930.227,N,10148.795,E,03180,M,062208.46,A,,260509*76
$PMGNTRK,2930.222,N,10148.796,E,03183,M,062215.46,A,,260509*7F
$PMGNTRK,2930.216,N,10148.796,E,03183,M,062222.46,A,,260509*7C
$PMGNTRK,2930.211,N,10148.794,E,03181,M,062229.46,A,,260509*70
$PMGNTRK,2930.205,N,10148.794,E,03182,M,062237.46,A,,260509*79
$PMGNTRK,2930.199,N,10148.793,E,03183,M,062249.47,A,,260509*71
$PMGNTRK,2930.194,N,10148.794,E,03183,M,062301.47,A,,260509*76
$PMGNTRK,2930.189,N,10148.797,E,03184,M,062312.47,A,,260509*7C
$PMGNTRK,2930.183,N,10148.799,E,03183,M,062321.46,A,,260509*7E
$PMGNTRK,2930.178,N,10148.802,E,03183,M,062330.46,A,,260509*77
$PMGNTRK,2930.173,N,10148.805,E,03180,M,062339.47,A,,260509*70
$PMGNTRK,2930.167,N,10148.807,E,03181,M,062349.48,A,,260509*7E
$PMGNTRK,2930.162,N,10148.809,E,03186,M,062400.48,A,,260509*78
$PMGNTRK,2930.156,N,10148.810,E,03185,M,062410.46,A,,260509*7B
$PMGNTRK,2930.151,N,10148.811,E,03182,M,062421.47,A,,260509*79
$PMGNTRK,2930.145,N,10148.813,E,03184,M,062429.48,A,,260509*7F
$PMGNTRK,2930.140,N,10148.815,E,03186,M,062437.47,A,,260509*7E
$PMGNTRK,2930.134,N,10148.816,E,03186,M,062445.46,A,,260509*7A
$PMGNTRK,2930.128,N,10148.817,E,03187,M,062455.46,A,,260509*76
$PMGNTRK,2930.123,N,10148.819,E,03187,M,062505.47,A,,260509*76
$PMGNTRK,2930.117,N,10148.821,E,03186,M,062513.46,A,,260509*7D
$PMGNTRK,2930.112,N,10148.822,E,03188,M,062520.46,A,,260509*75
$PMGNTRK,2930.106,N,10148.825,E,03186,M,062528.47,A,,260509*70
$PMGNTRK,2930.101,N,10148.827,E,03187,M,062536.47,A,,260509*7B
$PMGNTRK,2930.095,N,10148.828,E,03188,M,062543.47,A,,260509*75
$PMGNTRK,2930.089,N,10148.829,E,03187,M,062550.47,A,,260509*74
$PMGNTRK,2930.084,N,10148.831,E,03185,M,062557.47,A,,260509*75
$PMGNTRK,2930.078,N,10148.834,E,03185,M,062604.47,A,,260509*76
$PMGNTRK,2930.074,N,10148.838,E,03185,M,062611.47,A,,260509*72
$PMGNTRK,2930.068,N,10148.841,E,03184,M,062624.47,A,,260509*76
$PMGNTRK,2930.064,N,10148.846,E,03182,M,062633.46,A,,260509*7C
$PMGNTRK,2930.061,N,10148.850,E,03179,M,062642.46,A,,260509*7C
$PMGNTRK,2930.057,N,10148.855,E,03177,M,062650.47,A,,260509*70
$PMGNTRK,2930.053,N,10148.859,E,03175,M,062658.47,A,,260509*72
$PMGNTRK,2930.050,N,10148.865,E,03172,M,062707.47,A,,260509*72
$PMGNTRK,2930.048,N,10148.871,E,03172,M,062715.46,A,,260509*7C
$PMGNTRK,2930.045,N,10148.877,E,03168,M,062727.48,A,,260509*73
$PMGNTRK,2930.042,N,10148.882,E,03167,M,062736.48,A,,260509*71
$PMGNTRK,2930.039,N,10148.888,E,03168,M,062744.47,A,,260509*72
$PMGNTRK,2930.036,N,10148.894,E,03168,M,062753.47,A,,260509*76
$PMGNTRK,2930.033,N,10148.899,E,03167,M,062801.47,A,,260509*79
$PMGNTRK,2930.030,N,10148.904,E,03165,M,062810.48,A,,260509*72
$PMGNTRK,2930.026,N,10148.909,E,03166,M,062818.48,A,,260509*73
$PMGNTRK,2930.024,N,10148.915,E,03165,M,062826.47,A,,260509*7D
$PMGNTRK,2930.021,N,10148.921,E,03163,M,062835.48,A,,260509*74
$PMGNTRK,2930.018,N,10148.926,E,03162,M,062843.48,A,,260509*79
$PMGNTRK,2930.015,N,10148.932,E,03163,M,062852.49,A,,260509*71
$PMGNTRK,2930.012,N,10148.938,E,03165,M,062901.48,A,,260509*7C
$PMGNTRK,2930.009,N,10148.944,E,03164,M,062911.47,A,,260509*72
$PMGNTRK,2930.008,N,10148.950,E,03164,M,062919.48,A,,260509*71
$PMGNTRK,2930.004,N,10148.955,E,03164,M,062926.48,A,,260509*74
$PMGNTRK,2930.005,N,10148.962,E,03165,M,062932.49,A,,260509*74
$PMGNTRK,2930.010,N,10148.968,E,03165,M,062933.98,A,,260509*77
$PMGNTRK,2930.016,N,10148.975,E,03165,M,062935.97,A,,260509*74
$PMGNTRK,2930.019,N,10148.983,E,03165,M,062944.48,A,,260509*76
$PMGNTRK,2930.017,N,10148.989,E,03165,M,062955.98,A,,260509*7F
$PMGNTRK,2930.011,N,10148.990,E,03165,M,063003.97,A,,260509*75
$PMGNTRK,2930.006,N,10148.992,E,03165,M,063011.48,A,,260509*70
$PMGNTRK,2930.000,N,10148.994,E,03165,M,063018.48,A,,260509*79
$PMGNTRK,2929.939,N,10149.006,E,03165,M,063121.48,A,,260509*7A
$PMGNTRK,2929.834,N,10149.131,E,03137,M,063835.49,A,,260509*79
$PMGNTRK,2929.830,N,10149.134,E,03165,M,063839.49,A,,260509*73
$PMGNTRK,2929.859,N,10149.140,E,03162,M,064520.50,A,,260509*72
$PMGNTRK,2929.837,N,10149.142,E,03162,M,064537.50,A,,260509*7E
$PMGNTRK,2929.833,N,10149.152,E,03162,M,064539.50,A,,260509*75
$PMGNTRK,2929.831,N,10149.161,E,03162,M,064540.51,A,,260509*78
$PMGNTRK,2929.828,N,10149.152,E,03162,M,064548.50,A,,260509*79
$PMGNTRK,2929.830,N,10149.146,E,03162,M,064549.50,A,,260509*74
$PMGNTRK,2929.832,N,10149.152,E,03167,M,064727.50,A,,260509*7C
$PMGNTRK,2929.834,N,10149.157,E,03167,M,064736.50,A,,260509*7F
$PMGNTRK,2929.837,N,10149.163,E,03165,M,064746.50,A,,260509*7E
$PMGNTRK,2929.840,N,10149.168,E,03163,M,064759.50,A,,260509*7D
$PMGNTRK,2929.843,N,10149.174,E,03163,M,064811.50,A,,260509*70
$PMGNTRK,2929.844,N,10149.181,E,03163,M,064822.49,A,,260509*75
$PMGNTRK,2929.846,N,10149.187,E,03161,M,064835.50,A,,260509*7D
$PMGNTRK,2929.845,N,10149.193,E,03161,M,064847.50,A,,260509*7E
$PMGNTRK,2929.842,N,10149.199,E,03160,M,064859.49,A,,260509*75
$PMGNTRK,2929.841,N,10149.205,E,03162,M,064907.50,A,,260509*70
$PMGNTRK,2929.838,N,10149.211,E,03160,M,064918.51,A,,260509*76
$PMGNTRK,2929.837,N,10149.216,E,03160,M,064927.49,A,,260509*7B
$PMGNTRK,2929.837,N,10149.223,E,03157,M,064938.50,A,,260509*7F
$PMGNTRK,2929.837,N,10149.230,E,03156,M,064946.51,A,,260509*74
$PMGNTRK,2929.837,N,10149.236,E,03153,M,064958.51,A,,260509*78
$PMGNTRK,2929.836,N,10149.242,E,03154,M,065007.00,A,,260509*7B
$PMGNTRK,2929.838,N,10149.248,E,03150,M,065017.01,A,,260509*7B
$PMGNTRK,2929.836,N,10149.255,E,03148,M,065029.52,A,,260509*7B
$PMGNTRK,2929.833,N,10149.260,E,03152,M,065038.50,A,,260509*71
$PMGNTRK,2929.830,N,10149.266,E,03153,M,065053.02,A,,260509*7F
$PMGNTRK,2929.828,N,10149.272,E,03155,M,065101.51,A,,260509*75
$PMGNTRK,2929.827,N,10149.278,E,03152,M,065112.51,A,,260509*75
$PMGNTRK,2929.826,N,10149.285,E,03155,M,065121.02,A,,260509*77
$PMGNTRK,2929.815,N,10149.328,E,03154,M,065147.51,A,,260509*76
$PMGNTRK,2929.809,N,10149.323,E,03154,M,065148.51,A,,260509*7F
$PMGNTRK,2929.757,N,10149.395,E,03154,M,065410.50,A,,260509*7F
$PMGNTRK,2929.742,N,10149.395,E,03154,M,065430.51,A,,260509*78
$PMGNTRK,2929.748,N,10149.402,E,03154,M,065437.46,A,,260509*7A
$PMGNTRK,2929.713,N,10149.353,E,03149,M,065441.51,A,,260509*7C
$PMGNTRK,2929.711,N,10149.360,E,03149,M,065450.01,A,,260509*7B
$PMGNTRK,2929.709,N,10149.366,E,03149,M,065457.50,A,,260509*77
$PMGNTRK,2929.703,N,10149.368,E,03149,M,065507.49,A,,260509*7F
$PMGNTRK,2929.703,N,10149.376,E,03149,M,065517.50,A,,260509*79
$PMGNTRK,2929.704,N,10149.383,E,03149,M,065524.01,A,,260509*70
$PMGNTRK,2929.695,N,10149.388,E,03149,M,065543.50,A,,260509*77
$PMGNTRK,2929.686,N,10149.392,E,03175,M,065554.51,A,,260509*76
$PMGNTRK,2929.687,N,10149.398,E,03169,M,065557.52,A,,260509*70
$PMGNTRK,2929.689,N,10149.406,E,03169,M,065602.52,A,,260509*7D
$PMGNTRK,2929.685,N,10149.410,E,03169,M,065615.51,A,,260509*73
$PMGNTRK,2929.681,N,10149.418,E,03169,M,065625.52,A,,260509*7F
$PMGNTRK,2929.679,N,10149.425,E,03169,M,065631.49,A,,260509*79
$PMGNTRK,2929.679,N,10149.431,E,03168,M,065639.50,A,,260509*7D
$PMGNTRK,2929.677,N,10149.438,E,03168,M,065649.51,A,,260509*7C
$PMGNTRK,2929.681,N,10149.445,E,03168,M,065651.52,A,,260509*75
$PMGNTRK,2929.682,N,10149.451,E,03168,M,065656.01,A,,260509*72
$PMGNTRK,2929.676,N,10149.449,E,03157,M,065704.01,A,,260509*7A
$PMGNTRK,2929.671,N,10149.450,E,03156,M,065712.52,A,,260509*75
$PMGNTRK,2929.674,N,10149.460,E,03156,M,065720.01,A,,260509*74
$PMGNTRK,2929.674,N,10149.468,E,03156,M,065727.51,A,,260509*7E
$PMGNTRK,2929.677,N,10149.475,E,03156,M,065732.01,A,,260509*70
$PMGNTRK,2929.677,N,10149.481,E,03156,M,065739.51,A,,260509*75
$PMGNTRK,2929.677,N,10149.488,E,03156,M,065746.51,A,,260509*74
$PMGNTRK,2929.680,N,10149.495,E,03156,M,065749.01,A,,260509*7A
$PMGNTRK,2929.682,N,10149.501,E,03156,M,065753.01,A,,260509*7F
$PMGNTRK,2929.626,N,10149.479,E,03156,M,065818.51,A,,260509*7A
$PMGNTRK,2929.649,N,10149.515,E,03156,M,065819.51,A,,260509*79
$PMGNTRK,2929.642,N,10149.507,E,03156,M,065820.52,A,,260509*78
$PMGNTRK,2929.631,N,10149.493,E,03156,M,065824.52,A,,260509*74
$PMGNTRK,2929.634,N,10149.500,E,03156,M,065827.52,A,,260509*79
$PMGNTRK,2929.628,N,10149.495,E,03156,M,065831.52,A,,260509*7E
$PMGNTRK,2929.624,N,10149.489,E,03156,M,065835.02,A,,260509*7E
$PMGNTRK,2929.629,N,10149.498,E,03156,M,065837.53,A,,260509*75
$PMGNTRK,2929.624,N,10149.492,E,03156,M,065840.52,A,,260509*73
$PMGNTRK,2929.618,N,10149.494,E,03156,M,065852.01,A,,260509*7F
$PMGNTRK,2929.612,N,10149.491,E,03156,M,065901.51,A,,260509*72
$PMGNTRK,2929.614,N,10149.498,E,03156,M,065905.51,A,,260509*79
$PMGNTRK,2929.617,N,10149.504,E,03156,M,065907.52,A,,260509*7F
$PMGNTRK,2929.619,N,10149.511,E,03156,M,065912.02,A,,260509*74
$PMGNTRK,2929.620,N,10149.519,E,03156,M,065920.52,A,,260509*72
$PMGNTRK,2929.624,N,10149.527,E,03156,M,065924.02,A,,260509*7A
$PMGNTRK,2929.627,N,10149.533,E,03156,M,065927.02,A,,260509*7F
$PMGNTRK,2929.605,N,10149.547,E,03156,M,070002.52,A,,260509*73
$PMGNTRK,2929.606,N,10149.553,E,03156,M,070003.52,A,,260509*74
$PMGNTRK,2929.606,N,10149.570,E,03156,M,070009.52,A,,260509*7F
$PMGNTRK,2929.609,N,10149.622,E,03156,M,070108.50,A,,260509*76
$PMGNTRK,2929.605,N,10149.615,E,03156,M,070110.51,A,,260509*76
$PMGNTRK,2929.603,N,10149.629,E,03156,M,070126.51,A,,260509*7A
$PMGNTRK,2929.600,N,10149.635,E,03148,M,070137.53,A,,260509*79
$PMGNTRK,2929.596,N,10149.639,E,03148,M,070149.53,A,,260509*70
$PMGNTRK,2929.592,N,10149.644,E,03148,M,070159.51,A,,260509*7D
$PMGNTRK,2929.588,N,10149.648,E,03148,M,070434.51,A,,260509*74
$PMGNTRK,2929.584,N,10149.652,E,03148,M,070441.51,A,,260509*71
$PMGNTRK,2929.578,N,10149.656,E,03148,M,070449.51,A,,260509*7E
$PMGNTRK,2929.574,N,10149.660,E,03148,M,070457.51,A,,260509*78
$PMGNTRK,2929.570,N,10149.666,E,03148,M,070506.51,A,,260509*7F
$PMGNTRK,2929.566,N,10149.670,E,03148,M,070515.51,A,,260509*7D
$PMGNTRK,2929.562,N,10149.675,E,03148,M,070527.01,A,,260509*78
$PMGNTRK,2929.557,N,10149.679,E,03148,M,070535.02,A,,260509*72
$PMGNTRK,2929.551,N,10149.681,E,03148,M,070544.51,A,,260509*73
$PMGNTRK,2929.546,N,10149.683,E,03148,M,070551.51,A,,260509*73
$PMGNTRK,2929.541,N,10149.686,E,03148,M,070558.51,A,,260509*78
$PMGNTRK,2929.536,N,10149.689,E,03148,M,070606.52,A,,260509*7C
$PMGNTRK,2929.530,N,10149.692,E,03148,M,070614.51,A,,260509*70
$PMGNTRK,2929.525,N,10149.694,E,03148,M,070628.51,A,,260509*7D
$PMGNTRK,2929.520,N,10149.696,E,03148,M,070638.51,A,,260509*7B
$PMGNTRK,2929.514,N,10149.697,E,03148,M,070647.51,A,,260509*75
$PMGNTRK,2929.509,N,10149.700,E,03148,M,070656.51,A,,260509*76
$PMGNTRK,2929.504,N,10149.702,E,03148,M,070708.01,A,,260509*76
$PMGNTRK,2929.498,N,10149.703,E,03148,M,070716.52,A,,260509*7A
$PMGNTRK,2929.493,N,10149.706,E,03148,M,070724.51,A,,260509*76
$PMGNTRK,2929.488,N,10149.709,E,03148,M,070733.51,A,,260509*75
$PMGNTRK,2929.482,N,10149.712,E,03148,M,070744.52,A,,260509*76
$PMGNTRK,2929.478,N,10149.715,E,03148,M,070753.52,A,,260509*72
$PMGNTRK,2929.474,N,10149.720,E,03149,M,070804.52,A,,260509*74
$PMGNTRK,2929.470,N,10149.724,E,03149,M,070814.52,A,,260509*75
$PMGNTRK,2929.466,N,10149.729,E,03149,M,070821.52,A,,260509*79
$PMGNTRK,2929.462,N,10149.732,E,03149,M,070830.52,A,,260509*77
$PMGNTRK,2929.457,N,10149.736,E,03149,M,070837.52,A,,260509*72
$PMGNTRK,2929.452,N,10149.740,E,03149,M,070846.52,A,,260509*70
$PMGNTRK,2929.448,N,10149.744,E,03149,M,070854.52,A,,260509*7C
$PMGNTRK,2929.443,N,10149.747,E,03152,M,070905.52,A,,260509*7B
$PMGNTRK,2929.440,N,10149.752,E,03150,M,070917.52,A,,260509*7D
$PMGNTRK,2929.439,N,10149.759,E,03149,M,070930.53,A,,260509*74
$PMGNTRK,2929.437,N,10149.765,E,03151,M,070941.52,A,,260509*7B
$PMGNTRK,2929.435,N,10149.771,E,03144,M,070952.52,A,,260509*7A
$PMGNTRK,2929.432,N,10149.777,E,03140,M,071004.52,A,,260509*74
$PMGNTRK,2929.430,N,10149.782,E,03138,M,071015.52,A,,260509*73
$PMGNTRK,2929.425,N,10149.787,E,03138,M,071025.52,A,,260509*71
$PMGNTRK,2929.422,N,10149.793,E,03137,M,071035.52,A,,260509*7D
$PMGNTRK,2929.419,N,10149.798,E,03139,M,071046.52,A,,260509*74
$PMGNTRK,2929.416,N,10149.804,E,03140,M,071054.53,A,,260509*7D
$PMGNTRK,2929.413,N,10149.809,E,03141,M,071104.53,A,,260509*70
$PMGNTRK,2929.410,N,10149.815,E,03140,M,071116.52,A,,260509*7D
$PMGNTRK,2929.408,N,10149.821,E,03141,M,071126.52,A,,260509*71
$PMGNTRK,2929.405,N,10149.827,E,03141,M,071136.52,A,,260509*7B
$PMGNTRK,2929.401,N,10149.832,E,03138,M,071147.52,A,,260509*73
$PMGNTRK,2929.399,N,10149.838,E,03134,M,071202.53,A,,260509*70
$PMGNTRK,2929.395,N,10149.843,E,03129,M,071226.53,A,,260509*7A
$PMGNTRK,2929.391,N,10149.847,E,03126,M,071245.54,A,,260509*77
$PMGNTRK,2929.386,N,10149.850,E,03126,M,071258.53,A,,260509*7C
$PMGNTRK,2929.381,N,10149.853,E,03127,M,071305.52,A,,260509*71
$PMGNTRK,2929.375,N,10149.854,E,03126,M,071312.52,A,,260509*7A
$PMGNTRK,2929.370,N,10149.856,E,03126,M,071319.52,A,,260509*76
$PMGNTRK,2929.365,N,10149.859,E,03128,M,071343.54,A,,260509*7A
$PMGNTRK,2929.362,N,10149.865,E,03127,M,071421.06,A,,260509*79
$PMGNTRK,2929.359,N,10149.870,E,03124,M,071432.53,A,,260509*74
$PMGNTRK,2929.357,N,10149.876,E,03124,M,071459.54,A,,260509*76
$PMGNTRK,2929.355,N,10149.870,E,03131,M,071719.54,A,,260509*71
$PMGNTRK,2929.357,N,10149.864,E,03131,M,071821.55,A,,260509*73
$PMGNTRK,2929.358,N,10149.857,E,03130,M,071830.55,A,,260509*7D
$PMGNTRK,2929.363,N,10149.855,E,03134,M,071949.54,A,,260509*7D
$PMGNTRK,2929.358,N,10149.859,E,03136,M,072610.54,A,,260509*7B
$PMGNTRK,2929.356,N,10149.864,E,03139,M,072624.56,A,,260509*71
$PMGNTRK,2929.353,N,10149.870,E,03141,M,072638.54,A,,260509*71
$PMGNTRK,2929.349,N,10149.874,E,03143,M,072702.55,A,,260509*75
$PMGNTRK,2929.346,N,10149.879,E,03135,M,072745.55,A,,260509*75
$PMGNTRK,2929.342,N,10149.883,E,03134,M,072757.56,A,,260509*75
$PMGNTRK,2929.337,N,10149.886,E,03131,M,072812.55,A,,260509*7A
$PMGNTRK,2929.337,N,10149.880,E,03125,M,072918.55,A,,260509*72
$PMGNTRK,2929.332,N,10149.884,E,03123,M,072940.55,A,,260509*78
$PMGNTRK,2929.329,N,10149.888,E,03118,M,073039.56,A,,260509*73
$PMGNTRK,2929.324,N,10149.892,E,03116,M,073158.05,A,,260509*7B
$PMGNTRK,2929.318,N,10149.893,E,03125,M,073449.56,A,,260509*76
$PMGNTRK,2929.315,N,10149.898,E,03126,M,073525.56,A,,260509*78
$PMGNTRK,2929.311,N,10149.902,E,03124,M,073541.56,A,,260509*7E
$PMGNTRK,2929.307,N,10149.908,E,03124,M,073550.56,A,,260509*73
$PMGNTRK,2929.304,N,10149.913,E,03121,M,073722.56,A,,260509*78
$PMGNTRK,2929.299,N,10149.917,E,03121,M,073730.57,A,,260509*7B
$PMGNTRK,2929.294,N,10149.920,E,03123,M,073738.56,A,,260509*79
$PMGNTRK,2929.290,N,10149.924,E,03124,M,073746.57,A,,260509*76
$PMGNTRK,2929.287,N,10149.929,E,03122,M,073755.56,A,,260509*78
$PMGNTRK,2929.282,N,10149.934,E,03122,M,073803.56,A,,260509*7D
$PMGNTRK,2929.278,N,10149.938,E,03121,M,073813.56,A,,260509*76
$PMGNTRK,2929.273,N,10149.942,E,03124,M,073823.57,A,,260509*77
$PMGNTRK,2929.269,N,10149.946,E,03124,M,073832.56,A,,260509*79
$PMGNTRK,2929.265,N,10149.942,E,03125,M,073842.57,A,,260509*76
$PMGNTRK,2929.260,N,10149.942,E,03123,M,073857.56,A,,260509*70
$PMGNTRK,2929.256,N,10149.946,E,03123,M,073912.56,A,,260509*71
$PMGNTRK,2929.250,N,10149.947,E,03125,M,074040.56,A,,260509*79
$PMGNTRK,2929.249,N,10149.953,E,03125,M,074050.57,A,,260509*74
$PMGNTRK,2929.244,N,10149.957,E,03126,M,074103.57,A,,260509*79
$PMGNTRK,2929.241,N,10149.963,E,03127,M,074117.57,A,,260509*7F
$PMGNTRK,2929.236,N,10149.965,E,03125,M,074139.57,A,,260509*77
$PMGNTRK,2929.231,N,10149.969,E,03124,M,074159.57,A,,260509*7B
$PMGNTRK,2929.229,N,10149.974,E,03125,M,074207.58,A,,260509*78
$PMGNTRK,2929.225,N,10149.979,E,03124,M,074221.56,A,,260509*72
$PMGNTRK,2929.222,N,10149.984,E,03123,M,074230.56,A,,260509*70
$PMGNTRK,2929.220,N,10149.978,E,03123,M,074349.57,A,,260509*7F
$PMGNTRK,2929.220,N,10149.971,E,03124,M,074403.58,A,,260509*77
$PMGNTRK,2929.224,N,10149.967,E,03125,M,074415.58,A,,260509*72
$PMGNTRK,2929.228,N,10149.961,E,03125,M,074424.58,A,,260509*7A
$PMGNTRK,2929.232,N,10149.958,E,03126,M,074445.58,A,,260509*7F
$PMGNTRK,2929.229,N,10149.953,E,03127,M,074558.58,A,,260509*72
$PMGNTRK,2929.223,N,10149.955,E,03127,M,074608.58,A,,260509*78
$PMGNTRK,2929.218,N,10149.953,E,03127,M,074645.58,A,,260509*7F
$PMGNTRK,2929.212,N,10149.953,E,03126,M,074655.58,A,,260509*75
$PMGNTRK,2929.218,N,10149.953,E,03126,M,074724.58,A,,260509*78
$PMGNTRK,2929.220,N,10149.959,E,03127,M,074816.58,A,,260509*76
$PMGNTRK,2929.219,N,10149.965,E,03127,M,074838.58,A,,260509*7F
$PMGNTRK,2929.218,N,10149.971,E,03118,M,075021.58,A,,260509*76
$PMGNTRK,2929.218,N,10149.978,E,03118,M,075030.58,A,,260509*7F
$PMGNTRK,2929.217,N,10149.984,E,03118,M,075039.58,A,,260509*7A
$PMGNTRK,2929.217,N,10149.991,E,03119,M,075048.58,A,,260509*79
$PMGNTRK,2929.215,N,10149.997,E,03121,M,075114.60,A,,260509*75
$PMGNTRK,2929.212,N,10150.004,E,03121,M,075123.60,A,,260509*7D
$PMGNTRK,2929.209,N,10150.010,E,03122,M,075131.59,A,,260509*78
$PMGNTRK,2929.206,N,10150.015,E,03125,M,075232.59,A,,260509*75
$PMGNTRK,2929.201,N,10150.020,E,03124,M,075242.59,A,,260509*72
$PMGNTRK,2929.197,N,10150.025,E,03122,M,075252.60,A,,260509*76
$PMGNTRK,2929.192,N,10150.028,E,03121,M,075300.59,A,,260509*71
$PMGNTRK,2929.187,N,10150.029,E,03121,M,075307.59,A,,260509*73
$PMGNTRK,2929.182,N,10150.032,E,03121,M,075315.59,A,,260509*7F
$PMGNTRK,2929.177,N,10150.035,E,03122,M,075323.59,A,,260509*74
$PMGNTRK,2929.172,N,10150.040,E,03124,M,075331.59,A,,260509*76
$PMGNTRK,2929.168,N,10150.044,E,03123,M,075339.60,A,,260509*7C
$PMGNTRK,2929.163,N,10150.047,E,03124,M,075348.59,A,,260509*7F
$PMGNTRK,2929.159,N,10150.052,E,03119,M,075358.60,A,,260509*77
$PMGNTRK,2929.155,N,10150.055,E,03119,M,075406.59,A,,260509*7A
$PMGNTRK,2929.150,N,10150.058,E,03120,M,075413.59,A,,260509*7C
$PMGNTRK,2929.145,N,10150.063,E,03119,M,075421.60,A,,260509*71
$PMGNTRK,2929.141,N,10150.068,E,03120,M,075430.59,A,,260509*7E
$PMGNTRK,2929.137,N,10150.073,E,03119,M,075439.59,A,,260509*76
$PMGNTRK,2929.133,N,10150.077,E,03117,M,075447.60,A,,260509*7B
$PMGNTRK,2929.128,N,10150.080,E,03117,M,075455.59,A,,260509*70
$PMGNTRK,2929.123,N,10150.081,E,03117,M,075503.60,A,,260509*72
$PMGNTRK,2929.118,N,10150.084,E,03117,M,075511.59,A,,260509*76
$PMGNTRK,2929.113,N,10150.088,E,03118,M,075519.59,A,,260509*76
$PMGNTRK,2929.108,N,10150.089,E,03119,M,075527.60,A,,260509*7B
$PMGNTRK,2929.104,N,10150.084,E,03119,M,075539.59,A,,260509*7F
$PMGNTRK,2929.099,N,10150.083,E,03120,M,075547.59,A,,260509*7E
$PMGNTRK,2929.093,N,10150.082,E,03122,M,075556.59,A,,260509*77
$PMGNTRK,2929.095,N,10150.088,E,03119,M,075735.59,A,,260509*74
$PMGNTRK,2929.091,N,10150.093,E,03117,M,075846.60,A,,260509*75
$PMGNTRK,2929.089,N,10150.098,E,03118,M,075932.60,A,,260509*7A
$PMGNTRK,2929.086,N,10150.104,E,03118,M,075941.60,A,,260509*75
$PMGNTRK,2929.085,N,10150.111,E,03118,M,075950.61,A,,260509*73
$PMGNTRK,2929.085,N,10150.118,E,03118,M,075957.61,A,,260509*7D
$PMGNTRK,2929.083,N,10150.123,E,03120,M,080220.60,A,,260509*78
$PMGNTRK,2929.079,N,10150.127,E,03123,M,080230.61,A,,260509*7A
$PMGNTRK,2929.073,N,10150.129,E,03123,M,080239.60,A,,260509*76
$PMGNTRK,2929.068,N,10150.128,E,03123,M,080248.61,A,,260509*7A
$PMGNTRK,2929.062,N,10150.128,E,03122,M,080256.61,A,,260509*7E
$PMGNTRK,2929.056,N,10150.127,E,03122,M,080304.61,A,,260509*70
$PMGNTRK,2929.050,N,10150.127,E,03122,M,080312.62,A,,260509*72
$PMGNTRK,2929.045,N,10150.128,E,03122,M,080319.60,A,,260509*70
$PMGNTRK,2929.039,N,10150.128,E,03122,M,080327.60,A,,260509*76
$PMGNTRK,2929.034,N,10150.130,E,03123,M,080336.60,A,,260509*73
$PMGNTRK,2929.031,N,10150.135,E,03121,M,080347.60,A,,260509*77
$PMGNTRK,2929.027,N,10150.141,E,03118,M,080359.60,A,,260509*76
$PMGNTRK,2929.023,N,10150.144,E,03122,M,080413.59,A,,260509*7D
$PMGNTRK,2929.018,N,10150.148,E,03126,M,080425.60,A,,260509*72
$PMGNTRK,2929.013,N,10150.151,E,03125,M,080511.60,A,,260509*74
$PMGNTRK,2929.008,N,10150.154,E,03124,M,080922.62,A,,260509*74
$PMGNTRK,2929.003,N,10150.156,E,03124,M,081141.61,A,,260509*72
$PMGNTRK,2929.003,N,10150.162,E,03117,M,081155.61,A,,260509*70
$PMGNTRK,2929.005,N,10150.168,E,03108,M,081207.61,A,,260509*76
$PMGNTRK,2929.006,N,10150.175,E,03107,M,081215.62,A,,260509*76
$PMGNTRK,2929.004,N,10150.181,E,03104,M,081224.62,A,,260509*7E
$PMGNTRK,2929.003,N,10150.187,E,03104,M,081234.62,A,,260509*7E
$PMGNTRK,2929.000,N,10150.193,E,03109,M,081243.62,A,,260509*75
$PMGNTRK,2928.996,N,10150.198,E,03109,M,081253.61,A,,260509*7B
$PMGNTRK,2928.995,N,10150.205,E,03105,M,081303.63,A,,260509*75
$PMGNTRK,2928.991,N,10150.209,E,03107,M,081312.63,A,,260509*7F
$PMGNTRK,2928.987,N,10150.213,E,03103,M,081321.62,A,,260509*76
$PMGNTRK,2928.982,N,10150.218,E,03100,M,081330.62,A,,260509*7B
$PMGNTRK,2928.979,N,10150.223,E,03097,M,081339.62,A,,260509*71
$PMGNTRK,2928.975,N,10150.228,E,03096,M,081349.62,A,,260509*70
$PMGNTRK,2928.973,N,10150.234,E,03097,M,081357.62,A,,260509*75
$PMGNTRK,2928.970,N,10150.239,E,03093,M,081407.62,A,,260509*7D
$PMGNTRK,2928.967,N,10150.244,E,03094,M,081433.62,A,,260509*71
$PMGNTRK,2928.965,N,10150.251,E,03091,M,081451.62,A,,260509*76
$PMGNTRK,2928.961,N,10150.256,E,03091,M,081500.63,A,,260509*71
$PMGNTRK,2928.956,N,10150.259,E,03089,M,081509.61,A,,260509*78
$PMGNTRK,2928.951,N,10150.262,E,03088,M,081516.61,A,,260509*78
$PMGNTRK,2928.945,N,10150.263,E,03091,M,081534.62,A,,260509*77
$PMGNTRK,2928.940,N,10150.266,E,03091,M,081543.62,A,,260509*77
$PMGNTRK,2928.935,N,10150.270,E,03090,M,081552.61,A,,260509*70
$PMGNTRK,2928.930,N,10150.273,E,03095,M,081644.62,A,,260509*74
$PMGNTRK,2928.925,N,10150.276,E,03095,M,081651.62,A,,260509*71
$PMGNTRK,2928.920,N,10150.279,E,03098,M,081658.62,A,,260509*7F
$PMGNTRK,2928.915,N,10150.281,E,03096,M,081704.63,A,,260509*79
$PMGNTRK,2928.910,N,10150.285,E,03094,M,081710.60,A,,260509*7C
$PMGNTRK,2928.906,N,10150.289,E,03094,M,081716.61,A,,260509*70
$PMGNTRK,2928.902,N,10150.295,E,03094,M,081724.62,A,,260509*7B
$PMGNTRK,2928.898,N,10150.299,E,03094,M,081731.62,A,,260509*71
$PMGNTRK,2928.895,N,10150.304,E,03094,M,081738.62,A,,260509*70
$PMGNTRK,2928.891,N,10150.309,E,03094,M,081745.62,A,,260509*73
$PMGNTRK,2928.888,N,10150.315,E,03094,M,081753.61,A,,260509*72
$PMGNTRK,2928.885,N,10150.320,E,03095,M,081801.61,A,,260509*70
$PMGNTRK,2928.883,N,10150.326,E,03096,M,081809.62,A,,260509*78
$PMGNTRK,2928.880,N,10150.332,E,03097,M,081818.62,A,,260509*7F
$PMGNTRK,2928.879,N,10150.339,E,03097,M,081830.62,A,,260509*78
$PMGNTRK,2928.880,N,10150.345,E,03091,M,081859.14,A,,260509*7D
$PMGNTRK,2928.866,N,10150.354,E,03147,M,082026.62,A,,260509*7D
$PMGNTRK,2928.863,N,10150.359,E,03147,M,082027.63,A,,260509*75
$PMGNTRK,2928.859,N,10150.364,E,03147,M,082035.14,A,,260509*71
$PMGNTRK,2928.856,N,10150.369,E,03147,M,082047.63,A,,260509*76
$PMGNTRK,2928.857,N,10150.377,E,03147,M,082102.62,A,,260509*79
$PMGNTRK,2928.853,N,10150.382,E,03145,M,082109.62,A,,260509*7E
$PMGNTRK,2928.849,N,10150.388,E,03137,M,082117.63,A,,260509*74
$PMGNTRK,2928.846,N,10150.393,E,03127,M,082125.62,A,,260509*70
$PMGNTRK,2928.842,N,10150.398,E,03107,M,082151.62,A,,260509*7E
$PMGNTRK,2928.838,N,10150.403,E,03092,M,082201.63,A,,260509*7C
$PMGNTRK,2928.833,N,10150.410,E,03067,M,082222.63,A,,260509*7E
$PMGNTRK,2928.828,N,10150.413,E,03065,M,082241.14,A,,260509*70
$PMGNTRK,2928.808,N,10150.420,E,03065,M,082316.62,A,,260509*70
$PMGNTRK,2928.805,N,10150.414,E,03065,M,082317.62,A,,260509*7B
$PMGNTRK,2928.814,N,10150.408,E,03065,M,082320.62,A,,260509*72
$PMGNTRK,2928.815,N,10150.415,E,03065,M,082332.63,A,,260509*7D
$PMGNTRK,2928.738,N,10150.303,E,03066,M,082418.64,A,,260509*76
$PMGNTRK,2928.741,N,10150.312,E,03066,M,082421.14,A,,260509*75
$PMGNTRK,2928.741,N,10150.322,E,03066,M,082423.64,A,,260509*73
$PMGNTRK,2928.804,N,10150.422,E,03066,M,082427.63,A,,260509*79
$PMGNTRK,2928.800,N,10150.429,E,03066,M,082428.63,A,,260509*79
$PMGNTRK,2928.795,N,10150.432,E,03067,M,082436.63,A,,260509*7E
$PMGNTRK,2928.792,N,10150.437,E,03067,M,082451.15,A,,260509*7C
$PMGNTRK,2928.788,N,10150.443,E,03067,M,082514.64,A,,260509*72
$PMGNTRK,2928.783,N,10150.443,E,03067,M,082526.62,A,,260509*7E
$PMGNTRK,2928.777,N,10150.444,E,03067,M,082539.14,A,,260509*7D
$PMGNTRK,2928.770,N,10150.437,E,03067,M,082550.63,A,,260509*71
$PMGNTRK,2928.765,N,10150.439,E,03067,M,082600.14,A,,260509*7D
$PMGNTRK,2928.760,N,10150.445,E,03067,M,082613.62,A,,260509*70
$PMGNTRK,2928.755,N,10150.449,E,03067,M,082621.62,A,,260509*7B
$PMGNTRK,2928.750,N,10150.453,E,03067,M,082630.62,A,,260509*75
$PMGNTRK,2928.743,N,10150.452,E,03068,M,082646.62,A,,260509*78
$PMGNTRK,2928.737,N,10150.444,E,03068,M,082649.62,A,,260509*73
$PMGNTRK,2928.732,N,10150.437,E,03068,M,082652.13,A,,260509*7E
$PMGNTRK,2928.728,N,10150.432,E,03068,M,082654.13,A,,260509*76
$PMGNTRK,2928.729,N,10150.439,E,03068,M,082658.15,A,,260509*76
$PMGNTRK,2928.699,N,10150.440,E,03068,M,082727.63,A,,260509*7A
$PMGNTRK,2928.710,N,10150.474,E,03068,M,082729.63,A,,260509*73
$PMGNTRK,2928.701,N,10150.472,E,03068,M,082744.64,A,,260509*79
$PMGNTRK,2928.696,N,10150.475,E,03068,M,082755.15,A,,260509*77
$PMGNTRK,2928.690,N,10150.475,E,03068,M,082808.65,A,,260509*71
$PMGNTRK,2928.684,N,10150.475,E,03068,M,082819.64,A,,260509*75
$PMGNTRK,2928.679,N,10150.477,E,03068,M,082832.64,A,,260509*7C
$PMGNTRK,2928.672,N,10150.479,E,03068,M,082846.65,A,,260509*7B
$PMGNTRK,2928.666,N,10150.480,E,03068,M,082855.65,A,,260509*7A
$PMGNTRK,2928.662,N,10150.486,E,03068,M,082911.64,A,,260509*78
$PMGNTRK,2928.658,N,10150.480,E,03068,M,082916.15,A,,260509*76
$PMGNTRK,2928.661,N,10150.487,E,03068,M,082918.13,A,,260509*73
$PMGNTRK,2928.649,N,10150.471,E,03068,M,082927.64,A,,260509*7C
$PMGNTRK,2928.645,N,10150.464,E,03068,M,082929.15,A,,260509*7C
$PMGNTRK,2928.639,N,10150.454,E,03068,M,082931.15,A,,260509*7D
$PMGNTRK,2928.629,N,10150.440,E,03068,M,082940.64,A,,260509*79
$PMGNTRK,2928.626,N,10150.445,E,03068,M,082953.16,A,,260509*74
$PMGNTRK,2928.631,N,10150.454,E,03068,M,082956.15,A,,260509*74
$PMGNTRK,2928.639,N,10150.478,E,03068,M,083009.64,A,,260509*76
$PMGNTRK,2928.643,N,10150.486,E,03068,M,083012.14,A,,260509*77
$PMGNTRK,2928.653,N,10150.511,E,03068,M,083019.64,A,,260509*75
$PMGNTRK,2928.657,N,10150.519,E,03068,M,083022.13,A,,260509*71
$PMGNTRK,2928.652,N,10150.525,E,03068,M,083041.64,A,,260509*7E
$PMGNTRK,2928.647,N,10150.522,E,03068,M,083049.64,A,,260509*75
$PMGNTRK,2928.641,N,10150.518,E,03068,M,083056.64,A,,260509*74
$PMGNTRK,2928.637,N,10150.513,E,03068,M,083100.64,A,,260509*7C
$PMGNTRK,2928.633,N,10150.507,E,03068,M,083103.14,A,,260509*79
$PMGNTRK,2928.628,N,10150.501,E,03068,M,083105.15,A,,260509*72
$PMGNTRK,2928.619,N,10150.490,E,03068,M,083110.64,A,,260509*7B
$PMGNTRK,2928.614,N,10150.485,E,03068,M,083113.14,A,,260509*76
$PMGNTRK,2928.609,N,10150.480,E,03068,M,083114.64,A,,260509*7F
$PMGNTRK,2928.605,N,10150.476,E,03068,M,083116.64,A,,260509*78
$PMGNTRK,2928.599,N,10150.477,E,03068,M,083124.64,A,,260509*7E
$PMGNTRK,2928.594,N,10150.479,E,03068,M,083133.64,A,,260509*7B
$PMGNTRK,2928.589,N,10150.475,E,03068,M,083137.64,A,,260509*7F
$PMGNTRK,2928.580,N,10150.464,E,03068,M,083155.64,A,,260509*72
$PMGNTRK,2928.575,N,10150.457,E,03068,M,083157.14,A,,260509*7D
$PMGNTRK,2928.569,N,10150.448,E,03068,M,083159.14,A,,260509*70
$PMGNTRK,2928.563,N,10150.444,E,03068,M,083203.17,A,,260509*79
$PMGNTRK,2928.561,N,10150.450,E,03068,M,083209.15,A,,260509*76
$PMGNTRK,2928.556,N,10150.448,E,03068,M,083213.64,A,,260509*76
$PMGNTRK,2928.554,N,10150.454,E,03068,M,083220.64,A,,260509*79
$PMGNTRK,2928.552,N,10150.460,E,03068,M,083224.16,A,,260509*79
$PMGNTRK,2928.551,N,10150.472,E,03068,M,083225.64,A,,260509*7D
$PMGNTRK,2928.551,N,10150.479,E,03068,M,083226.65,A,,260509*74
$PMGNTRK,2928.551,N,10150.486,E,03068,M,083227.64,A,,260509*74
$PMGNTRK,2928.551,N,10150.495,E,03068,M,083229.64,A,,260509*78
$PMGNTRK,2928.551,N,10150.502,E,03068,M,083232.64,A,,260509*7D
$PMGNTRK,2928.548,N,10150.507,E,03067,M,083241.64,A,,260509*7B
$PMGNTRK,2928.554,N,10150.510,E,03098,M,083314.64,A,,260509*71
$PMGNTRK,2928.549,N,10150.513,E,03105,M,083328.64,A,,260509*74
$PMGNTRK,2928.544,N,10150.513,E,03107,M,083340.64,A,,260509*75
$PMGNTRK,2928.539,N,10150.517,E,03109,M,083421.64,A,,260509*75
$PMGNTRK,2928.540,N,10150.523,E,03109,M,083427.64,A,,260509*7A
$PMGNTRK,2928.534,N,10150.523,E,03109,M,083436.64,A,,260509*79
$PMGNTRK,2928.529,N,10150.525,E,03107,M,083445.64,A,,260509*79
$PMGNTRK,2928.527,N,10150.531,E,03107,M,083455.64,A,,260509*73
$PMGNTRK,2928.528,N,10150.537,E,03107,M,083500.64,A,,260509*7B
$PMGNTRK,2928.532,N,10150.543,E,03107,M,083502.64,A,,260509*71
$PMGNTRK,2928.527,N,10150.540,E,03107,M,083508.13,A,,260509*7C
$PMGNTRK,2928.521,N,10150.539,E,03107,M,083515.66,A,,260509*7A
$PMGNTRK,2928.522,N,10150.546,E,03107,M,083522.66,A,,260509*75
$PMGNTRK,2928.517,N,10150.543,E,03108,M,083536.66,A,,260509*7C
$PMGNTRK,2928.513,N,10150.539,E,03112,M,083542.65,A,,260509*7E
$PMGNTRK,2928.509,N,10150.535,E,03115,M,083600.65,A,,260509*7B
$PMGNTRK,2928.505,N,10150.539,E,03115,M,083717.65,A,,260509*7C
$PMGNTRK,2928.500,N,10150.543,E,03118,M,083729.65,A,,260509*74
$PMGNTRK,2928.495,N,10150.544,E,03117,M,083741.65,A,,260509*7F
$PMGNTRK,2928.489,N,10150.543,E,03116,M,083751.64,A,,260509*74
$PMGNTRK,2928.484,N,10150.542,E,03116,M,083821.65,A,,260509*71
$PMGNTRK,2928.480,N,10150.546,E,03117,M,083901.65,A,,260509*73
$PMGNTRK,2928.475,N,10150.545,E,03118,M,083920.64,A,,260509*77
$PMGNTRK,2928.471,N,10150.540,E,03123,M,083932.63,A,,260509*7A
$PMGNTRK,2928.466,N,10150.537,E,03122,M,083943.64,A,,260509*7C
$PMGNTRK,2928.464,N,10150.531,E,03121,M,084010.64,A,,260509*73
$PMGNTRK,2928.462,N,10150.525,E,03121,M,084029.64,A,,260509*7A
$PMGNTRK,2928.459,N,10150.520,E,03121,M,084045.65,A,,260509*7C
$PMGNTRK,2928.454,N,10150.517,E,03121,M,084319.65,A,,260509*7F
$PMGNTRK,2928.449,N,10150.515,E,03122,M,084744.65,A,,260509*7E
$PMGNTRK,2928.444,N,10150.519,E,03122,M,084815.66,A,,260509*77
$PMGNTRK,2928.439,N,10150.517,E,03122,M,084821.66,A,,260509*74
$PMGNTRK,2928.434,N,10150.515,E,03122,M,084827.66,A,,260509*7D
$PMGNTRK,2928.429,N,10150.519,E,03122,M,084840.65,A,,260509*7F
$PMGNTRK,2928.423,N,10150.518,E,03122,M,084851.65,A,,260509*74
$PMGNTRK,2928.417,N,10150.518,E,03122,M,084900.65,A,,260509*76
$PMGNTRK,2928.411,N,10150.518,E,03122,M,084910.65,A,,260509*71
$PMGNTRK,2928.405,N,10150.519,E,03122,M,084918.66,A,,260509*7E
$PMGNTRK,2928.400,N,10150.523,E,03122,M,084927.66,A,,260509*7E
$PMGNTRK,2928.395,N,10150.522,E,03122,M,084936.66,A,,260509*74
$PMGNTRK,2928.389,N,10150.523,E,03122,M,084951.66,A,,260509*79
$PMGNTRK,2928.384,N,10150.525,E,03122,M,085003.66,A,,260509*7D
$PMGNTRK,2928.379,N,10150.526,E,03122,M,085015.65,A,,260509*78
$PMGNTRK,2928.373,N,10150.527,E,03122,M,085029.65,A,,260509*7C
$PMGNTRK,2928.367,N,10150.525,E,03122,M,085040.66,A,,260509*77
$PMGNTRK,2928.362,N,10150.521,E,03122,M,085051.66,A,,260509*76
$PMGNTRK,2928.359,N,10150.516,E,03122,M,085106.66,A,,260509*79
$PMGNTRK,2928.354,N,10150.515,E,03122,M,085127.66,A,,260509*74
$PMGNTRK,2928.348,N,10150.515,E,03122,M,085145.66,A,,260509*7D
$PMGNTRK,2928.343,N,10150.517,E,03122,M,085234.66,A,,260509*71
$PMGNTRK,2928.346,N,10150.523,E,03122,M,085248.17,A,,260509*7E
$PMGNTRK,2928.345,N,10150.529,E,03122,M,085257.67,A,,260509*7E
$PMGNTRK,2928.349,N,10150.535,E,03122,M,085303.15,A,,260509*7A
$PMGNTRK,2928.344,N,10150.539,E,03122,M,085312.66,A,,260509*7F
$PMGNTRK,2928.339,N,10150.541,E,03122,M,085320.67,A,,260509*7A
$PMGNTRK,2928.334,N,10150.543,E,03122,M,085327.67,A,,260509*72
$PMGNTRK,2928.329,N,10150.547,E,03122,M,085334.67,A,,260509*78
$PMGNTRK,2928.324,N,10150.548,E,03122,M,085341.67,A,,260509*78
$PMGNTRK,2928.318,N,10150.548,E,03122,M,085347.66,A,,260509*70
$PMGNTRK,2928.312,N,10150.547,E,03122,M,085354.66,A,,260509*77
$PMGNTRK,2928.307,N,10150.544,E,03122,M,085401.66,A,,260509*77
$PMGNTRK,2928.302,N,10150.542,E,03122,M,085408.66,A,,260509*7D
$PMGNTRK,2928.296,N,10150.541,E,03122,M,085417.66,A,,260509*7C
$PMGNTRK,2928.294,N,10150.547,E,03122,M,085430.16,A,,260509*7A
$PMGNTRK,2928.294,N,10150.553,E,03122,M,085438.66,A,,260509*70
$PMGNTRK,2928.289,N,10150.554,E,03122,M,085450.66,A,,260509*75
$PMGNTRK,2928.284,N,10150.551,E,03122,M,085517.67,A,,260509*7E
$PMGNTRK,2928.278,N,10150.550,E,03122,M,085531.67,A,,260509*78
$PMGNTRK,2928.273,N,10150.548,E,03122,M,085538.67,A,,260509*73
$PMGNTRK,2928.267,N,10150.547,E,03122,M,085546.66,A,,260509*71
$PMGNTRK,2928.261,N,10150.545,E,03122,M,085554.67,A,,260509*77
$PMGNTRK,2928.256,N,10150.542,E,03122,M,085602.67,A,,260509*74
$PMGNTRK,2928.250,N,10150.540,E,03122,M,085611.67,A,,260509*72
$PMGNTRK,2928.247,N,10150.535,E,03122,M,085620.67,A,,260509*74
$PMGNTRK,2928.242,N,10150.531,E,03122,M,085630.67,A,,260509*74
$PMGNTRK,2928.238,N,10150.527,E,03122,M,085638.67,A,,260509*76
$PMGNTRK,2928.233,N,10150.525,E,03122,M,085648.67,A,,260509*78
$PMGNTRK,2928.228,N,10150.528,E,03122,M,085903.68,A,,260509*70
$PMGNTRK,2928.225,N,10150.534,E,03122,M,085938.68,A,,260509*78
$PMGNTRK,2928.222,N,10150.538,E,03122,M,090004.68,A,,260509*71
$PMGNTRK,2928.217,N,10150.543,E,03122,M,090014.67,A,,260509*75
$PMGNTRK,2928.212,N,10150.545,E,03122,M,090027.68,A,,260509*79
$PMGNTRK,2928.207,N,10150.542,E,03122,M,090111.68,A,,260509*7E
$PMGNTRK,2928.202,N,10150.545,E,03122,M,090134.68,A,,260509*7B
$PMGNTRK,2928.204,N,10150.551,E,03122,M,090204.18,A,,260509*7F
$PMGNTRK,2928.198,N,10150.553,E,03122,M,090208.68,A,,260509*70
$PMGNTRK,2928.193,N,10150.556,E,03122,M,090217.69,A,,260509*71
$PMGNTRK,2928.188,N,10150.558,E,03122,M,090223.68,A,,260509*73
$PMGNTRK,2928.182,N,10150.559,E,03122,M,090232.69,A,,260509*79
$PMGNTRK,2928.176,N,10150.561,E,03122,M,090238.69,A,,260509*73
$PMGNTRK,2928.171,N,10150.564,E,03122,M,090245.69,A,,260509*7B
$PMGNTRK,2928.166,N,10150.568,E,03122,M,090259.69,A,,260509*7C
$PMGNTRK,2928.160,N,10150.568,E,03122,M,090308.68,A,,260509*7E
$PMGNTRK,2928.162,N,10150.575,E,03122,M,090322.68,A,,260509*78
$PMGNTRK,2928.159,N,10150.581,E,03122,M,090329.68,A,,260509*70
$PMGNTRK,2928.156,N,10150.586,E,03122,M,090336.68,A,,260509*76
$PMGNTRK,2928.152,N,10150.590,E,03122,M,090344.69,A,,260509*71
$PMGNTRK,2928.147,N,10150.594,E,03122,M,090352.68,A,,260509*77
$PMGNTRK,2928.144,N,10150.600,E,03122,M,090403.17,A,,260509*71
$PMGNTRK,2928.147,N,10150.606,E,03122,M,090411.68,A,,260509*7F
$PMGNTRK,2928.140,N,10150.611,E,03122,M,090426.69,A,,260509*7B
$PMGNTRK,2928.135,N,10150.613,E,03122,M,090430.68,A,,260509*7D
$PMGNTRK,2928.129,N,10150.616,E,03122,M,090438.69,A,,260509*7C
$PMGNTRK,2928.122,N,10150.616,E,03122,M,090444.68,A,,260509*7D
$PMGNTRK,2928.117,N,10150.615,E,03122,M,090449.69,A,,260509*74
$PMGNTRK,2928.111,N,10150.614,E,03122,M,090456.69,A,,260509*7D
$PMGNTRK,2928.105,N,10150.614,E,03122,M,090508.69,A,,260509*72
$PMGNTRK,2928.101,N,10150.617,E,03122,M,090534.69,A,,260509*7A
$PMGNTRK,2928.095,N,10150.614,E,03122,M,090710.69,A,,260509*71
$PMGNTRK,2928.090,N,10150.612,E,03122,M,090728.68,A,,260509*78
$PMGNTRK,2928.096,N,10150.612,E,03122,M,090828.69,A,,260509*70
$PMGNTRK,2928.098,N,10150.606,E,03122,M,090837.69,A,,260509*75
$PMGNTRK,2928.102,N,10150.602,E,03122,M,090846.69,A,,260509*75
$PMGNTRK,2928.100,N,10150.608,E,03116,M,090941.70,A,,260509*74
$PMGNTRK,2928.099,N,10150.614,E,03119,M,091011.70,A,,260509*7A
$PMGNTRK,2928.094,N,10150.612,E,03121,M,091412.70,A,,260509*7D
$PMGNTRK,2928.088,N,10150.610,E,03121,M,091452.70,A,,260509*76
$PMGNTRK,2928.083,N,10150.608,E,03122,M,091512.69,A,,260509*7A
$PMGNTRK,2928.082,N,10150.602,E,03119,M,091527.70,A,,260509*77
$PMGNTRK,2928.082,N,10150.595,E,03117,M,091604.69,A,,260509*7E
$PMGNTRK,2928.083,N,10150.589,E,03115,M,091617.71,A,,260509*7B
$PMGNTRK,2928.082,N,10150.583,E,03113,M,091659.71,A,,260509*7C
$PMGNTRK,2928.077,N,10150.579,E,03113,M,091712.70,A,,260509*7C
$PMGNTRK,2928.076,N,10150.573,E,03115,M,091723.71,A,,260509*72
$PMGNCMD,END*3D
