$PMGNFMT,%TRK,LAT,HEMI,LON,HEMI,ALT,UNIT,TIME,VALID,NAME,DATE,CHKSUM,%META,ASCII
$PMGNTRK,2935.480,N,10145.016,E,03581,M,232734.91,A,,250509*78
$PMGNTRK,2935.474,N,10145.015,E,03598,M,233118.92,A,,250509*72
$PMGNTRK,2935.469,N,10145.016,E,03603,M,233416.92,A,,250509*77
$PMGNTRK,2935.463,N,10145.014,E,03625,M,233742.92,A,,250509*79
$PMGNTRK,2935.458,N,10145.012,E,03621,M,233800.92,A,,250509*7A
$PMGNTRK,2935.452,N,10145.010,E,03621,M,233813.92,A,,250509*70
$PMGNTRK,2935.457,N,10145.007,E,03613,M,234005.92,A,,250509*7A
$PMGNTRK,2935.463,N,10145.008,E,03609,M,234018.93,A,,250509*74
$PMGNTRK,2935.467,N,10145.011,E,03605,M,234105.93,A,,250509*79
$PMGNTRK,2935.464,N,10145.016,E,03611,M,234545.94,A,,250509*7F
$PMGNTRK,2935.459,N,10145.020,E,03622,M,234602.93,A,,250509*73
$PMGNTRK,2935.458,N,10145.026,E,03625,M,234618.93,A,,250509*78
$PMGNTRK,2935.459,N,10145.032,E,03630,M,234633.94,A,,250509*76
$PMGNTRK,2935.457,N,10145.038,E,03617,M,234740.93,A,,250509*75
$PMGNTRK,2935.456,N,10145.045,E,03614,M,234749.94,A,,250509*73
$PMGNTRK,2935.453,N,10145.051,E,03609,M,234805.92,A,,250509*7E
$PMGNTRK,2935.452,N,10145.057,E,03606,M,234813.93,A,,250509*70
$PMGNTRK,2935.448,N,10145.062,E,03604,M,234823.93,A,,250509*7C
$PMGNTRK,2935.447,N,10145.068,E,03598,M,234832.93,A,,250509*7F
$PMGNTRK,2935.445,N,10145.074,E,03592,M,234841.93,A,,250509*7E
$PMGNTRK,2935.442,N,10145.080,E,03584,M,234851.93,A,,250509*74
$PMGNTRK,2935.440,N,10145.086,E,03579,M,234900.95,A,,250509*71
$PMGNTRK,2935.435,N,10145.090,E,03573,M,234910.93,A,,250509*79
$PMGNTRK,2935.430,N,10145.092,E,03564,M,234928.93,A,,250509*73
$PMGNTRK,2935.425,N,10145.088,E,03559,M,234946.94,A,,250509*7D
$PMGNTRK,2935.419,N,10145.087,E,03556,M,235004.94,A,,250509*7C
$PMGNTRK,2935.414,N,10145.090,E,03552,M,235017.93,A,,250509*76
$PMGNTRK,2935.410,N,10145.094,E,03545,M,235033.94,A,,250509*71
$PMGNTRK,2935.405,N,10145.098,E,03540,M,235046.93,A,,250509*79
$PMGNTRK,2935.401,N,10145.101,E,03540,M,235100.93,A,,250509*7F
$PMGNTRK,2935.397,N,10145.105,E,03530,M,235125.93,A,,250509*73
$PMGNTRK,2935.391,N,10145.107,E,03519,M,235211.94,A,,250509*7F
$PMGNTRK,2935.387,N,10145.103,E,03510,M,235224.94,A,,250509*73
$PMGNTRK,2935.385,N,10145.097,E,03510,M,235234.96,A,,250509*7E
$PMGNTRK,2935.382,N,10145.090,E,03507,M,235248.94,A,,250509*71
$PMGNTRK,2935.377,N,10145.087,E,03505,M,235259.95,A,,250509*7E
$PMGNTRK,2935.372,N,10145.083,E,03503,M,235309.94,A,,250509*7C
$PMGNTRK,2935.367,N,10145.081,E,03506,M,235321.94,A,,250509*75
$PMGNTRK,2935.362,N,10145.083,E,03510,M,235353.94,A,,250509*70
$PMGNTRK,2935.356,N,10145.085,E,03512,M,235405.94,A,,250509*77
$PMGNTRK,2935.351,N,10145.085,E,03517,M,235434.94,A,,250509*77
$PMGNTRK,2935.346,N,10145.082,E,03513,M,235444.95,A,,250509*74
$PMGNTRK,2935.341,N,10145.077,E,03509,M,235453.94,A,,250509*75
$PMGNTRK,2935.337,N,10145.073,E,03510,M,235501.94,A,,250509*7E
$PMGNTRK,2935.332,N,10145.071,E,03510,M,235514.94,A,,250509*7D
$PMGNTRK,2935.326,N,10145.070,E,03510,M,235525.95,A,,250509*7A
$PMGNTRK,2935.320,N,10145.070,E,03505,M,235535.94,A,,250509*78
$PMGNTRK,2935.315,N,10145.070,E,03501,M,235544.94,A,,250509*7C
$PMGNTRK,2935.310,N,10145.070,E,03502,M,235553.94,A,,250509*7C
$PMGNTRK,2935.304,N,10145.072,E,03502,M,235603.94,A,,250509*7D
$PMGNTRK,2935.299,N,10145.070,E,03506,M,235635.94,A,,250509*7B
$PMGNTRK,2935.293,N,10145.069,E,03501,M,235646.95,A,,250509*7B
$PMGNTRK,2935.287,N,10145.068,E,03498,M,235656.94,A,,250509*7E
$PMGNTRK,2935.281,N,10145.067,E,03486,M,235712.95,A,,250509*78
$PMGNTRK,2935.277,N,10145.063,E,03487,M,235725.94,A,,250509*71
$PMGNTRK,2935.272,N,10145.060,E,03487,M,235736.96,A,,250509*77
$PMGNTRK,2935.266,N,10145.060,E,03489,M,235747.95,A,,250509*79
$PMGNTRK,2935.261,N,10145.060,E,03497,M,235800.94,A,,250509*7C
$PMGNTRK,2935.255,N,10145.063,E,03508,M,235813.94,A,,250509*7D
$PMGNTRK,2935.251,N,10145.067,E,03517,M,235844.94,A,,250509*71
$PMGNTRK,2935.248,N,10145.072,E,03526,M,235909.95,A,,250509*76
$PMGNTRK,2935.244,N,10145.077,E,03530,M,235934.94,A,,250509*77
$PMGNTRK,2935.243,N,10145.083,E,03535,M,000142.96,A,,260509*72
$PMGNTRK,2935.241,N,10145.090,E,03539,M,000158.94,A,,260509*77
$PMGNTRK,2935.242,N,10145.096,E,03548,M,000232.95,A,,260509*7A
$PMGNTRK,2935.239,N,10145.101,E,03553,M,000414.96,A,,260509*72
$PMGNTRK,2935.233,N,10145.101,E,03548,M,000457.95,A,,260509*76
$PMGNTRK,2935.228,N,10145.103,E,03550,M,000527.95,A,,260509*71
$PMGNTRK,2935.223,N,10145.106,E,03552,M,000554.95,A,,260509*79
$PMGNTRK,2935.220,N,10145.111,E,03548,M,000613.96,A,,260509*74
$PMGNTRK,2935.215,N,10145.115,E,03548,M,000626.95,A,,260509*73
$PMGNTRK,2935.211,N,10145.119,E,03548,M,000638.95,A,,260509*74
$PMGNTRK,2935.206,N,10145.122,E,03546,M,000650.96,A,,260509*79
$PMGNTRK,2935.201,N,10145.126,E,03546,M,000704.96,A,,260509*7A
$PMGNTRK,2935.198,N,10145.132,E,03548,M,000717.95,A,,260509*73
$PMGNTRK,2935.195,N,10145.138,E,03552,M,000730.98,A,,260509*77
$PMGNTRK,2935.190,N,10145.141,E,03548,M,000740.97,A,,260509*7F
$PMGNTRK,2935.185,N,10145.145,E,03548,M,000751.98,A,,260509*70
$PMGNTRK,2935.180,N,10145.148,E,03546,M,000802.97,A,,260509*70
$PMGNTRK,2935.175,N,10145.152,E,03544,M,000813.97,A,,260509*73
$PMGNTRK,2935.171,N,10145.156,E,03541,M,000826.96,A,,260509*71
$PMGNTRK,2935.168,N,10145.161,E,03521,M,000840.96,A,,260509*7B
$PMGNTRK,2935.163,N,10145.164,E,03510,M,000852.98,A,,260509*7A
$PMGNTRK,2935.157,N,10145.167,E,03502,M,000902.97,A,,260509*76
$PMGNTRK,2935.152,N,10145.168,E,03497,M,000911.96,A,,260509*72
$PMGNTRK,2935.147,N,10145.170,E,03497,M,000919.95,A,,260509*74
$PMGNTRK,2935.142,N,10145.174,E,03497,M,000929.96,A,,260509*75
$PMGNTRK,2935.137,N,10145.176,E,03501,M,000942.97,A,,260509*77
$PMGNTRK,2935.132,N,10145.180,E,03495,M,000953.97,A,,260509*77
$PMGNTRK,2935.126,N,10145.183,E,03493,M,001004.96,A,,260509*7C
$PMGNTRK,2935.121,N,10145.184,E,03499,M,001012.96,A,,260509*71
$PMGNTRK,2935.115,N,10145.188,E,03498,M,001021.96,A,,260509*7B
$PMGNTRK,2935.110,N,10145.189,E,03496,M,001030.96,A,,260509*71
$PMGNTRK,2935.104,N,10145.191,E,03491,M,001041.95,A,,260509*7F
$PMGNTRK,2935.099,N,10145.192,E,03491,M,001050.97,A,,260509*7B
$PMGNTRK,2935.094,N,10145.197,E,03482,M,001102.95,A,,260509*75
$PMGNTRK,2935.089,N,10145.199,E,03457,M,001118.96,A,,260509*77
$PMGNTRK,2935.083,N,10145.200,E,03447,M,001128.95,A,,260509*7F
$PMGNTRK,2935.078,N,10145.202,E,03444,M,001137.95,A,,260509*74
$PMGNTRK,2935.073,N,10145.207,E,03438,M,001150.96,A,,260509*73
$PMGNTRK,2935.068,N,10145.208,E,03434,M,001200.96,A,,260509*7C
$PMGNTRK,2935.063,N,10145.212,E,03424,M,001210.95,A,,260509*7F
$PMGNTRK,2935.057,N,10145.213,E,03419,M,001219.97,A,,260509*7C
$PMGNTRK,2935.052,N,10145.213,E,03408,M,001232.96,A,,260509*71
$PMGNTRK,2935.046,N,10145.213,E,03403,M,001244.97,A,,260509*7F
$PMGNTRK,2935.040,N,10145.212,E,03396,M,001253.96,A,,260509*74
$PMGNTRK,2935.035,N,10145.214,E,03387,M,001303.97,A,,260509*75
$PMGNTRK,2935.029,N,10145.216,E,03375,M,001310.97,A,,260509*75
$PMGNTRK,2935.023,N,10145.216,E,03370,M,001318.97,A,,260509*72
$PMGNTRK,2935.017,N,10145.217,E,03371,M,001326.96,A,,260509*79
$PMGNTRK,2935.011,N,10145.217,E,03369,M,001333.96,A,,260509*72
$PMGNTRK,2935.006,N,10145.219,E,03362,M,001342.96,A,,260509*77
$PMGNTRK,2935.000,N,10145.221,E,03377,M,001350.97,A,,260509*7C
$PMGNTRK,2934.994,N,10145.221,E,03406,M,001356.96,A,,260509*7F
$PMGNTRK,2934.989,N,10145.223,E,03422,M,001404.97,A,,260509*76
$PMGNTRK,2934.984,N,10145.226,E,03417,M,001414.98,A,,260509*76
$PMGNTRK,2934.978,N,10145.227,E,03416,M,001422.96,A,,260509*7E
$PMGNTRK,2934.972,N,10145.228,E,03422,M,001433.97,A,,260509*7D
$PMGNTRK,2934.966,N,10145.229,E,03432,M,001441.97,A,,260509*7D
$PMGNTRK,2934.961,N,10145.229,E,03444,M,001449.97,A,,260509*73
$PMGNTRK,2934.955,N,10145.231,E,03455,M,001458.97,A,,260509*7D
$PMGNTRK,2934.950,N,10145.231,E,03463,M,001507.97,A,,260509*76
$PMGNTRK,2934.944,N,10145.232,E,03473,M,001516.98,A,,260509*7E
$PMGNTRK,2934.938,N,10145.232,E,03483,M,001524.97,A,,260509*74
$PMGNTRK,2934.933,N,10145.232,E,03495,M,001534.97,A,,260509*79
$PMGNTRK,2934.927,N,10145.232,E,03495,M,001545.97,A,,260509*7A
$PMGNTRK,2934.922,N,10145.233,E,03502,M,001553.96,A,,260509*77
$PMGNTRK,2934.916,N,10145.234,E,03499,M,001603.97,A,,260509*73
$PMGNTRK,2934.911,N,10145.232,E,03497,M,001612.96,A,,260509*7D
$PMGNTRK,2934.905,N,10145.230,E,03493,M,001623.98,A,,260509*72
$PMGNTRK,2934.900,N,10145.228,E,03492,M,001633.96,A,,260509*70
$PMGNTRK,2934.895,N,10145.226,E,03494,M,001643.97,A,,260509*73
$PMGNTRK,2934.892,N,10145.231,E,03503,M,001702.97,A,,260509*79
$PMGNTRK,2934.888,N,10145.237,E,03509,M,001716.97,A,,260509*7B
$PMGNTRK,2934.884,N,10145.241,E,03502,M,001732.97,A,,260509*7B
$PMGNTRK,2934.878,N,10145.240,E,03496,M,001756.97,A,,260509*77
$PMGNTRK,2934.873,N,10145.237,E,03498,M,001815.97,A,,260509*7A
$PMGNTRK,2934.869,N,10145.233,E,03499,M,001825.98,A,,260509*78
$PMGNTRK,2934.865,N,10145.228,E,03495,M,001836.97,A,,260509*7F
$PMGNTRK,2934.860,N,10145.224,E,03500,M,001847.97,A,,260509*7D
$PMGNTRK,2934.855,N,10145.225,E,03503,M,001901.97,A,,260509*7A
$PMGNTRK,2934.849,N,10145.225,E,03503,M,001910.98,A,,260509*78
$PMGNTRK,2934.844,N,10145.229,E,03501,M,001921.97,A,,260509*76
$PMGNTRK,2934.839,N,10145.231,E,03505,M,001936.96,A,,260509*76
$PMGNTRK,2934.834,N,10145.230,E,03508,M,001948.97,A,,260509*7F
$PMGNTRK,2934.828,N,10145.229,E,03510,M,002000.97,A,,260509*75
$PMGNTRK,2934.823,N,10145.231,E,03526,M,002028.97,A,,260509*78
$PMGNTRK,2934.818,N,10145.233,E,03549,M,002159.97,A,,260509*7C
$PMGNTRK,2934.813,N,10145.235,E,03555,M,002248.96,A,,260509*7E
$PMGNTRK,2934.808,N,10145.238,E,03555,M,002423.97,A,,260509*73
$PMGNTRK,2934.803,N,10145.242,E,03556,M,002434.97,A,,260509*70
$PMGNTRK,2934.798,N,10145.245,E,03555,M,002445.96,A,,260509*7E
$PMGNTRK,2934.793,N,10145.248,E,03552,M,002454.96,A,,260509*7F
$PMGNTRK,2934.788,N,10145.252,E,03554,M,002503.97,A,,260509*7A
$PMGNTRK,2934.784,N,10145.256,E,03558,M,002514.97,A,,260509*78
$PMGNTRK,2934.779,N,10145.259,E,03557,M,002525.98,A,,260509*77
$PMGNTRK,2934.773,N,10145.260,E,03558,M,002535.97,A,,260509*76
$PMGNTRK,2934.768,N,10145.261,E,03559,M,002545.97,A,,260509*7B
$PMGNTRK,2934.763,N,10145.264,E,03560,M,002556.97,A,,260509*7D
$PMGNTRK,2934.758,N,10145.267,E,03559,M,002607.98,A,,260509*74
$PMGNTRK,2934.753,N,10145.271,E,03561,M,002619.97,A,,260509*73
$PMGNTRK,2934.748,N,10145.274,E,03560,M,002630.96,A,,260509*77
$PMGNTRK,2934.743,N,10145.277,E,03560,M,002640.98,A,,260509*76
$PMGNTRK,2934.738,N,10145.279,E,03560,M,002653.98,A,,260509*76
$PMGNTRK,2934.732,N,10145.279,E,03560,M,002704.97,A,,260509*70
$PMGNTRK,2934.726,N,10145.279,E,03559,M,002714.98,A,,260509*71
$PMGNTRK,2934.720,N,10145.279,E,03561,M,002723.97,A,,260509*77
$PMGNTRK,2934.715,N,10145.276,E,03558,M,002734.97,A,,260509*72
$PMGNTRK,2934.710,N,10145.276,E,03556,M,002745.98,A,,260509*70
$PMGNTRK,2934.704,N,10145.279,E,03555,M,002755.97,A,,260509*77
$PMGNTRK,2934.698,N,10145.279,E,03558,M,002804.98,A,,260509*7A
$PMGNTRK,2934.693,N,10145.279,E,03548,M,002817.98,A,,260509*72
$PMGNTRK,2934.687,N,10145.281,E,03546,M,002829.98,A,,260509*73
$PMGNTRK,2934.683,N,10145.285,E,03548,M,002842.97,A,,260509*7F
$PMGNTRK,2934.678,N,10145.290,E,03548,M,002854.97,A,,260509*78
$PMGNTRK,2934.673,N,10145.294,E,03548,M,002904.98,A,,260509*7C
$PMGNTRK,2934.668,N,10145.295,E,03548,M,002912.98,A,,260509*70
$PMGNTRK,2934.662,N,10145.294,E,03548,M,002924.97,A,,260509*71
$PMGNTRK,2934.656,N,10145.294,E,03548,M,002934.98,A,,260509*78
$PMGNTRK,2934.650,N,10145.296,E,03548,M,002944.98,A,,260509*7B
$PMGNTRK,2934.645,N,10145.299,E,03547,M,002953.98,A,,260509*79
$PMGNTRK,2934.639,N,10145.301,E,03548,M,003000.98,A,,260509*73
$PMGNTRK,2934.634,N,10145.303,E,03548,M,003011.97,A,,260509*73
$PMGNTRK,2934.629,N,10145.306,E,03548,M,003019.98,A,,260509*7D
$PMGNTRK,2934.624,N,10145.307,E,03545,M,003031.98,A,,260509*76
$PMGNTRK,2934.618,N,10145.309,E,03540,M,003045.98,A,,260509*71
$PMGNTRK,2934.612,N,10145.310,E,03540,M,003053.97,A,,260509*7B
$PMGNTRK,2934.607,N,10145.310,E,03540,M,003101.98,A,,260509*76
$PMGNTRK,2934.602,N,10145.313,E,03540,M,003117.99,A,,260509*76
$PMGNTRK,2934.597,N,10145.316,E,03540,M,003129.98,A,,260509*70
$PMGNTRK,2934.592,N,10145.316,E,03542,M,003137.98,A,,260509*78
$PMGNTRK,2934.586,N,10145.317,E,03543,M,003145.97,A,,260509*77
$PMGNTRK,2934.580,N,10145.315,E,03541,M,003156.99,A,,260509*7D
$PMGNTRK,2934.574,N,10145.315,E,03538,M,003207.98,A,,260509*7E
$PMGNTRK,2934.569,N,10145.314,E,03538,M,003215.99,A,,260509*71
$PMGNTRK,2934.563,N,10145.315,E,03539,M,003222.99,A,,260509*7F
$PMGNTRK,2934.558,N,10145.315,E,03540,M,003231.99,A,,260509*7B
$PMGNTRK,2934.552,N,10145.318,E,03533,M,003243.99,A,,260509*7D
$PMGNTRK,2934.548,N,10145.322,E,03535,M,003254.99,A,,260509*7F
$PMGNTRK,2934.542,N,10145.324,E,03535,M,003306.99,A,,260509*75
$PMGNTRK,2934.536,N,10145.323,E,03535,M,003317.98,A,,260509*70
$PMGNTRK,2934.532,N,10145.319,E,03535,M,003329.98,A,,260509*70
$PMGNTRK,2934.526,N,10145.319,E,03535,M,003338.98,A,,260509*75
$PMGNTRK,2934.520,N,10145.320,E,03536,M,003348.99,A,,260509*7C
$PMGNTRK,2934.515,N,10145.324,E,03536,M,003357.98,A,,260509*71
$PMGNTRK,2934.511,N,10145.328,E,03540,M,003409.99,A,,260509*75
$PMGNTRK,2934.507,N,10145.332,E,03547,M,003418.98,A,,260509*7F
$PMGNTRK,2934.503,N,10145.337,E,03550,M,003426.99,A,,260509*74
$PMGNTRK,2934.499,N,10145.340,E,03552,M,003439.98,A,,260509*7B
$PMGNTRK,2934.493,N,10145.339,E,03552,M,003449.99,A,,260509*79
$PMGNTRK,2934.487,N,10145.338,E,03552,M,003501.99,A,,260509*70
$PMGNTRK,2934.482,N,10145.339,E,03552,M,003512.98,A,,260509*77
$PMGNTRK,2934.476,N,10145.338,E,03552,M,003524.98,A,,260509*78
$PMGNTRK,2934.471,N,10145.338,E,03552,M,003538.99,A,,260509*73
$PMGNTRK,2934.465,N,10145.339,E,03552,M,003552.99,A,,260509*7B
$PMGNTRK,2934.459,N,10145.340,E,03551,M,003608.98,A,,260509*74
$PMGNTRK,2934.453,N,10145.340,E,03550,M,003623.00,A,,260509*77
$PMGNTRK,2934.448,N,10145.342,E,03548,M,003644.99,A,,260509*77
$PMGNTRK,2934.443,N,10145.344,E,03538,M,003707.00,A,,260509*7B
$PMGNTRK,2934.438,N,10145.347,E,03546,M,003722.99,A,,260509*7A
$PMGNTRK,2934.432,N,10145.348,E,03548,M,003752.99,A,,260509*76
$PMGNTRK,2934.427,N,10145.349,E,03554,M,004008.00,A,,260509*71
$PMGNTRK,2934.422,N,10145.352,E,03557,M,004031.00,A,,260509*77
$PMGNTRK,2934.418,N,10145.356,E,03559,M,004043.00,A,,260509*71
$PMGNTRK,2934.413,N,10145.360,E,03562,M,004054.99,A,,260509*71
$PMGNTRK,2934.408,N,10145.363,E,03559,M,004106.99,A,,260509*76
$PMGNTRK,2934.404,N,10145.367,E,03558,M,004122.00,A,,260509*79
$PMGNTRK,2934.400,N,10145.372,E,03558,M,004132.99,A,,260509*78
$PMGNTRK,2934.394,N,10145.373,E,03558,M,004146.00,A,,260509*70
$PMGNTRK,2934.389,N,10145.374,E,03558,M,004158.99,A,,260509*74
$PMGNTRK,2934.384,N,10145.379,E,03558,M,004212.99,A,,260509*79
$PMGNTRK,2934.379,N,10145.381,E,03558,M,004225.00,A,,260509*78
$PMGNTRK,2934.373,N,10145.382,E,03558,M,004238.01,A,,260509*7C
$PMGNTRK,2934.368,N,10145.382,E,03558,M,004249.01,A,,260509*70
$PMGNTRK,2934.362,N,10145.383,E,03558,M,004304.01,A,,260509*73
$PMGNTRK,2934.357,N,10145.385,E,03558,M,004315.01,A,,260509*73
$PMGNTRK,2934.352,N,10145.388,E,03558,M,004328.00,A,,260509*74
$PMGNTRK,2934.346,N,10145.390,E,03558,M,004340.00,A,,260509*76
$PMGNTRK,2934.341,N,10145.393,E,03558,M,004353.01,A,,260509*71
$PMGNTRK,2934.336,N,10145.396,E,03558,M,004404.01,A,,260509*71
$PMGNTRK,2934.331,N,10145.398,E,03558,M,004416.01,A,,260509*7B
$PMGNTRK,2934.326,N,10145.400,E,03558,M,004426.02,A,,260509*7B
$PMGNTRK,2934.320,N,10145.399,E,03558,M,004438.02,A,,260509*75
$PMGNTRK,2934.314,N,10145.401,E,03558,M,004449.02,A,,260509*72
$PMGNTRK,2934.309,N,10145.402,E,03558,M,004500.01,A,,260509*72
$PMGNTRK,2934.304,N,10145.404,E,03558,M,004509.02,A,,260509*73
$PMGNTRK,2934.298,N,10145.406,E,03558,M,004521.01,A,,260509*7C
$PMGNTRK,2934.293,N,10145.408,E,03558,M,004531.02,A,,260509*7B
$PMGNTRK,2934.287,N,10145.410,E,03558,M,004542.01,A,,260509*70
$PMGNTRK,2934.283,N,10145.413,E,03558,M,004550.02,A,,260509*77
$PMGNTRK,2934.277,N,10145.412,E,03558,M,004600.03,A,,260509*7A
$PMGNTRK,2934.271,N,10145.413,E,03558,M,004609.02,A,,260509*75
$PMGNTRK,2934.266,N,10145.412,E,03558,M,004621.03,A,,260509*79
$PMGNTRK,2934.260,N,10145.413,E,03558,M,004631.03,A,,260509*7F
$PMGNTRK,2934.254,N,10145.414,E,03558,M,004642.02,A,,260509*7A
$PMGNTRK,2934.249,N,10145.415,E,03558,M,004653.02,A,,260509*77
$PMGNTRK,2934.243,N,10145.417,E,03558,M,004704.03,A,,260509*7D
$PMGNTRK,2934.237,N,10145.419,E,03558,M,004714.02,A,,260509*70
$PMGNTRK,2934.232,N,10145.418,E,03558,M,004722.02,A,,260509*71
$PMGNTRK,2934.226,N,10145.418,E,03558,M,004731.02,A,,260509*76
$PMGNTRK,2934.221,N,10145.417,E,03558,M,004741.03,A,,260509*78
$PMGNTRK,2934.215,N,10145.417,E,03558,M,004750.03,A,,260509*7F
$PMGNTRK,2934.209,N,10145.418,E,03558,M,004800.03,A,,260509*77
$PMGNTRK,2934.204,N,10145.419,E,03558,M,004810.03,A,,260509*7A
$PMGNTRK,2934.198,N,10145.421,E,03558,M,004820.02,A,,260509*75
$PMGNTRK,2934.193,N,10145.424,E,03558,M,004832.02,A,,260509*78
$PMGNTRK,2934.188,N,10145.426,E,03558,M,004842.03,A,,260509*76
$PMGNTRK,2934.183,N,10145.429,E,03558,M,004852.03,A,,260509*73
$PMGNTRK,2934.178,N,10145.433,E,03558,M,004903.03,A,,260509*79
$PMGNTRK,2934.173,N,10145.435,E,03558,M,004913.03,A,,260509*75
$PMGNTRK,2934.168,N,10145.438,E,03558,M,004923.02,A,,260509*70
$PMGNTRK,2934.163,N,10145.440,E,03558,M,004934.03,A,,260509*73
$PMGNTRK,2934.158,N,10145.444,E,03558,M,005016.04,A,,260509*70
$PMGNTRK,2934.153,N,10145.446,E,03557,M,005037.04,A,,260509*75
$PMGNTRK,2934.147,N,10145.445,E,03559,M,005053.03,A,,260509*78
$PMGNTRK,2934.142,N,10145.444,E,03561,M,005103.04,A,,260509*74
$PMGNTRK,2934.136,N,10145.443,E,03561,M,005114.03,A,,260509*71
$PMGNTRK,2934.131,N,10145.445,E,03560,M,005124.04,A,,260509*75
$PMGNTRK,2934.126,N,10145.447,E,03560,M,005136.04,A,,260509*72
$PMGNTRK,2934.120,N,10145.446,E,03561,M,005153.04,A,,260509*77
$PMGNTRK,2934.115,N,10145.445,E,03564,M,005221.04,A,,260509*71
$PMGNTRK,2934.110,N,10145.444,E,03565,M,005323.03,A,,260509*70
$PMGNTRK,2934.104,N,10145.440,E,03573,M,005509.57,A,,260509*79
$PMGNTRK,2934.100,N,10145.443,E,03568,M,005523.04,A,,260509*7A
$PMGNTRK,2934.095,N,10145.447,E,03556,M,005534.03,A,,260509*7F
$PMGNTRK,2934.090,N,10145.449,E,03548,M,005545.04,A,,260509*7A
$PMGNTRK,2934.085,N,10145.452,E,03538,M,005609.03,A,,260509*7F
$PMGNTRK,2934.081,N,10145.457,E,03524,M,005619.57,A,,260509*73
$PMGNTRK,2934.076,N,10145.459,E,03528,M,005635.57,A,,260509*77
$PMGNTRK,2934.072,N,10145.465,E,03512,M,005641.57,A,,260509*76
$PMGNTRK,2934.067,N,10145.462,E,03514,M,005705.03,A,,260509*73
$PMGNTRK,2934.061,N,10145.463,E,03516,M,005719.03,A,,260509*7B
$PMGNTRK,2934.056,N,10145.466,E,03507,M,005730.04,A,,260509*76
$PMGNTRK,2934.051,N,10145.469,E,03497,M,005745.05,A,,260509*75
$PMGNTRK,2934.046,N,10145.471,E,03494,M,005756.05,A,,260509*7B
$PMGNTRK,2934.041,N,10145.474,E,03493,M,005805.05,A,,260509*77
$PMGNTRK,2934.035,N,10145.474,E,03494,M,005809.04,A,,260509*7E
$PMGNTRK,2934.030,N,10145.476,E,03495,M,005821.04,A,,260509*72
$PMGNTRK,2934.025,N,10145.479,E,03486,M,005836.05,A,,260509*7C
$PMGNTRK,2934.020,N,10145.483,E,03484,M,005845.05,A,,260509*7A
$PMGNTRK,2934.015,N,10145.485,E,03483,M,005856.04,A,,260509*7E
$PMGNTRK,2934.010,N,10145.488,E,03483,M,005906.05,A,,260509*73
$PMGNTRK,2934.005,N,10145.492,E,03466,M,005915.04,A,,260509*74
$PMGNTRK,2934.000,N,10145.493,E,03467,M,005926.05,A,,260509*70
$PMGNTRK,2933.994,N,10145.495,E,03467,M,005937.05,A,,260509*75
$PMGNTRK,2933.989,N,10145.499,E,03465,M,005948.05,A,,260509*7F
$PMGNTRK,2933.984,N,10145.499,E,03460,M,010006.04,A,,260509*71
$PMGNTRK,2933.978,N,10145.498,E,03460,M,010020.04,A,,260509*77
$PMGNTRK,2933.974,N,10145.494,E,03464,M,010033.04,A,,260509*71
$PMGNTRK,2933.972,N,10145.488,E,03475,M,010041.03,A,,260509*78
$PMGNTRK,2933.968,N,10145.483,E,03487,M,010053.04,A,,260509*71
$PMGNTRK,2933.963,N,10145.480,E,03494,M,010109.05,A,,260509*74
$PMGNTRK,2933.960,N,10145.474,E,03495,M,010140.04,A,,260509*71
$PMGNTRK,2933.955,N,10145.472,E,03500,M,010216.04,A,,260509*7C
$PMGNTRK,2933.949,N,10145.474,E,03502,M,010253.04,A,,260509*74
$PMGNTRK,2933.944,N,10145.472,E,03506,M,010305.04,A,,260509*79
$PMGNTRK,2933.938,N,10145.473,E,03508,M,010321.05,A,,260509*7A
$PMGNTRK,2933.933,N,10145.473,E,03508,M,010334.03,A,,260509*73
$PMGNTRK,2933.927,N,10145.474,E,03504,M,010346.03,A,,260509*78
$PMGNTRK,2933.921,N,10145.475,E,03496,M,010356.04,A,,260509*73
$PMGNTRK,2933.916,N,10145.477,E,03493,M,010406.04,A,,260509*72
$PMGNTRK,2933.910,N,10145.476,E,03530,M,010419.03,A,,260509*74
$PMGNTRK,2933.905,N,10145.478,E,03609,M,010435.02,A,,260509*78
$PMGNTRK,2933.901,N,10145.481,E,03623,M,010448.02,A,,260509*78
$PMGNTRK,2933.896,N,10145.484,E,03630,M,010500.02,A,,260509*7D
$PMGNTRK,2933.891,N,10145.487,E,03630,M,010513.03,A,,260509*7A
$PMGNTRK,2933.886,N,10145.491,E,03628,M,010524.03,A,,260509*76
$PMGNTRK,2933.881,N,10145.494,E,03628,M,010537.03,A,,260509*76
$PMGNTRK,2933.877,N,10145.498,E,03621,M,010547.02,A,,260509*7C
$PMGNTRK,2933.872,N,10145.501,E,03617,M,010557.03,A,,260509*7D
$PMGNTRK,2933.866,N,10145.501,E,03622,M,010611.03,A,,260509*7F
$PMGNTRK,2933.862,N,10145.497,E,03626,M,010622.02,A,,260509*70
$PMGNTRK,2933.857,N,10145.496,E,03622,M,010633.03,A,,260509*72
$PMGNTRK,2933.851,N,10145.495,E,03617,M,010653.03,A,,260509*77
$PMGNTRK,2933.847,N,10145.491,E,03620,M,010704.02,A,,260509*72
$PMGNTRK,2933.842,N,10145.487,E,03622,M,010713.03,A,,260509*75
$PMGNTRK,2933.838,N,10145.483,E,03627,M,010723.04,A,,260509*7D
$PMGNTRK,2933.833,N,10145.481,E,03630,M,010747.03,A,,260509*77
$PMGNTRK,2933.827,N,10145.479,E,03638,M,010759.03,A,,260509*72
$PMGNTRK,2933.822,N,10145.478,E,03640,M,010816.04,A,,260509*7A
$PMGNTRK,2933.816,N,10145.478,E,03639,M,010829.03,A,,260509*78
$PMGNTRK,2933.811,N,10145.475,E,03643,M,010843.03,A,,260509*73
$PMGNTRK,2933.805,N,10145.473,E,03646,M,010901.04,A,,260509*75
$PMGNTRK,2933.800,N,10145.472,E,03648,M,010911.03,A,,260509*79
$PMGNTRK,2933.794,N,10145.471,E,03651,M,010922.02,A,,260509*71
$PMGNTRK,2933.789,N,10145.468,E,03655,M,010930.03,A,,260509*73
$PMGNTRK,2933.784,N,10145.468,E,03658,M,010940.03,A,,260509*74
$PMGNTRK,2933.778,N,10145.468,E,03659,M,010955.04,A,,260509*75
$PMGNTRK,2933.772,N,10145.467,E,03661,M,011005.03,A,,260509*71
$PMGNTRK,2933.767,N,10145.467,E,03661,M,011019.03,A,,260509*78
$PMGNTRK,2933.761,N,10145.469,E,03658,M,011038.03,A,,260509*79
$PMGNTRK,2933.756,N,10145.467,E,03660,M,011103.04,A,,260509*76
$PMGNTRK,2933.750,N,10145.468,E,03663,M,011114.03,A,,260509*7D
$PMGNTRK,2933.745,N,10145.470,E,03665,M,011126.03,A,,260509*77
$PMGNTRK,2933.739,N,10145.472,E,03668,M,011143.04,A,,260509*77
$PMGNTRK,2933.734,N,10145.473,E,03673,M,011226.04,A,,260509*71
$PMGNTRK,2933.729,N,10145.476,E,03670,M,011241.04,A,,260509*7A
$PMGNTRK,2933.725,N,10145.480,E,03664,M,011255.04,A,,260509*7F
$PMGNTRK,2933.719,N,10145.483,E,03657,M,011310.05,A,,260509*72
$PMGNTRK,2933.715,N,10145.488,E,03645,M,011326.05,A,,260509*73
$PMGNTRK,2933.709,N,10145.488,E,03638,M,011340.04,A,,260509*75
$PMGNTRK,2933.704,N,10145.487,E,03635,M,011352.05,A,,260509*78
$PMGNTRK,2933.699,N,10145.485,E,03639,M,011401.05,A,,260509*72
$PMGNTRK,2933.693,N,10145.482,E,03642,M,011409.03,A,,260509*7D
$PMGNTRK,2933.688,N,10145.481,E,03641,M,011419.04,A,,260509*71
$PMGNTRK,2933.683,N,10145.479,E,03641,M,011430.03,A,,260509*71
$PMGNTRK,2933.677,N,10145.479,E,03640,M,011500.03,A,,260509*79
$PMGNTRK,2933.672,N,10145.477,E,03639,M,011511.04,A,,260509*7B
$PMGNTRK,2933.667,N,10145.475,E,03640,M,011520.04,A,,260509*71
$PMGNTRK,2933.661,N,10145.475,E,03637,M,011532.04,A,,260509*74
$PMGNTRK,2933.655,N,10145.474,E,03641,M,011545.03,A,,260509*74
$PMGNTRK,2933.650,N,10145.474,E,03641,M,011555.04,A,,260509*77
$PMGNTRK,2933.644,N,10145.474,E,03642,M,011604.04,A,,260509*76
$PMGNTRK,2933.639,N,10145.474,E,03645,M,011613.05,A,,260509*7C
$PMGNTRK,2933.633,N,10145.475,E,03650,M,011621.04,A,,260509*73
$PMGNTRK,2933.627,N,10145.476,E,03653,M,011629.03,A,,260509*79
$PMGNTRK,2933.622,N,10145.476,E,03654,M,011637.04,A,,260509*73
$PMGNTRK,2933.617,N,10145.478,E,03652,M,011648.05,A,,260509*74
$PMGNTRK,2933.611,N,10145.479,E,03653,M,011658.04,A,,260509*72
$PMGNTRK,2933.606,N,10145.481,E,03649,M,011708.04,A,,260509*7C
$PMGNTRK,2933.600,N,10145.483,E,03653,M,011718.05,A,,260509*73
$PMGNTRK,2933.594,N,10145.483,E,03656,M,011726.04,A,,260509*74
$PMGNTRK,2933.589,N,10145.485,E,03657,M,011737.05,A,,260509*7E
$PMGNTRK,2933.584,N,10145.487,E,03659,M,011747.04,A,,260509*79
$PMGNTRK,2933.578,N,10145.488,E,03660,M,011756.05,A,,260509*7E
$PMGNTRK,2933.573,N,10145.489,E,03664,M,011809.04,A,,260509*74
$PMGNTRK,2933.568,N,10145.492,E,03662,M,011822.04,A,,260509*7B
$PMGNTRK,2933.563,N,10145.496,E,03660,M,011832.04,A,,260509*77
$PMGNTRK,2933.558,N,10145.499,E,03655,M,011844.04,A,,260509*77
$PMGNTRK,2933.552,N,10145.500,E,03656,M,011856.05,A,,260509*7D
$PMGNTRK,2933.547,N,10145.503,E,03655,M,011909.04,A,,260509*73
$PMGNTRK,2933.541,N,10145.504,E,03654,M,011921.04,A,,260509*79
$PMGNTRK,2933.536,N,10145.504,E,03656,M,011935.04,A,,260509*7E
$PMGNTRK,2933.531,N,10145.506,E,03659,M,011949.04,A,,260509*7F
$PMGNTRK,2933.528,N,10145.512,E,03656,M,012002.05,A,,260509*79
$PMGNTRK,2933.524,N,10145.517,E,03654,M,012013.04,A,,260509*73
$PMGNTRK,2933.520,N,10145.521,E,03649,M,012025.05,A,,260509*7A
$PMGNTRK,2933.515,N,10145.525,E,03644,M,012037.05,A,,260509*76
$PMGNTRK,2933.511,N,10145.529,E,03643,M,012047.05,A,,260509*7E
$PMGNTRK,2933.506,N,10145.533,E,03640,M,012102.05,A,,260509*70
$PMGNTRK,2933.500,N,10145.535,E,03639,M,012114.05,A,,260509*79
$PMGNTRK,2933.495,N,10145.536,E,03639,M,012125.04,A,,260509*74
$PMGNTRK,2933.490,N,10145.539,E,03640,M,012136.05,A,,260509*73
$PMGNTRK,2933.484,N,10145.541,E,03640,M,012147.05,A,,260509*7F
$PMGNTRK,2933.479,N,10145.541,E,03640,M,012158.04,A,,260509*72
$PMGNTRK,2933.473,N,10145.542,E,03638,M,012210.05,A,,260509*7A
$PMGNTRK,2933.468,N,10145.543,E,03639,M,012223.05,A,,260509*70
$PMGNTRK,2933.462,N,10145.543,E,03641,M,012233.04,A,,260509*75
$PMGNTRK,2933.456,N,10145.544,E,03642,M,012242.04,A,,260509*70
$PMGNTRK,2933.451,N,10145.546,E,03643,M,012253.05,A,,260509*75
$PMGNTRK,2933.445,N,10145.548,E,03642,M,012307.05,A,,260509*7F
$PMGNTRK,2933.440,N,10145.549,E,03643,M,012319.05,A,,260509*75
$PMGNTRK,2933.434,N,10145.548,E,03642,M,012331.05,A,,260509*7C
$PMGNTRK,2933.429,N,10145.547,E,03642,M,012340.05,A,,260509*79
$PMGNTRK,2933.423,N,10145.547,E,03645,M,012348.06,A,,260509*7F
$PMGNTRK,2933.417,N,10145.549,E,03650,M,012357.06,A,,260509*7C
$PMGNTRK,2933.412,N,10145.550,E,03650,M,012408.05,A,,260509*7F
$PMGNTRK,2933.406,N,10145.552,E,03653,M,012418.06,A,,260509*79
$PMGNTRK,2933.400,N,10145.554,E,03655,M,012428.05,A,,260509*7F
$PMGNTRK,2933.395,N,10145.555,E,03655,M,012436.05,A,,260509*7A
$PMGNTRK,2933.390,N,10145.557,E,03655,M,012446.05,A,,260509*7A
$PMGNTRK,2933.385,N,10145.560,E,03653,M,012500.05,A,,260509*7F
$PMGNTRK,2933.380,N,10145.563,E,03644,M,012513.05,A,,260509*7D
$PMGNTRK,2933.374,N,10145.563,E,03643,M,012524.06,A,,260509*76
$PMGNTRK,2933.369,N,10145.564,E,03642,M,012534.05,A,,260509*7E
$PMGNTRK,2933.363,N,10145.564,E,03637,M,012545.06,A,,260509*73
$PMGNTRK,2933.358,N,10145.564,E,03636,M,012556.06,A,,260509*78
$PMGNTRK,2933.352,N,10145.563,E,03642,M,012606.06,A,,260509*70
$PMGNTRK,2933.346,N,10145.563,E,03648,M,012615.06,A,,260509*7D
$PMGNTRK,2933.340,N,10145.563,E,03655,M,012626.05,A,,260509*74
$PMGNTRK,2933.334,N,10145.563,E,03657,M,012635.05,A,,260509*77
$PMGNTRK,2933.329,N,10145.564,E,03660,M,012644.05,A,,260509*7E
$PMGNTRK,2933.323,N,10145.564,E,03662,M,012702.06,A,,260509*76
$PMGNTRK,2933.318,N,10145.564,E,03671,M,012808.06,A,,260509*79
$PMGNTRK,2933.313,N,10145.563,E,03682,M,012916.07,A,,260509*76
$PMGNTRK,2933.307,N,10145.563,E,03695,M,013032.06,A,,260509*7A
$PMGNTRK,2933.302,N,10145.565,E,03698,M,013059.06,A,,260509*79
$PMGNTRK,2933.296,N,10145.567,E,03697,M,013112.06,A,,260509*76
$PMGNTRK,2933.291,N,10145.564,E,03703,M,013132.07,A,,260509*7D
$PMGNTRK,2933.285,N,10145.563,E,03699,M,013148.06,A,,260509*71
$PMGNTRK,2933.280,N,10145.562,E,03700,M,013159.06,A,,260509*74
$PMGNTRK,2933.274,N,10145.564,E,03700,M,013211.06,A,,260509*76
$PMGNTRK,2933.269,N,10145.567,E,03696,M,013223.06,A,,260509*76
$PMGNTRK,2933.263,N,10145.567,E,03696,M,013234.06,A,,260509*7A
$PMGNTRK,2933.258,N,10145.567,E,03694,M,013245.07,A,,260509*77
$PMGNTRK,2933.252,N,10145.567,E,03690,M,013257.08,A,,260509*75
$PMGNTRK,2933.246,N,10145.567,E,03691,M,013309.08,A,,260509*7B
$PMGNTRK,2933.241,N,10145.568,E,03691,M,013320.07,A,,260509*77
$PMGNTRK,2933.235,N,10145.571,E,03688,M,013334.07,A,,260509*71
$PMGNTRK,2933.230,N,10145.571,E,03687,M,013347.07,A,,260509*7F
$PMGNTRK,2933.224,N,10145.570,E,03691,M,013357.07,A,,260509*7D
$PMGNTRK,2933.218,N,10145.568,E,03694,M,013411.07,A,,260509*7B
$PMGNTRK,2933.213,N,10145.567,E,03693,M,013423.07,A,,260509*79
$PMGNTRK,2933.207,N,10145.565,E,03696,M,013435.08,A,,260509*73
$PMGNTRK,2933.202,N,10145.563,E,03702,M,013448.07,A,,260509*79
$PMGNTRK,2933.197,N,10145.563,E,03712,M,013522.08,A,,260509*75
$PMGNTRK,2933.191,N,10145.560,E,03727,M,013639.07,A,,260509*70
$PMGNTRK,2933.186,N,10145.563,E,03724,M,013656.08,A,,260509*70
$PMGNTRK,2933.181,N,10145.564,E,03717,M,013716.07,A,,260509*7A
$PMGNTRK,2933.175,N,10145.564,E,03718,M,013733.07,A,,260509*79
$PMGNTRK,2933.169,N,10145.565,E,03708,M,013749.07,A,,260509*79
$PMGNTRK,2933.164,N,10145.562,E,03707,M,013804.08,A,,260509*75
$PMGNTRK,2933.158,N,10145.561,E,03708,M,013817.07,A,,260509*7B
$PMGNTRK,2933.153,N,10145.562,E,03707,M,013829.07,A,,260509*71
$PMGNTRK,2933.148,N,10145.563,E,03709,M,013844.06,A,,260509*7E
$PMGNTRK,2933.142,N,10145.564,E,03710,M,013907.08,A,,260509*73
$PMGNTRK,2933.137,N,10145.563,E,03713,M,013921.08,A,,260509*71
$PMGNTRK,2933.131,N,10145.561,E,03713,M,013934.07,A,,260509*7E
$PMGNTRK,2933.125,N,10145.562,E,03715,M,013948.07,A,,260509*75
$PMGNTRK,2933.119,N,10145.561,E,03716,M,014000.07,A,,260509*78
$PMGNTRK,2933.114,N,10145.562,E,03717,M,014012.07,A,,260509*74
$PMGNTRK,2933.108,N,10145.563,E,03718,M,014026.08,A,,260509*7F
$PMGNTRK,2933.103,N,10145.565,E,03712,M,014040.07,A,,260509*77
$PMGNTRK,2933.097,N,10145.565,E,03714,M,014050.08,A,,260509*73
$PMGNTRK,2933.091,N,10145.565,E,03715,M,014100.09,A,,260509*71
$PMGNTRK,2933.085,N,10145.564,E,03715,M,014112.09,A,,260509*76
$PMGNTRK,2933.080,N,10145.564,E,03719,M,014123.08,A,,260509*7C
$PMGNTRK,2933.075,N,10145.563,E,03720,M,014136.07,A,,260509*70
$PMGNTRK,2933.069,N,10145.564,E,03722,M,014147.09,A,,260509*70
$PMGNTRK,2933.063,N,10145.565,E,03722,M,014200.07,A,,260509*75
$PMGNTRK,2933.057,N,10145.566,E,03719,M,014212.08,A,,260509*75
$PMGNTRK,2933.052,N,10145.567,E,03716,M,014223.07,A,,260509*73
$PMGNTRK,2933.047,N,10145.567,E,03721,M,014234.09,A,,260509*7B
$PMGNTRK,2933.041,N,10145.568,E,03722,M,014247.08,A,,260509*74
$PMGNTRK,2933.035,N,10145.569,E,03722,M,014258.08,A,,260509*78
$PMGNTRK,2933.029,N,10145.571,E,03722,M,014309.07,A,,260509*76
$PMGNTRK,2933.024,N,10145.572,E,03723,M,014320.08,A,,260509*7D
$PMGNTRK,2933.018,N,10145.574,E,03723,M,014331.08,A,,260509*74
$PMGNTRK,2933.012,N,10145.576,E,03721,M,014342.07,A,,260509*75
$PMGNTRK,2933.007,N,10145.577,E,03721,M,014352.08,A,,260509*7E
$PMGNTRK,2933.002,N,10145.579,E,03722,M,014402.08,A,,260509*74
$PMGNTRK,2932.996,N,10145.580,E,03719,M,014412.08,A,,260509*7E
$PMGNTRK,2932.991,N,10145.582,E,03723,M,014424.07,A,,260509*78
$PMGNTRK,2932.985,N,10145.583,E,03719,M,014434.08,A,,260509*7B
$PMGNTRK,2932.980,N,10145.585,E,03717,M,014443.07,A,,260509*79
$PMGNTRK,2932.975,N,10145.588,E,03715,M,014452.07,A,,260509*7C
$PMGNTRK,2932.970,N,10145.588,E,03716,M,014500.08,A,,260509*73
$PMGNTRK,2932.964,N,10145.589,E,03717,M,014508.08,A,,260509*7E
$PMGNTRK,2932.959,N,10145.591,E,03713,M,014518.07,A,,260509*73
$PMGNTRK,2932.954,N,10145.594,E,03712,M,014528.08,A,,260509*76
$PMGNTRK,2932.950,N,10145.599,E,03716,M,014538.08,A,,260509*7A
$PMGNTRK,2932.947,N,10145.604,E,03728,M,014606.08,A,,260509*78
$PMGNTRK,2932.942,N,10145.602,E,03729,M,014630.08,A,,260509*7F
$PMGNTRK,2932.939,N,10145.608,E,03747,M,014832.09,A,,260509*7C
$PMGNTRK,2932.935,N,10145.612,E,03769,M,015330.09,A,,260509*7F
$PMGNTRK,2932.932,N,10145.606,E,03763,M,015813.10,A,,260509*75
$PMGNTRK,2932.928,N,10145.603,E,03758,M,015857.11,A,,260509*72
$PMGNTRK,2932.933,N,10145.604,E,03773,M,020635.11,A,,260509*7A
$PMGNTRK,2932.939,N,10145.605,E,03777,M,020650.11,A,,260509*76
$PMGNTRK,2932.944,N,10145.607,E,03779,M,020708.11,A,,260509*7C
$PMGNTRK,2932.949,N,10145.608,E,03779,M,020741.11,A,,260509*73
$PMGNTRK,2932.947,N,10145.614,E,03770,M,021012.10,A,,260509*78
$PMGNTRK,2932.942,N,10145.614,E,03766,M,021028.10,A,,260509*73
$PMGNTRK,2932.937,N,10145.610,E,03763,M,021059.12,A,,260509*74
$PMGNTRK,2932.932,N,10145.607,E,03768,M,021409.11,A,,260509*7E
$PMGNTRK,2932.930,N,10145.613,E,03772,M,021440.11,A,,260509*7F
$PMGNTRK,2932.932,N,10145.619,E,03771,M,021453.12,A,,260509*75
$PMGNTRK,2932.931,N,10145.625,E,03761,M,021507.12,A,,260509*78
$PMGNTRK,2932.934,N,10145.631,E,03760,M,021521.12,A,,260509*7D
$PMGNTRK,2932.937,N,10145.636,E,03763,M,021536.13,A,,260509*7D
$PMGNTRK,2932.941,N,10145.640,E,03762,M,021552.13,A,,260509*7E
$PMGNTRK,2932.944,N,10145.646,E,03769,M,021605.12,A,,260509*76
$PMGNTRK,2932.947,N,10145.651,E,03770,M,021618.11,A,,260509*74
$PMGNTRK,2932.950,N,10145.656,E,03768,M,021629.12,A,,260509*7D
$PMGNTRK,2932.954,N,10145.662,E,03768,M,021642.12,A,,260509*73
$PMGNTRK,2932.955,N,10145.668,E,03766,M,021654.12,A,,260509*71
$PMGNTRK,2932.958,N,10145.674,E,03766,M,021702.63,A,,260509*75
$PMGNTRK,2932.963,N,10145.681,E,03766,M,021705.63,A,,260509*70
$PMGNTRK,2932.967,N,10145.687,E,03767,M,021725.12,A,,260509*77
$PMGNTRK,2932.970,N,10145.692,E,03768,M,021743.12,A,,260509*7A
$PMGNTRK,2932.976,N,10145.694,E,03770,M,021807.63,A,,260509*7A
$PMGNTRK,2932.982,N,10145.695,E,03772,M,021820.13,A,,260509*70
$PMGNTRK,2932.987,N,10145.696,E,03772,M,021836.13,A,,260509*71
$PMGNTRK,2932.990,N,10145.702,E,03770,M,021845.12,A,,260509*7C
$PMGNTRK,2932.994,N,10145.706,E,03773,M,021857.13,A,,260509*7D
$PMGNTRK,2932.999,N,10145.709,E,03773,M,021911.13,A,,260509*7C
$PMGNTRK,2933.001,N,10145.716,E,03774,M,021919.12,A,,260509*75
$PMGNTRK,2933.006,N,10145.719,E,03773,M,021927.13,A,,260509*76
$PMGNTRK,2933.010,N,10145.724,E,03773,M,021935.13,A,,260509*7C
$PMGNTRK,2933.016,N,10145.726,E,03774,M,021945.12,A,,260509*79
$PMGNTRK,2933.021,N,10145.725,E,03774,M,021953.13,A,,260509*78
$PMGNTRK,2933.027,N,10145.727,E,03770,M,022000.13,A,,260509*74
$PMGNTRK,2933.031,N,10145.732,E,03773,M,022007.13,A,,260509*73
$PMGNTRK,2933.036,N,10145.733,E,03772,M,022018.12,A,,260509*7B
$PMGNTRK,2933.041,N,10145.734,E,03771,M,022028.12,A,,260509*7C
$PMGNTRK,2933.047,N,10145.740,E,03771,M,022035.12,A,,260509*75
$PMGNTRK,2933.051,N,10145.743,E,03771,M,022045.13,A,,260509*77
$PMGNTRK,2933.057,N,10145.749,E,03770,M,022053.12,A,,260509*7C
$PMGNTRK,2933.061,N,10145.753,E,03770,M,022101.13,A,,260509*75
$PMGNTRK,2933.066,N,10145.758,E,03767,M,022106.13,A,,260509*78
$PMGNTRK,2933.071,N,10145.763,E,03765,M,022110.13,A,,260509*73
$PMGNTRK,2933.075,N,10145.768,E,03765,M,022116.12,A,,260509*7B
$PMGNTRK,2933.079,N,10145.773,E,03759,M,022120.13,A,,260509*76
$PMGNTRK,2933.082,N,10145.778,E,03756,M,022129.13,A,,260509*7F
$PMGNTRK,2933.086,N,10145.782,E,03752,M,022137.12,A,,260509*74
$PMGNTRK,2933.090,N,10145.788,E,03745,M,022150.13,A,,260509*7F
$PMGNTRK,2933.094,N,10145.792,E,03741,M,022213.13,A,,260509*70
$PMGNTRK,2933.097,N,10145.797,E,03738,M,022311.14,A,,260509*7C
$PMGNTRK,2933.093,N,10145.801,E,03727,M,022423.13,A,,260509*77
$PMGNTRK,2933.088,N,10145.801,E,03722,M,022440.14,A,,260509*7A
$PMGNTRK,2933.082,N,10145.803,E,03720,M,022456.13,A,,260509*70
$PMGNTRK,2933.076,N,10145.803,E,03715,M,022513.14,A,,260509*7A
$PMGNTRK,2933.071,N,10145.800,E,03712,M,022524.14,A,,260509*7D
$PMGNTRK,2933.065,N,10145.798,E,03710,M,022533.14,A,,260509*72
$PMGNTRK,2933.059,N,10145.795,E,03708,M,022541.14,A,,260509*7C
$PMGNTRK,2933.054,N,10145.797,E,03710,M,022549.13,A,,260509*75
$PMGNTRK,2933.048,N,10145.797,E,03710,M,022558.15,A,,260509*7E
$PMGNTRK,2933.042,N,10145.797,E,03702,M,022612.13,A,,260509*7C
$PMGNTRK,2933.037,N,10145.797,E,03697,M,022622.14,A,,260509*77
$PMGNTRK,2933.031,N,10145.798,E,03693,M,022632.14,A,,260509*7B
$PMGNTRK,2933.026,N,10145.799,E,03688,M,022643.14,A,,260509*70
$PMGNTRK,2933.020,N,10145.800,E,03685,M,022650.14,A,,260509*76
$PMGNTRK,2933.015,N,10145.800,E,03686,M,022658.14,A,,260509*7B
$PMGNTRK,2933.009,N,10145.801,E,03684,M,022709.14,A,,260509*70
$PMGNTRK,2933.003,N,10145.803,E,03682,M,022717.14,A,,260509*71
$PMGNTRK,2932.998,N,10145.806,E,03680,M,022724.14,A,,260509*7C
$PMGNTRK,2932.994,N,10145.810,E,03682,M,022730.14,A,,260509*70
$PMGNTRK,2932.989,N,10145.811,E,03681,M,022740.14,A,,260509*79
$PMGNTRK,2932.983,N,10145.808,E,03680,M,022821.13,A,,260509*75
$PMGNTRK,2932.977,N,10145.806,E,03695,M,022828.15,A,,260509*7B
$PMGNTRK,2932.972,N,10145.804,E,03696,M,022833.14,A,,260509*74
$PMGNTRK,2932.966,N,10145.803,E,03698,M,022839.14,A,,260509*72
$PMGNTRK,2932.960,N,10145.806,E,03698,M,022850.14,A,,260509*7E
$PMGNTRK,2932.955,N,10145.804,E,03695,M,022858.14,A,,260509*7F
$PMGNTRK,2932.950,N,10145.803,E,03697,M,022906.14,A,,260509*75
$PMGNTRK,2932.944,N,10145.802,E,03690,M,022918.14,A,,260509*79
$PMGNTRK,2932.938,N,10145.803,E,03689,M,022925.14,A,,260509*75
$PMGNTRK,2932.932,N,10145.803,E,03690,M,022932.14,A,,260509*71
$PMGNTRK,2932.928,N,10145.806,E,03696,M,022941.14,A,,260509*7D
$PMGNTRK,2932.922,N,10145.808,E,03696,M,022949.15,A,,260509*70
$PMGNTRK,2932.916,N,10145.808,E,03692,M,023000.16,A,,260509*75
$PMGNTRK,2932.911,N,10145.806,E,03692,M,023008.15,A,,260509*77
$PMGNTRK,2932.905,N,10145.805,E,03686,M,023022.15,A,,260509*7C
$PMGNTRK,2932.899,N,10145.806,E,03681,M,023035.14,A,,260509*7B
$PMGNTRK,2932.893,N,10145.805,E,03682,M,023042.14,A,,260509*71
$PMGNTRK,2932.888,N,10145.804,E,03680,M,023050.15,A,,260509*7A
$PMGNTRK,2932.882,N,10145.802,E,03679,M,023057.15,A,,260509*77
$PMGNTRK,2932.877,N,10145.801,E,03675,M,023105.15,A,,260509*74
$PMGNTRK,2932.871,N,10145.801,E,03670,M,023115.14,A,,260509*77
$PMGNTRK,2932.865,N,10145.802,E,03669,M,023124.15,A,,260509*7A
$PMGNTRK,2932.859,N,10145.802,E,03668,M,023132.15,A,,260509*73
$PMGNTRK,2932.853,N,10145.803,E,03667,M,023138.14,A,,260509*7C
$PMGNTRK,2932.847,N,10145.802,E,03668,M,023147.15,A,,260509*7E
$PMGNTRK,2932.842,N,10145.801,E,03665,M,023154.15,A,,260509*77
$PMGNTRK,2932.836,N,10145.802,E,03665,M,023201.15,A,,260509*74
$PMGNTRK,2932.830,N,10145.803,E,03662,M,023210.15,A,,260509*74
$PMGNTRK,2932.825,N,10145.801,E,03663,M,023220.15,A,,260509*70
$PMGNTRK,2932.819,N,10145.802,E,03662,M,023229.67,A,,260509*71
$PMGNTRK,2932.814,N,10145.803,E,03661,M,023238.15,A,,260509*7B
$PMGNTRK,2932.808,N,10145.806,E,03660,M,023245.15,A,,260509*78
$PMGNTRK,2932.802,N,10145.807,E,03659,M,023253.14,A,,260509*7F
$PMGNTRK,2932.797,N,10145.808,E,03658,M,023303.15,A,,260509*77
$PMGNTRK,2932.792,N,10145.810,E,03653,M,023311.15,A,,260509*73
$PMGNTRK,2932.786,N,10145.810,E,03646,M,023321.14,A,,260509*70
$PMGNTRK,2932.781,N,10145.810,E,03647,M,023331.15,A,,260509*76
$PMGNTRK,2932.775,N,10145.809,E,03641,M,023339.15,A,,260509*7B
$PMGNTRK,2932.769,N,10145.807,E,03640,M,023346.15,A,,260509*71
$PMGNTRK,2932.764,N,10145.806,E,03642,M,023354.16,A,,260509*7F
$PMGNTRK,2932.758,N,10145.807,E,03642,M,023403.16,A,,260509*74
$PMGNTRK,2932.752,N,10145.806,E,03641,M,023410.15,A,,260509*7D
$PMGNTRK,2932.747,N,10145.805,E,03637,M,023420.15,A,,260509*78
$PMGNTRK,2932.741,N,10145.802,E,03640,M,023441.16,A,,260509*7D
$PMGNTRK,2932.736,N,10145.801,E,03642,M,023506.15,A,,260509*7D
$PMGNTRK,2932.731,N,10145.801,E,03640,M,023518.15,A,,260509*77
$PMGNTRK,2932.725,N,10145.803,E,03638,M,023531.15,A,,260509*74
$PMGNTRK,2932.720,N,10145.803,E,03633,M,023545.15,A,,260509*79
$PMGNTRK,2932.715,N,10145.804,E,03630,M,023553.15,A,,260509*7C
$PMGNTRK,2932.709,N,10145.805,E,03628,M,023607.16,A,,260509*78
$PMGNTRK,2932.703,N,10145.805,E,03624,M,023620.15,A,,260509*78
$PMGNTRK,2932.698,N,10145.807,E,03620,M,023637.15,A,,260509*7B
$PMGNTRK,2932.693,N,10145.805,E,03621,M,023700.15,A,,260509*76
$PMGNTRK,2932.687,N,10145.806,E,03620,M,023712.15,A,,260509*72
$PMGNTRK,2932.682,N,10145.806,E,03621,M,023721.15,A,,260509*76
$PMGNTRK,2932.677,N,10145.806,E,03620,M,023734.16,A,,260509*7A
$PMGNTRK,2932.671,N,10145.806,E,03615,M,023744.16,A,,260509*7D
$PMGNTRK,2932.665,N,10145.806,E,03614,M,023756.17,A,,260509*7B
$PMGNTRK,2932.660,N,10145.806,E,03608,M,023806.16,A,,260509*78
$PMGNTRK,2932.655,N,10145.809,E,03616,M,023818.16,A,,260509*71
$PMGNTRK,2932.649,N,10145.807,E,03612,M,023828.16,A,,260509*75
$PMGNTRK,2932.644,N,10145.806,E,03610,M,023836.17,A,,260509*75
$PMGNTRK,2932.638,N,10145.808,E,03609,M,023847.16,A,,260509*7F
$PMGNTRK,2932.633,N,10145.809,E,03611,M,023858.16,A,,260509*72
$PMGNTRK,2932.627,N,10145.810,E,03613,M,023909.17,A,,260509*79
$PMGNTRK,2932.621,N,10145.811,E,03614,M,023919.16,A,,260509*79
$PMGNTRK,2932.615,N,10145.811,E,03620,M,023928.16,A,,260509*7B
$PMGNTRK,2932.610,N,10145.813,E,03627,M,023936.16,A,,260509*74
$PMGNTRK,2932.605,N,10145.813,E,03633,M,023945.16,A,,260509*71
$PMGNTRK,2932.599,N,10145.814,E,03638,M,023954.16,A,,260509*7B
$PMGNTRK,2932.593,N,10145.814,E,03643,M,024003.16,A,,260509*71
$PMGNTRK,2932.588,N,10145.815,E,03643,M,024013.16,A,,260509*7B
$PMGNTRK,2932.582,N,10145.814,E,03647,M,024021.16,A,,260509*75
$PMGNTRK,2932.576,N,10145.810,E,03646,M,024028.15,A,,260509*71
$PMGNTRK,2932.570,N,10145.808,E,03640,M,024032.16,A,,260509*70
$PMGNTRK,2932.564,N,10145.806,E,03634,M,024038.17,A,,260509*73
$PMGNTRK,2932.559,N,10145.802,E,03629,M,024044.16,A,,260509*7F
$PMGNTRK,2932.553,N,10145.801,E,03619,M,024052.17,A,,260509*73
$PMGNTRK,2932.547,N,10145.801,E,03621,M,024100.16,A,,260509*7A
$PMGNTRK,2932.542,N,10145.799,E,03616,M,024108.15,A,,260509*7E
$PMGNTRK,2932.537,N,10145.797,E,03614,M,024115.15,A,,260509*7C
$PMGNTRK,2932.531,N,10145.799,E,03613,M,024123.16,A,,260509*75
$PMGNTRK,2932.525,N,10145.799,E,03614,M,024131.17,A,,260509*75
$PMGNTRK,2932.520,N,10145.799,E,03612,M,024140.17,A,,260509*70
$PMGNTRK,2932.514,N,10145.796,E,03609,M,024151.16,A,,260509*73
$PMGNTRK,2932.508,N,10145.797,E,03610,M,024201.17,A,,260509*70
$PMGNTRK,2932.502,N,10145.797,E,03614,M,024210.67,A,,260509*79
$PMGNTRK,2932.496,N,10145.796,E,03611,M,024221.17,A,,260509*74
$PMGNTRK,2932.490,N,10145.796,E,03613,M,024233.16,A,,260509*72
$PMGNTRK,2932.485,N,10145.798,E,03617,M,024241.17,A,,260509*78
$PMGNTRK,2932.479,N,10145.797,E,03619,M,024250.17,A,,260509*7A
$PMGNTRK,2932.474,N,10145.796,E,03624,M,024259.16,A,,260509*70
$PMGNTRK,2932.468,N,10145.795,E,03622,M,024309.17,A,,260509*7D
$PMGNTRK,2932.463,N,10145.789,E,03615,M,024322.68,A,,260509*7E
$PMGNTRK,2932.458,N,10145.787,E,03615,M,024334.18,A,,260509*78
$PMGNTRK,2932.452,N,10145.783,E,03604,M,024337.17,A,,260509*7A
$PMGNTRK,2932.447,N,10145.779,E,03594,M,024340.17,A,,260509*71
$PMGNTRK,2932.442,N,10145.776,E,03586,M,024346.16,A,,260509*7F
$PMGNTRK,2932.436,N,10145.773,E,03578,M,024352.17,A,,260509*7C
$PMGNTRK,2932.431,N,10145.771,E,03571,M,024357.16,A,,260509*74
$PMGNTRK,2932.425,N,10145.768,E,03565,M,024403.17,A,,260509*7B
$PMGNTRK,2932.420,N,10145.765,E,03557,M,024410.17,A,,260509*70
$PMGNTRK,2932.415,N,10145.763,E,03555,M,024421.16,A,,260509*71
$PMGNTRK,2932.410,N,10145.766,E,03557,M,024433.16,A,,260509*70
$PMGNTRK,2932.405,N,10145.769,E,03561,M,024447.16,A,,260509*7D
$PMGNTRK,2932.399,N,10145.767,E,03560,M,024501.18,A,,260509*7D
$PMGNTRK,2932.394,N,10145.769,E,03569,M,024517.16,A,,260509*7E
$PMGNTRK,2932.388,N,10145.771,E,03572,M,024528.17,A,,260509*7D
$PMGNTRK,2932.383,N,10145.772,E,03579,M,024540.17,A,,260509*70
$PMGNTRK,2932.377,N,10145.772,E,03573,M,024553.17,A,,260509*73
$PMGNTRK,2932.371,N,10145.771,E,03572,M,024617.17,A,,260509*74
$PMGNTRK,2932.366,N,10145.767,E,03566,M,024630.17,A,,260509*75
$PMGNTRK,2932.362,N,10145.763,E,03557,M,024641.16,A,,260509*70
$PMGNTRK,2932.358,N,10145.759,E,03547,M,024655.16,A,,260509*74
$PMGNTRK,2932.353,N,10145.756,E,03541,M,024713.18,A,,260509*7B
$PMGNTRK,2932.349,N,10145.752,E,03539,M,024756.18,A,,260509*7A
$PMGNTRK,2932.344,N,10145.749,E,03535,M,025017.19,A,,260509*73
$PMGNTRK,2932.339,N,10145.752,E,03538,M,025031.18,A,,260509*7B
$PMGNTRK,2932.334,N,10145.756,E,03536,M,025042.18,A,,260509*78
$PMGNTRK,2932.328,N,10145.756,E,03532,M,025055.19,A,,260509*76
$PMGNTRK,2932.324,N,10145.760,E,03532,M,025105.18,A,,260509*7A
$PMGNTRK,2932.319,N,10145.761,E,03530,M,025115.18,A,,260509*76
$PMGNTRK,2932.313,N,10145.762,E,03529,M,025128.17,A,,260509*76
$PMGNTRK,2932.308,N,10145.764,E,03521,M,025140.18,A,,260509*73
$PMGNTRK,2932.303,N,10145.767,E,03516,M,025152.68,A,,260509*7B
$PMGNTRK,2932.297,N,10145.767,E,03509,M,025206.18,A,,260509*7C
$PMGNTRK,2932.292,N,10145.767,E,03509,M,025216.18,A,,260509*78
$PMGNTRK,2932.286,N,10145.768,E,03508,M,025227.18,A,,260509*71
$PMGNTRK,2932.280,N,10145.769,E,03512,M,025239.18,A,,260509*72
$PMGNTRK,2932.275,N,10145.771,E,03515,M,025248.18,A,,260509*70
$PMGNTRK,2932.270,N,10145.772,E,03508,M,025302.18,A,,260509*75
$PMGNTRK,2932.264,N,10145.774,E,03507,M,025310.18,A,,260509*7A
$PMGNTRK,2932.259,N,10145.774,E,03503,M,025320.19,A,,260509*72
$PMGNTRK,2932.254,N,10145.776,E,03497,M,025333.18,A,,260509*72
$PMGNTRK,2932.248,N,10145.777,E,03495,M,025341.17,A,,260509*76
$PMGNTRK,2932.243,N,10145.778,E,03494,M,025350.18,A,,260509*7C
$PMGNTRK,2932.237,N,10145.777,E,03488,M,025403.18,A,,260509*7C
$PMGNTRK,2932.232,N,10145.777,E,03484,M,025413.18,A,,260509*74
$PMGNTRK,2932.226,N,10145.778,E,03478,M,025426.18,A,,260509*7B
$PMGNTRK,2932.220,N,10145.779,E,03472,M,025437.17,A,,260509*79
$PMGNTRK,2932.215,N,10145.777,E,03465,M,025448.19,A,,260509*71
$PMGNTRK,2932.209,N,10145.778,E,03463,M,025456.17,A,,260509*74
$PMGNTRK,2932.203,N,10145.777,E,03459,M,025506.17,A,,260509*7C
$PMGNTRK,2932.198,N,10145.778,E,03450,M,025514.18,A,,260509*77
$PMGNTRK,2932.192,N,10145.781,E,03449,M,025523.18,A,,260509*77
$PMGNTRK,2932.187,N,10145.783,E,03449,M,025532.69,A,,260509*77
$PMGNTRK,2932.181,N,10145.783,E,03443,M,025544.18,A,,260509*7C
$PMGNTRK,2932.175,N,10145.783,E,03440,M,025554.18,A,,260509*75
$PMGNTRK,2932.169,N,10145.784,E,03433,M,025604.17,A,,260509*72
$PMGNTRK,2932.164,N,10145.783,E,03429,M,025616.17,A,,260509*70
$PMGNTRK,2932.158,N,10145.785,E,03424,M,025625.17,A,,260509*74
$PMGNTRK,2932.154,N,10145.789,E,03422,M,025634.18,A,,260509*7D
$PMGNTRK,2932.149,N,10145.792,E,03423,M,025642.17,A,,260509*74
$PMGNTRK,2932.143,N,10145.794,E,03418,M,025652.18,A,,260509*7E
$PMGNTRK,2932.137,N,10145.794,E,03407,M,025702.18,A,,260509*77
$PMGNTRK,2932.132,N,10145.797,E,03405,M,025711.19,A,,260509*70
$PMGNTRK,2932.127,N,10145.798,E,03403,M,025719.19,A,,260509*75
$PMGNTRK,2932.122,N,10145.800,E,03401,M,025726.19,A,,260509*70
$PMGNTRK,2932.116,N,10145.803,E,03401,M,025734.18,A,,260509*76
$PMGNTRK,2932.111,N,10145.806,E,03394,M,025744.19,A,,260509*79
$PMGNTRK,2932.106,N,10145.809,E,03392,M,025753.19,A,,260509*70
$PMGNTRK,2932.101,N,10145.812,E,03393,M,025804.18,A,,260509*70
$PMGNTRK,2932.096,N,10145.815,E,03396,M,025813.19,A,,260509*7A
$PMGNTRK,2932.090,N,10145.818,E,03394,M,025822.19,A,,260509*71
$PMGNTRK,2932.086,N,10145.822,E,03393,M,025832.19,A,,260509*79
$PMGNTRK,2932.081,N,10145.826,E,03392,M,025842.18,A,,260509*7D
$PMGNTRK,2932.076,N,10145.828,E,03389,M,025851.18,A,,260509*73
$PMGNTRK,2932.072,N,10145.833,E,03389,M,025901.19,A,,260509*78
$PMGNTRK,2932.068,N,10145.837,E,03387,M,025910.18,A,,260509*78
$PMGNTRK,2932.063,N,10145.841,E,03377,M,025923.19,A,,260509*7C
$PMGNTRK,2932.058,N,10145.844,E,03375,M,025942.68,A,,260509*72
$PMGNTRK,2932.053,N,10145.841,E,03375,M,030039.20,A,,260509*71
$PMGNTRK,2932.048,N,10145.843,E,03384,M,030054.19,A,,260509*76
$PMGNTRK,2932.043,N,10145.845,E,03389,M,030145.19,A,,260509*77
$PMGNTRK,2932.038,N,10145.849,E,03388,M,030416.20,A,,260509*7F
$PMGNTRK,2932.033,N,10145.852,E,03375,M,030433.20,A,,260509*7B
$PMGNTRK,2932.027,N,10145.853,E,03366,M,030448.19,A,,260509*7B
$PMGNTRK,2932.022,N,10145.855,E,03361,M,030503.20,A,,260509*7B
$PMGNTRK,2932.017,N,10145.856,E,03353,M,030516.19,A,,260509*71
$PMGNTRK,2932.012,N,10145.860,E,03353,M,030525.19,A,,260509*71
$PMGNTRK,2932.008,N,10145.863,E,03349,M,030535.19,A,,260509*73
$PMGNTRK,2932.003,N,10145.866,E,03343,M,030547.20,A,,260509*78
$PMGNTRK,2931.998,N,10145.869,E,03338,M,030558.19,A,,260509*77
$PMGNTRK,2931.993,N,10145.873,E,03336,M,030608.20,A,,260509*75
$PMGNTRK,2931.988,N,10145.875,E,03338,M,030633.19,A,,260509*75
$PMGNTRK,2931.982,N,10145.874,E,03333,M,030646.20,A,,260509*7D
$PMGNTRK,2931.976,N,10145.875,E,03329,M,030655.20,A,,260509*7E
$PMGNTRK,2931.971,N,10145.878,E,03329,M,030703.20,A,,260509*76
$PMGNTRK,2931.966,N,10145.878,E,03323,M,030714.20,A,,260509*7C
$PMGNTRK,2931.960,N,10145.880,E,03321,M,030725.21,A,,260509*7C
$PMGNTRK,2931.955,N,10145.883,E,03320,M,030735.20,A,,260509*78
$PMGNTRK,2931.950,N,10145.883,E,03319,M,030745.20,A,,260509*70
$PMGNTRK,2931.945,N,10145.887,E,03315,M,030807.21,A,,260509*74
$PMGNTRK,2931.940,N,10145.888,E,03311,M,030816.19,A,,260509*71
$PMGNTRK,2931.935,N,10145.891,E,03307,M,030826.20,A,,260509*75
$PMGNTRK,2931.929,N,10145.893,E,03304,M,030836.20,A,,260509*78
$PMGNTRK,2931.924,N,10145.895,E,03309,M,030857.20,A,,260509*79
$PMGNTRK,2931.921,N,10145.900,E,03308,M,030908.19,A,,260509*71
$PMGNTRK,2931.915,N,10145.904,E,03308,M,030919.20,A,,260509*78
$PMGNTRK,2931.910,N,10145.906,E,03310,M,030928.20,A,,260509*74
$PMGNTRK,2931.905,N,10145.910,E,03309,M,030935.20,A,,260509*73
$PMGNTRK,2931.900,N,10145.912,E,03305,M,030944.20,A,,260509*7E
$PMGNTRK,2931.895,N,10145.915,E,03307,M,030952.21,A,,260509*70
$PMGNTRK,2931.889,N,10145.918,E,03306,M,030959.21,A,,260509*7A
$PMGNTRK,2931.884,N,10145.920,E,03306,M,031008.21,A,,260509*70
$PMGNTRK,2931.879,N,10145.921,E,03308,M,031025.19,A,,260509*79
$PMGNTRK,2931.875,N,10145.926,E,03310,M,031043.20,A,,260509*71
$PMGNTRK,2931.869,N,10145.928,E,03313,M,031102.20,A,,260509*75
$PMGNTRK,2931.867,N,10145.934,E,03311,M,031125.20,A,,260509*71
$PMGNTRK,2931.870,N,10145.940,E,03301,M,031148.20,A,,260509*7E
$PMGNTRK,2931.872,N,10145.946,E,03302,M,031207.20,A,,260509*71
$PMGNTRK,2931.869,N,10145.952,E,03299,M,031225.19,A,,260509*77
$PMGNTRK,2931.869,N,10145.958,E,03297,M,031242.20,A,,260509*78
$PMGNTRK,2931.869,N,10145.965,E,03300,M,031309.19,A,,260509*7D
$PMGNTRK,2931.865,N,10145.969,E,03301,M,031319.20,A,,260509*77
$PMGNTRK,2931.860,N,10145.972,E,03304,M,031330.19,A,,260509*7C
$PMGNTRK,2931.855,N,10145.975,E,03305,M,031341.20,A,,260509*70
$PMGNTRK,2931.850,N,10145.977,E,03305,M,031403.19,A,,260509*7C
$PMGNTRK,2931.845,N,10145.976,E,03311,M,031444.20,A,,260509*75
$PMGNTRK,2931.839,N,10145.976,E,03311,M,031459.19,A,,260509*78
$PMGNTRK,2931.834,N,10145.976,E,03311,M,031508.20,A,,260509*7A
$PMGNTRK,2931.828,N,10145.977,E,03311,M,031519.20,A,,260509*76
$PMGNTRK,2931.823,N,10145.978,E,03314,M,031607.19,A,,260509*71
$PMGNTRK,2931.818,N,10145.980,E,03312,M,031722.19,A,,260509*7E
$PMGNTRK,2931.812,N,10145.982,E,03310,M,031734.20,A,,260509*79
$PMGNTRK,2931.807,N,10145.982,E,03311,M,031743.21,A,,260509*7D
$PMGNTRK,2931.801,N,10145.983,E,03311,M,031752.21,A,,260509*7A
$PMGNTRK,2931.796,N,10145.985,E,03308,M,031801.21,A,,260509*7C
$PMGNTRK,2931.790,N,10145.987,E,03305,M,031812.22,A,,260509*74
$PMGNTRK,2931.786,N,10145.990,E,03303,M,031821.20,A,,260509*71
$PMGNTRK,2931.780,N,10145.993,E,03303,M,031830.21,A,,260509*75
$PMGNTRK,2931.774,N,10145.994,E,03302,M,031839.21,A,,260509*71
$PMGNTRK,2931.769,N,10145.997,E,03299,M,031848.21,A,,260509*7B
$PMGNTRK,2931.764,N,10145.999,E,03298,M,031857.21,A,,260509*77
$PMGNTRK,2931.759,N,10146.002,E,03296,M,031906.20,A,,260509*7B
$PMGNTRK,2931.754,N,10146.006,E,03293,M,031918.21,A,,260509*79
$PMGNTRK,2931.749,N,10146.010,E,03292,M,031926.21,A,,260509*7E
$PMGNTRK,2931.746,N,10146.015,E,03292,M,031937.21,A,,260509*74
$PMGNTRK,2931.742,N,10146.020,E,03290,M,031947.22,A,,260509*70
$PMGNTRK,2931.740,N,10146.026,E,03290,M,031956.21,A,,260509*77
$PMGNTRK,2931.739,N,10146.033,E,03291,M,032005.21,A,,260509*70
$PMGNTRK,2931.738,N,10146.040,E,03287,M,032017.21,A,,260509*71
$PMGNTRK,2931.735,N,10146.045,E,03287,M,032024.21,A,,260509*79
$PMGNTRK,2931.732,N,10146.050,E,03287,M,032033.21,A,,260509*7C
$PMGNTRK,2931.730,N,10146.056,E,03284,M,032042.20,A,,260509*7C
$PMGNTRK,2931.729,N,10146.062,E,03284,M,032050.21,A,,260509*71
$PMGNTRK,2931.729,N,10146.069,E,03285,M,032100.21,A,,260509*7F
$PMGNTRK,2931.727,N,10146.076,E,03284,M,032111.21,A,,260509*7E
$PMGNTRK,2931.725,N,10146.081,E,03283,M,032121.22,A,,260509*73
$PMGNTRK,2931.723,N,10146.087,E,03281,M,032132.21,A,,260509*70
$PMGNTRK,2931.721,N,10146.093,E,03278,M,032143.20,A,,260509*76
$PMGNTRK,2931.717,N,10146.099,E,03278,M,032151.21,A,,260509*7B
$PMGNTRK,2931.714,N,10146.104,E,03279,M,032159.20,A,,260509*75
$PMGNTRK,2931.711,N,10146.109,E,03280,M,032207.21,A,,260509*72
$PMGNTRK,2931.707,N,10146.114,E,03279,M,032216.20,A,,260509*7E
$PMGNTRK,2931.704,N,10146.119,E,03280,M,032225.20,A,,260509*76
$PMGNTRK,2931.701,N,10146.125,E,03280,M,032234.20,A,,260509*7C
$PMGNTRK,2931.697,N,10146.131,E,03279,M,032244.20,A,,260509*76
$PMGNTRK,2931.694,N,10146.136,E,03280,M,032252.21,A,,260509*72
$PMGNTRK,2931.690,N,10146.141,E,03279,M,032301.21,A,,260509*77
$PMGNTRK,2931.686,N,10146.146,E,03279,M,032310.21,A,,260509*77
$PMGNTRK,2931.682,N,10146.151,E,03279,M,032318.21,A,,260509*7D
$PMGNTRK,2931.679,N,10146.156,E,03278,M,032326.20,A,,260509*73
$PMGNTRK,2931.675,N,10146.161,E,03279,M,032347.20,A,,260509*7D
$PMGNTRK,2931.672,N,10146.167,E,03278,M,032357.21,A,,260509*7D
$PMGNTRK,2931.668,N,10146.172,E,03276,M,032407.21,A,,260509*7E
$PMGNTRK,2931.664,N,10146.176,E,03273,M,032417.22,A,,260509*71
$PMGNTRK,2931.659,N,10146.180,E,03274,M,032426.21,A,,260509*70
$PMGNTRK,2931.655,N,10146.183,E,03274,M,032434.21,A,,260509*7C
$PMGNTRK,2931.650,N,10146.187,E,03275,M,032442.21,A,,260509*7D
$PMGNTRK,2931.646,N,10146.192,E,03274,M,032451.21,A,,260509*7D
$PMGNTRK,2931.642,N,10146.196,E,03274,M,032500.21,A,,260509*78
$PMGNTRK,2931.637,N,10146.200,E,03273,M,032510.22,A,,260509*73
$PMGNTRK,2931.635,N,10146.206,E,03270,M,032519.21,A,,260509*7E
$PMGNTRK,2931.630,N,10146.210,E,03270,M,032527.21,A,,260509*71
$PMGNTRK,2931.625,N,10146.213,E,03271,M,032535.21,A,,260509*74
$PMGNTRK,2931.621,N,10146.209,E,03268,M,032552.21,A,,260509*72
$PMGNTRK,2931.619,N,10146.203,E,03267,M,032603.21,A,,260509*7B
$PMGNTRK,2931.619,N,10146.196,E,03258,M,032617.21,A,,260509*7D
$PMGNTRK,2931.615,N,10146.202,E,03256,M,032631.21,A,,260509*75
$PMGNTRK,2931.614,N,10146.208,E,03256,M,032641.23,A,,260509*7B
$PMGNTRK,2931.609,N,10146.212,E,03258,M,032651.22,A,,260509*72
$PMGNTRK,2931.604,N,10146.214,E,03260,M,032701.22,A,,260509*76
$PMGNTRK,2931.602,N,10146.220,E,03262,M,032721.22,A,,260509*77
$PMGNTRK,2931.601,N,10146.226,E,03257,M,032734.23,A,,260509*71
$PMGNTRK,2931.599,N,10146.233,E,03252,M,032748.22,A,,260509*78
$PMGNTRK,2931.597,N,10146.239,E,03251,M,032800.21,A,,260509*7F
$PMGNTRK,2931.594,N,10146.244,E,03250,M,032812.23,A,,260509*76
$PMGNTRK,2931.591,N,10146.250,E,03251,M,032825.23,A,,260509*73
$PMGNTRK,2931.587,N,10146.254,E,03247,M,032834.22,A,,260509*76
$PMGNTRK,2931.582,N,10146.258,E,03248,M,032842.22,A,,260509*71
$PMGNTRK,2931.577,N,10146.261,E,03247,M,032850.22,A,,260509*7D
$PMGNTRK,2931.571,N,10146.263,E,03248,M,032858.23,A,,260509*7F
$PMGNTRK,2931.566,N,10146.264,E,03244,M,032908.23,A,,260509*76
$PMGNTRK,2931.560,N,10146.267,E,03246,M,032918.22,A,,260509*71
$PMGNTRK,2931.555,N,10146.269,E,03249,M,032928.22,A,,260509*75
$PMGNTRK,2931.549,N,10146.271,E,03246,M,032938.23,A,,260509*7E
$PMGNTRK,2931.544,N,10146.272,E,03245,M,032947.23,A,,260509*7B
$PMGNTRK,2931.538,N,10146.274,E,03245,M,032954.23,A,,260509*74
$PMGNTRK,2931.533,N,10146.277,E,03246,M,033001.23,A,,260509*77
$PMGNTRK,2931.527,N,10146.279,E,03248,M,033009.24,A,,260509*7D
$PMGNTRK,2931.522,N,10146.281,E,03248,M,033016.24,A,,260509*71
$PMGNTRK,2931.516,N,10146.282,E,03245,M,033024.24,A,,260509*79
$PMGNTRK,2931.511,N,10146.284,E,03245,M,033031.24,A,,260509*7C
$PMGNTRK,2931.505,N,10146.287,E,03245,M,033039.24,A,,260509*72
$PMGNTRK,2931.500,N,10146.289,E,03243,M,033049.24,A,,260509*78
$PMGNTRK,2931.494,N,10146.292,E,03244,M,033057.23,A,,260509*71
$PMGNTRK,2931.489,N,10146.294,E,03245,M,033105.24,A,,260509*7B
$PMGNTRK,2931.484,N,10146.297,E,03247,M,033113.24,A,,260509*70
$PMGNTRK,2931.479,N,10146.301,E,03250,M,033121.23,A,,260509*7C
$PMGNTRK,2931.474,N,10146.304,E,03250,M,033131.23,A,,260509*75
$PMGNTRK,2931.469,N,10146.308,E,03249,M,033142.23,A,,260509*79
$PMGNTRK,2931.464,N,10146.312,E,03251,M,033149.23,A,,260509*7D
$PMGNTRK,2931.459,N,10146.315,E,03254,M,033155.24,A,,260509*7B
$PMGNTRK,2931.454,N,10146.318,E,03255,M,033201.23,A,,260509*7F
$PMGNTRK,2931.450,N,10146.321,E,03258,M,033207.24,A,,260509*7D
$PMGNTRK,2931.445,N,10146.324,E,03260,M,033213.23,A,,260509*75
$PMGNTRK,2931.439,N,10146.327,E,03261,M,033220.23,A,,260509*7C
$PMGNTRK,2931.434,N,10146.330,E,03261,M,033227.23,A,,260509*70
$PMGNTRK,2931.429,N,10146.333,E,03262,M,033235.24,A,,260509*78
$PMGNTRK,2931.423,N,10146.335,E,03263,M,033244.23,A,,260509*74
$PMGNTRK,2931.418,N,10146.337,E,03264,M,033252.23,A,,260509*7E
$PMGNTRK,2931.412,N,10146.338,E,03265,M,033259.23,A,,260509*71
$PMGNTRK,2931.407,N,10146.340,E,03266,M,033306.23,A,,260509*72
$PMGNTRK,2931.401,N,10146.340,E,03266,M,033313.23,A,,260509*70
$PMGNTRK,2931.396,N,10146.342,E,03267,M,033330.23,A,,260509*7B
$PMGNTRK,2931.392,N,10146.346,E,03268,M,033550.23,A,,260509*74
$PMGNTRK,2931.388,N,10146.341,E,03269,M,033839.23,A,,260509*7B
$PMGNTRK,2931.394,N,10146.342,E,03268,M,034036.25,A,,260509*72
$PMGNTRK,2931.417,N,10146.342,E,03269,M,041446.30,A,,260509*7A
$PMGNTRK,2931.377,N,10146.357,E,03269,M,041447.29,A,,260509*76
$PMGNTRK,2931.371,N,10146.358,E,03269,M,041449.29,A,,260509*71
$PMGNTRK,2931.376,N,10146.354,E,03269,M,041458.30,A,,260509*72
$PMGNTRK,2931.396,N,10146.349,E,03281,M,041705.29,A,,260509*75
$PMGNTRK,2931.400,N,10146.355,E,03267,M,042249.31,A,,260509*7F
$PMGNTRK,2931.397,N,10146.349,E,03267,M,042252.30,A,,260509*70
$PMGNTRK,2931.393,N,10146.344,E,03267,M,042257.32,A,,260509*7E
$PMGNTRK,2931.401,N,10146.337,E,03241,M,042749.33,A,,260509*79
$PMGNTRK,2931.397,N,10146.341,E,03254,M,042808.32,A,,260509*7F
$PMGNTRK,2931.413,N,10146.351,E,03264,M,043148.31,A,,260509*79
$PMGNTRK,2931.407,N,10146.351,E,03264,M,043151.30,A,,260509*75
$PMGNTRK,2931.402,N,10146.346,E,03264,M,043157.32,A,,260509*72
$PMGNTRK,2931.396,N,10146.345,E,03264,M,043213.32,A,,260509*78
$PMGNCMD,END*3D
