$PMGNFMT,%TRK,LAT,HEMI,LON,HEMI,ALT,UNIT,TIME,VALID,NAME,DATE,CHKSUM,%META,ASCII
$PMGNTRK,2928.067,N,10150.571,E,03118,M,014713.74,A,,270509*77
$PMGNTRK,2928.072,N,10150.569,E,03112,M,014915.74,A,,270509*78
$PMGNTRK,2928.069,N,10150.575,E,03117,M,020408.76,A,,270509*7E
$PMGNTRK,2928.067,N,10150.581,E,03119,M,020420.76,A,,270509*7F
$PMGNTRK,2928.068,N,10150.587,E,03119,M,020431.77,A,,270509*77
$PMGNTRK,2928.071,N,10150.593,E,03120,M,020442.76,A,,270509*75
$PMGNTRK,2928.073,N,10150.599,E,03121,M,020453.76,A,,270509*7C
$PMGNTRK,2928.072,N,10150.606,E,03120,M,020526.76,A,,270509*7A
$PMGNTRK,2928.071,N,10150.612,E,03121,M,020536.77,A,,270509*7D
$PMGNTRK,2928.071,N,10150.618,E,03118,M,020546.77,A,,270509*7A
$PMGNTRK,2928.067,N,10150.623,E,03116,M,020558.76,A,,270509*75
$PMGNTRK,2928.061,N,10150.625,E,03121,M,020648.76,A,,270509*73
$PMGNTRK,2928.056,N,10150.628,E,03124,M,020657.76,A,,270509*71
$PMGNTRK,2928.053,N,10150.633,E,03118,M,020709.76,A,,270509*7B
$PMGNTRK,2928.049,N,10150.638,E,03123,M,020726.77,A,,270509*7F
$PMGNTRK,2928.046,N,10150.643,E,03121,M,020738.77,A,,270509*71
$PMGNTRK,2928.043,N,10150.649,E,03117,M,020750.77,A,,270509*75
$PMGNTRK,2928.040,N,10150.654,E,03119,M,020805.77,A,,270509*7B
$PMGNTRK,2928.036,N,10150.659,E,03116,M,020818.77,A,,270509*74
$PMGNTRK,2928.034,N,10150.665,E,03116,M,020831.77,A,,270509*72
$PMGNTRK,2928.031,N,10150.670,E,03116,M,020843.77,A,,270509*76
$PMGNTRK,2928.029,N,10150.676,E,03115,M,020853.77,A,,270509*7B
$PMGNTRK,2928.026,N,10150.682,E,03113,M,020903.76,A,,270509*7C
$PMGNTRK,2928.026,N,10150.688,E,03111,M,020915.78,A,,270509*7D
$PMGNTRK,2928.027,N,10150.695,E,03112,M,020927.77,A,,270509*7D
$PMGNTRK,2928.026,N,10150.700,E,03119,M,021024.78,A,,270509*7E
$PMGNTRK,2928.023,N,10150.706,E,03130,M,021150.77,A,,270509*7B
$PMGNTRK,2928.019,N,10150.709,E,03133,M,021343.78,A,,270509*71
$PMGNTRK,2928.018,N,10150.715,E,03138,M,021509.80,A,,270509*79
$PMGNTRK,2928.019,N,10150.722,E,03137,M,021519.80,A,,270509*72
$PMGNTRK,2928.020,N,10150.729,E,03141,M,021529.78,A,,270509*76
$PMGNTRK,2928.019,N,10150.735,E,03143,M,021539.78,A,,270509*72
$PMGNTRK,2928.017,N,10150.741,E,03138,M,021551.79,A,,270509*7C
$PMGNTRK,2928.017,N,10150.747,E,03139,M,021600.78,A,,270509*7D
$PMGNTRK,2928.018,N,10150.754,E,03141,M,021609.78,A,,270509*76
$PMGNTRK,2928.015,N,10150.760,E,03140,M,021619.78,A,,270509*7C
$PMGNTRK,2928.015,N,10150.767,E,03143,M,021627.78,A,,270509*75
$PMGNTRK,2928.016,N,10150.773,E,03144,M,021635.79,A,,270509*76
$PMGNTRK,2928.015,N,10150.780,E,03148,M,021643.79,A,,270509*74
$PMGNTRK,2928.016,N,10150.786,E,03150,M,021651.78,A,,270509*7A
$PMGNTRK,2928.017,N,10150.792,E,03152,M,021659.77,A,,270509*7B
$PMGNTRK,2928.021,N,10150.797,E,03155,M,021708.78,A,,270509*76
$PMGNTRK,2928.022,N,10150.803,E,03157,M,021717.79,A,,270509*7A
$PMGNTRK,2928.022,N,10150.809,E,03160,M,021725.79,A,,270509*75
$PMGNTRK,2928.023,N,10150.815,E,03162,M,021733.78,A,,270509*7D
$PMGNTRK,2928.022,N,10150.822,E,03166,M,021741.79,A,,270509*78
$PMGNTRK,2928.023,N,10150.829,E,03167,M,021750.79,A,,270509*73
$PMGNTRK,2928.024,N,10150.836,E,03173,M,021759.79,A,,270509*76
$PMGNTRK,2928.025,N,10150.842,E,03176,M,021808.80,A,,270509*7C
$PMGNTRK,2928.027,N,10150.849,E,03180,M,021817.78,A,,270509*75
$PMGNTRK,2928.028,N,10150.855,E,03182,M,021827.79,A,,270509*77
$PMGNTRK,2928.030,N,10150.861,E,03181,M,021838.79,A,,270509*74
$PMGNTRK,2928.030,N,10150.868,E,03182,M,021848.80,A,,270509*7F
$PMGNTRK,2928.034,N,10150.873,E,03182,M,021858.79,A,,270509*76
$PMGNTRK,2928.035,N,10150.879,E,03180,M,021908.80,A,,270509*7D
$PMGNTRK,2928.035,N,10150.885,E,03173,M,021934.79,A,,270509*7B
$PMGNTRK,2928.034,N,10150.892,E,03176,M,021946.78,A,,270509*7D
$PMGNTRK,2928.035,N,10150.898,E,03181,M,021956.79,A,,270509*7E
$PMGNTRK,2928.033,N,10150.904,E,03181,M,022008.80,A,,270509*7B
$PMGNTRK,2928.035,N,10150.910,E,03181,M,022019.80,A,,270509*78
$PMGNTRK,2928.038,N,10150.916,E,03185,M,022030.79,A,,270509*7A
$PMGNTRK,2928.039,N,10150.923,E,03187,M,022040.80,A,,270509*7E
$PMGNTRK,2928.039,N,10150.929,E,03190,M,022051.80,A,,270509*72
$PMGNTRK,2928.036,N,10150.935,E,03188,M,022059.80,A,,270509*71
$PMGNTRK,2928.036,N,10150.941,E,03186,M,022108.78,A,,270509*7E
$PMGNTRK,2928.035,N,10150.947,E,03185,M,022117.79,A,,270509*77
$PMGNTRK,2928.037,N,10150.953,E,03180,M,022140.80,A,,270509*71
$PMGNTRK,2928.042,N,10150.957,E,03183,M,022212.81,A,,270509*71
$PMGNTRK,2928.047,N,10150.959,E,03184,M,022223.80,A,,270509*7E
$PMGNTRK,2928.053,N,10150.960,E,03186,M,022234.80,A,,270509*75
$PMGNTRK,2928.058,N,10150.962,E,03187,M,022245.81,A,,270509*7A
$PMGNTRK,2928.055,N,10150.968,E,03192,M,022319.80,A,,270509*70
$PMGNTRK,2928.052,N,10150.972,E,03196,M,022343.80,A,,270509*77
$PMGNTRK,2928.046,N,10150.972,E,03198,M,022356.80,A,,270509*78
$PMGNTRK,2928.040,N,10150.972,E,03193,M,022405.80,A,,270509*74
$PMGNTRK,2928.035,N,10150.974,E,03190,M,022415.80,A,,270509*72
$PMGNTRK,2928.029,N,10150.976,E,03178,M,022601.80,A,,270509*7C
$PMGNTRK,2928.024,N,10150.978,E,03179,M,022611.81,A,,270509*7E
$PMGNTRK,2928.019,N,10150.981,E,03173,M,022622.80,A,,270509*7D
$PMGNTRK,2928.017,N,10150.988,E,03177,M,022632.81,A,,270509*7E
$PMGNTRK,2928.015,N,10150.994,E,03177,M,022643.80,A,,270509*76
$PMGNTRK,2928.013,N,10151.000,E,03178,M,022654.80,A,,270509*7C
$PMGNTRK,2928.013,N,10151.007,E,03178,M,022705.81,A,,270509*7F
$PMGNTRK,2928.014,N,10151.013,E,03182,M,022715.80,A,,270509*78
$PMGNTRK,2928.013,N,10151.020,E,03182,M,022726.81,A,,270509*7E
$PMGNTRK,2928.013,N,10151.027,E,03190,M,022734.80,A,,270509*78
$PMGNTRK,2928.014,N,10151.033,E,03193,M,022743.80,A,,270509*79
$PMGNTRK,2928.012,N,10151.039,E,03188,M,022751.81,A,,270509*7D
$PMGNTRK,2928.012,N,10151.045,E,03184,M,022758.81,A,,270509*73
$PMGNTRK,2928.010,N,10151.052,E,03180,M,022806.81,A,,270509*77
$PMGNTRK,2928.010,N,10151.058,E,03179,M,022813.81,A,,270509*7F
$PMGNTRK,2928.010,N,10151.065,E,03175,M,022822.81,A,,270509*7F
$PMGNTRK,2928.010,N,10151.071,E,03175,M,022830.80,A,,270509*78
$PMGNTRK,2928.011,N,10151.077,E,03172,M,022839.80,A,,270509*71
$PMGNTRK,2928.011,N,10151.084,E,03172,M,022847.81,A,,270509*75
$PMGNTRK,2928.010,N,10151.090,E,03171,M,022854.80,A,,270509*71
$PMGNTRK,2928.009,N,10151.097,E,03170,M,022902.81,A,,270509*7C
$PMGNTRK,2928.008,N,10151.103,E,03169,M,022910.80,A,,270509*7B
$PMGNTRK,2928.005,N,10151.108,E,03169,M,022928.81,A,,270509*77
$PMGNTRK,2928.005,N,10151.115,E,03171,M,022935.81,A,,270509*7E
$PMGNTRK,2928.005,N,10151.121,E,03171,M,022943.81,A,,270509*78
$PMGNTRK,2928.005,N,10151.127,E,03171,M,022955.81,A,,270509*79
$PMGNTRK,2928.006,N,10151.134,E,03177,M,023004.81,A,,270509*72
$PMGNTRK,2928.004,N,10151.140,E,03177,M,023014.81,A,,270509*72
$PMGNTRK,2928.004,N,10151.146,E,03179,M,023023.81,A,,270509*7E
$PMGNTRK,2928.003,N,10151.153,E,03181,M,023032.81,A,,270509*7A
$PMGNTRK,2928.002,N,10151.159,E,03183,M,023040.81,A,,270509*76
$PMGNTRK,2927.998,N,10151.165,E,03181,M,023053.82,A,,270509*7F
$PMGNTRK,2927.998,N,10151.172,E,03181,M,023104.81,A,,270509*79
$PMGNTRK,2927.997,N,10151.178,E,03176,M,023120.81,A,,270509*72
$PMGNTRK,2927.993,N,10151.183,E,03174,M,023134.81,A,,270509*75
$PMGNTRK,2927.992,N,10151.190,E,03172,M,023145.81,A,,270509*76
$PMGNTRK,2927.989,N,10151.195,E,03176,M,023155.81,A,,270509*7C
$PMGNTRK,2927.987,N,10151.201,E,03176,M,023203.82,A,,270509*7F
$PMGNTRK,2927.983,N,10151.206,E,03178,M,023213.81,A,,270509*70
$PMGNTRK,2927.981,N,10151.212,E,03179,M,023223.81,A,,270509*75
$PMGNTRK,2927.979,N,10151.218,E,03178,M,023232.81,A,,270509*79
$PMGNTRK,2927.979,N,10151.224,E,03178,M,023251.81,A,,270509*73
$PMGNTRK,2927.977,N,10151.230,E,03181,M,023303.82,A,,270509*7B
$PMGNTRK,2927.975,N,10151.236,E,03178,M,023312.81,A,,270509*7A
$PMGNTRK,2927.971,N,10151.241,E,03180,M,023321.81,A,,270509*79
$PMGNTRK,2927.970,N,10151.247,E,03181,M,023330.83,A,,270509*7D
$PMGNTRK,2927.970,N,10151.254,E,03181,M,023338.81,A,,270509*75
$PMGNTRK,2927.969,N,10151.261,E,03182,M,023347.81,A,,270509*70
$PMGNTRK,2927.966,N,10151.266,E,03181,M,023356.81,A,,270509*7B
$PMGNTRK,2927.963,N,10151.272,E,03181,M,023406.81,A,,270509*79
$PMGNTRK,2927.963,N,10151.279,E,03181,M,023413.82,A,,270509*75
$PMGNTRK,2927.962,N,10151.286,E,03180,M,023421.83,A,,270509*75
$PMGNTRK,2927.958,N,10151.291,E,03178,M,023431.81,A,,270509*7E
$PMGNTRK,2927.957,N,10151.297,E,03174,M,023438.81,A,,270509*72
$PMGNTRK,2927.954,N,10151.302,E,03169,M,023447.82,A,,270509*7B
$PMGNTRK,2927.951,N,10151.307,E,03163,M,023457.83,A,,270509*71
$PMGNTRK,2927.949,N,10151.313,E,03164,M,023505.82,A,,270509*7D
$PMGNTRK,2927.946,N,10151.319,E,03161,M,023514.81,A,,270509*7E
$PMGNTRK,2927.945,N,10151.326,E,03161,M,023522.82,A,,270509*77
$PMGNTRK,2927.942,N,10151.331,E,03156,M,023532.81,A,,270509*70
$PMGNTRK,2927.938,N,10151.336,E,03154,M,023540.82,A,,270509*7E
$PMGNTRK,2927.935,N,10151.341,E,03154,M,023548.83,A,,270509*7A
$PMGNTRK,2927.933,N,10151.348,E,03157,M,023556.82,A,,270509*78
$PMGNTRK,2927.932,N,10151.355,E,03159,M,023603.81,A,,270509*7B
$PMGNTRK,2927.929,N,10151.360,E,03159,M,023611.82,A,,270509*77
$PMGNTRK,2927.926,N,10151.365,E,03161,M,023619.81,A,,270509*7D
$PMGNTRK,2927.923,N,10151.371,E,03161,M,023627.82,A,,270509*73
$PMGNTRK,2927.921,N,10151.377,E,03164,M,023634.82,A,,270509*70
$PMGNTRK,2927.920,N,10151.383,E,03164,M,023641.82,A,,270509*78
$PMGNTRK,2927.922,N,10151.390,E,03159,M,023649.82,A,,270509*7E
$PMGNTRK,2927.922,N,10151.397,E,03159,M,023657.82,A,,270509*76
$PMGNTRK,2927.923,N,10151.404,E,03158,M,023705.82,A,,270509*7D
$PMGNTRK,2927.925,N,10151.410,E,03161,M,023716.82,A,,270509*76
$PMGNTRK,2927.924,N,10151.416,E,03160,M,023749.82,A,,270509*7A
$PMGNTRK,2927.922,N,10151.422,E,03159,M,023807.81,A,,270509*77
$PMGNTRK,2927.922,N,10151.429,E,03159,M,023816.81,A,,270509*7C
$PMGNTRK,2927.921,N,10151.435,E,03159,M,023829.82,A,,270509*7D
$PMGNTRK,2927.921,N,10151.442,E,03159,M,023905.81,A,,270509*71
$PMGNTRK,2927.921,N,10151.448,E,03159,M,023914.82,A,,270509*78
$PMGNTRK,2927.920,N,10151.454,E,03152,M,023922.81,A,,270509*79
$PMGNTRK,2927.917,N,10151.459,E,03140,M,023933.82,A,,270509*70
$PMGNTRK,2927.914,N,10151.465,E,03126,M,023947.82,A,,270509*7F
$PMGNTRK,2927.913,N,10151.471,E,03118,M,023958.82,A,,270509*7E
$PMGNTRK,2927.911,N,10151.477,E,03116,M,024008.82,A,,270509*7F
$PMGNTRK,2927.909,N,10151.483,E,03114,M,024016.81,A,,270509*73
$PMGNTRK,2927.906,N,10151.488,E,03109,M,024026.82,A,,270509*7B
$PMGNTRK,2927.901,N,10151.493,E,03108,M,024034.81,A,,270509*77
$PMGNTRK,2927.899,N,10151.499,E,03101,M,024047.82,A,,270509*73
$PMGNTRK,2927.897,N,10151.505,E,03097,M,024055.83,A,,270509*75
$PMGNTRK,2927.894,N,10151.511,E,03092,M,024106.83,A,,270509*71
$PMGNTRK,2927.890,N,10151.514,E,03083,M,024116.83,A,,270509*71
$PMGNTRK,2927.886,N,10151.520,E,03085,M,024123.82,A,,270509*70
$PMGNTRK,2927.882,N,10151.525,E,03086,M,024131.81,A,,270509*72
$PMGNTRK,2927.879,N,10151.531,E,03089,M,024137.82,A,,270509*79
$PMGNTRK,2927.875,N,10151.535,E,03090,M,024143.82,A,,270509*7A
$PMGNTRK,2927.872,N,10151.540,E,03093,M,024149.83,A,,270509*77
$PMGNTRK,2927.867,N,10151.545,E,03095,M,024157.82,A,,270509*7E
$PMGNTRK,2927.862,N,10151.548,E,03100,M,024205.82,A,,270509*7F
$PMGNTRK,2927.858,N,10151.552,E,03102,M,024212.82,A,,270509*79
$PMGNTRK,2927.855,N,10151.558,E,03104,M,024221.83,A,,270509*79
$PMGNTRK,2927.852,N,10151.563,E,03099,M,024232.82,A,,270509*70
$PMGNTRK,2927.851,N,10151.570,E,03098,M,024244.82,A,,270509*71
$PMGNTRK,2927.849,N,10151.576,E,03089,M,024259.82,A,,270509*72
$PMGNTRK,2927.846,N,10151.582,E,03086,M,024307.82,A,,270509*73
$PMGNTRK,2927.844,N,10151.588,E,03079,M,024317.82,A,,270509*7A
$PMGNTRK,2927.840,N,10151.594,E,03071,M,024333.82,A,,270509*7D
$PMGNTRK,2927.836,N,10151.599,E,03073,M,024342.81,A,,270509*76
$PMGNTRK,2927.834,N,10151.604,E,03075,M,024349.81,A,,270509*7E
$PMGNTRK,2927.831,N,10151.611,E,03071,M,024400.82,A,,270509*72
$PMGNTRK,2927.828,N,10151.615,E,03073,M,024408.82,A,,270509*74
$PMGNTRK,2927.825,N,10151.621,E,03071,M,024416.83,A,,270509*72
$PMGNTRK,2927.822,N,10151.626,E,03072,M,024428.82,A,,270509*7D
$PMGNTRK,2927.819,N,10151.632,E,03077,M,024432.82,A,,270509*7E
$PMGNTRK,2927.815,N,10151.638,E,03084,M,024436.82,A,,270509*70
$PMGNTRK,2927.812,N,10151.644,E,03088,M,024443.82,A,,270509*72
$PMGNTRK,2927.810,N,10151.649,E,03092,M,024452.83,A,,270509*77
$PMGNTRK,2927.807,N,10151.655,E,03099,M,024459.83,A,,270509*7C
$PMGNTRK,2927.803,N,10151.661,E,03097,M,024511.82,A,,270509*7D
$PMGNTRK,2927.799,N,10151.665,E,03100,M,024527.83,A,,270509*7E
$PMGNTRK,2927.796,N,10151.671,E,03103,M,024546.83,A,,270509*70
$PMGNTRK,2927.791,N,10151.674,E,03109,M,024600.83,A,,270509*79
$PMGNTRK,2927.788,N,10151.680,E,03113,M,024611.82,A,,270509*70
$PMGNTRK,2927.786,N,10151.686,E,03113,M,024623.83,A,,270509*78
$PMGNTRK,2927.783,N,10151.691,E,03108,M,024634.82,A,,270509*76
$PMGNTRK,2927.780,N,10151.697,E,03107,M,024647.82,A,,270509*78
$PMGNTRK,2927.778,N,10151.703,E,03097,M,024701.83,A,,270509*79
$PMGNTRK,2927.774,N,10151.708,E,03095,M,024710.83,A,,270509*7C
$PMGNTRK,2927.771,N,10151.715,E,03097,M,024719.83,A,,270509*7E
$PMGNTRK,2927.768,N,10151.720,E,03097,M,024727.82,A,,270509*7C
$PMGNTRK,2927.765,N,10151.725,E,03099,M,024738.83,A,,270509*75
$PMGNTRK,2927.768,N,10151.731,E,03096,M,024802.82,A,,270509*75
$PMGNTRK,2927.765,N,10151.736,E,03102,M,024829.83,A,,270509*7B
$PMGNTRK,2927.760,N,10151.739,E,03105,M,024850.83,A,,270509*78
$PMGNTRK,2927.756,N,10151.743,E,03113,M,024950.82,A,,270509*77
$PMGNTRK,2927.751,N,10151.747,E,03116,M,025125.83,A,,270509*7B
$PMGNTRK,2927.747,N,10151.751,E,03114,M,025138.82,A,,270509*74
$PMGNTRK,2927.746,N,10151.757,E,03114,M,025154.82,A,,270509*79
$PMGNTRK,2927.749,N,10151.763,E,03116,M,025204.83,A,,270509*74
$PMGNTRK,2927.751,N,10151.769,E,03114,M,025213.82,A,,270509*72
$PMGNTRK,2927.750,N,10151.776,E,03114,M,025222.82,A,,270509*7F
$PMGNTRK,2927.751,N,10151.782,E,03114,M,025229.82,A,,270509*7E
$PMGNTRK,2927.749,N,10151.788,E,03110,M,025240.83,A,,270509*77
$PMGNTRK,2927.747,N,10151.795,E,03113,M,025247.83,A,,270509*71
$PMGNTRK,2927.746,N,10151.801,E,03115,M,025255.84,A,,270509*70
$PMGNTRK,2927.745,N,10151.807,E,03117,M,025303.83,A,,270509*72
$PMGNTRK,2927.743,N,10151.814,E,03121,M,025312.83,A,,270509*73
$PMGNTRK,2927.741,N,10151.820,E,03125,M,025321.84,A,,270509*75
$PMGNTRK,2927.738,N,10151.825,E,03125,M,025333.84,A,,270509*7D
$PMGNTRK,2927.737,N,10151.831,E,03114,M,025432.83,A,,270509*74
$PMGNTRK,2927.736,N,10151.838,E,03108,M,025646.84,A,,270509*77
$PMGNTRK,2927.734,N,10151.843,E,03108,M,025654.85,A,,270509*7B
$PMGNTRK,2927.733,N,10151.850,E,03108,M,025702.84,A,,270509*7D
$PMGNTRK,2927.730,N,10151.856,E,03111,M,025710.84,A,,270509*73
$PMGNTRK,2927.727,N,10151.861,E,03114,M,025718.83,A,,270509*7B
$PMGNTRK,2927.727,N,10151.868,E,03116,M,025726.84,A,,270509*7A
$PMGNTRK,2927.725,N,10151.874,E,03117,M,025734.85,A,,270509*76
$PMGNTRK,2927.721,N,10151.879,E,03115,M,025748.85,A,,270509*76
$PMGNTRK,2927.719,N,10151.885,E,03106,M,025940.84,A,,270509*7B
$PMGNTRK,2927.717,N,10151.891,E,03107,M,025949.84,A,,270509*78
$PMGNTRK,2927.715,N,10151.897,E,03106,M,025958.84,A,,270509*7D
$PMGNTRK,2927.712,N,10151.902,E,03103,M,030006.84,A,,270509*74
$PMGNTRK,2927.708,N,10151.907,E,03102,M,030014.84,A,,270509*78
$PMGNTRK,2927.706,N,10151.913,E,03104,M,030022.84,A,,270509*70
$PMGNTRK,2927.702,N,10151.917,E,03105,M,030031.84,A,,270509*73
$PMGNTRK,2927.699,N,10151.923,E,03103,M,030039.84,A,,270509*79
$PMGNTRK,2927.695,N,10151.927,E,03105,M,030046.84,A,,270509*7F
$PMGNTRK,2927.692,N,10151.932,E,03103,M,030053.84,A,,270509*7E
$PMGNTRK,2927.688,N,10151.937,E,03104,M,030100.85,A,,270509*71
$PMGNTRK,2927.684,N,10151.942,E,03103,M,030108.84,A,,270509*71
$PMGNTRK,2927.681,N,10151.948,E,03102,M,030115.84,A,,270509*73
$PMGNTRK,2927.677,N,10151.953,E,03100,M,030123.84,A,,270509*77
$PMGNTRK,2927.674,N,10151.958,E,03101,M,030130.84,A,,270509*7C
$PMGNTRK,2927.670,N,10151.964,E,03100,M,030138.85,A,,270509*7F
$PMGNTRK,2927.668,N,10151.970,E,03101,M,030146.84,A,,270509*7A
$PMGNTRK,2927.665,N,10151.975,E,03103,M,030155.84,A,,270509*72
$PMGNTRK,2927.663,N,10151.981,E,03103,M,030204.85,A,,270509*79
$PMGNTRK,2927.660,N,10151.987,E,03097,M,030235.84,A,,270509*73
$PMGNTRK,2927.660,N,10151.993,E,03097,M,030243.85,A,,270509*76
$PMGNTRK,2927.660,N,10152.000,E,03100,M,030251.84,A,,270509*7B
$PMGNTRK,2927.659,N,10152.006,E,03096,M,030258.84,A,,270509*70
$PMGNTRK,2927.655,N,10152.011,E,03094,M,030305.84,A,,270509*71
$PMGNTRK,2927.651,N,10152.016,E,03092,M,030314.85,A,,270509*75
$PMGNTRK,2927.648,N,10152.022,E,03087,M,030322.84,A,,270509*7A
$PMGNTRK,2927.646,N,10152.028,E,03085,M,030328.85,A,,270509*77
$PMGNTRK,2927.643,N,10152.033,E,03082,M,030337.85,A,,270509*71
$PMGNTRK,2927.640,N,10152.039,E,03081,M,030346.85,A,,270509*7D
$PMGNTRK,2927.636,N,10152.044,E,03083,M,030353.85,A,,270509*70
$PMGNTRK,2927.634,N,10152.050,E,03083,M,030400.85,A,,270509*76
$PMGNTRK,2927.631,N,10152.055,E,03081,M,030406.84,A,,270509*73
$PMGNTRK,2927.629,N,10152.061,E,03082,M,030413.84,A,,270509*7A
$PMGNTRK,2927.627,N,10152.067,E,03080,M,030421.85,A,,270509*70
$PMGNTRK,2927.622,N,10152.073,E,03083,M,030429.85,A,,270509*7B
$PMGNTRK,2927.620,N,10152.078,E,03081,M,030438.85,A,,270509*70
$PMGNTRK,2927.618,N,10152.085,E,03082,M,030446.84,A,,270509*72
$PMGNTRK,2927.618,N,10152.091,E,03084,M,030454.85,A,,270509*73
$PMGNTRK,2927.618,N,10152.098,E,03087,M,030502.85,A,,270509*7B
$PMGNTRK,2927.617,N,10152.104,E,03086,M,030509.85,A,,270509*7A
$PMGNTRK,2927.613,N,10152.110,E,03083,M,030516.85,A,,270509*70
$PMGNTRK,2927.611,N,10152.115,E,03081,M,030523.85,A,,270509*73
$PMGNTRK,2927.608,N,10152.121,E,03082,M,030530.85,A,,270509*7D
$PMGNTRK,2927.605,N,10152.126,E,03083,M,030538.85,A,,270509*7E
$PMGNTRK,2927.602,N,10152.131,E,03079,M,030545.85,A,,270509*70
$PMGNTRK,2927.600,N,10152.138,E,03078,M,030553.85,A,,270509*7D
$PMGNTRK,2927.598,N,10152.143,E,03078,M,030601.84,A,,270509*76
$PMGNTRK,2927.597,N,10152.150,E,03076,M,030609.85,A,,270509*7C
$PMGNTRK,2927.594,N,10152.156,E,03075,M,030618.85,A,,270509*7A
$PMGNTRK,2927.593,N,10152.162,E,03075,M,030626.85,A,,270509*77
$PMGNTRK,2927.592,N,10152.169,E,03075,M,030634.86,A,,270509*7D
$PMGNTRK,2927.590,N,10152.175,E,03074,M,030642.85,A,,270509*71
$PMGNTRK,2927.589,N,10152.181,E,03072,M,030649.85,A,,270509*7F
$PMGNTRK,2927.589,N,10152.188,E,03070,M,030656.85,A,,270509*7A
$PMGNTRK,2927.590,N,10152.195,E,03068,M,030705.85,A,,270509*70
$PMGNTRK,2927.589,N,10152.201,E,03068,M,030713.85,A,,270509*71
$PMGNTRK,2927.588,N,10152.208,E,03065,M,030721.86,A,,270509*76
$PMGNTRK,2927.586,N,10152.214,E,03064,M,030729.85,A,,270509*7F
$PMGNTRK,2927.583,N,10152.219,E,03062,M,030736.85,A,,270509*7F
$PMGNTRK,2927.580,N,10152.225,E,03059,M,030746.84,A,,270509*7D
$PMGNTRK,2927.577,N,10152.230,E,03057,M,030753.85,A,,270509*7A
$PMGNTRK,2927.574,N,10152.236,E,03058,M,030800.85,A,,270509*79
$PMGNTRK,2927.571,N,10152.242,E,03056,M,030808.85,A,,270509*79
$PMGNTRK,2927.568,N,10152.248,E,03058,M,030816.85,A,,270509*7A
$PMGNTRK,2927.567,N,10152.254,E,03060,M,030824.86,A,,270509*71
$PMGNTRK,2927.564,N,10152.260,E,03059,M,030831.86,A,,270509*7B
$PMGNTRK,2927.562,N,10152.266,E,03059,M,030839.85,A,,270509*70
$PMGNTRK,2927.560,N,10152.272,E,03058,M,030847.86,A,,270509*7C
$PMGNTRK,2927.557,N,10152.278,E,03056,M,030855.85,A,,270509*7C
$PMGNTRK,2927.554,N,10152.283,E,03057,M,030903.85,A,,270509*78
$PMGNTRK,2927.550,N,10152.288,E,03059,M,030911.85,A,,270509*7A
$PMGNTRK,2927.547,N,10152.293,E,03059,M,030919.86,A,,270509*7D
$PMGNTRK,2927.544,N,10152.299,E,03060,M,030926.85,A,,270509*71
$PMGNTRK,2927.542,N,10152.305,E,03058,M,030933.85,A,,270509*7C
$PMGNTRK,2927.538,N,10152.310,E,03055,M,030943.86,A,,270509*7C
$PMGNTRK,2927.535,N,10152.315,E,03056,M,030951.85,A,,270509*77
$PMGNTRK,2927.532,N,10152.320,E,03054,M,030959.86,A,,270509*7F
$PMGNTRK,2927.528,N,10152.326,E,03051,M,031009.86,A,,270509*7A
$PMGNTRK,2927.525,N,10152.332,E,03049,M,031019.85,A,,270509*79
$PMGNTRK,2927.523,N,10152.338,E,03047,M,031026.85,A,,270509*77
$PMGNTRK,2927.519,N,10152.344,E,03050,M,031036.85,A,,270509*72
$PMGNTRK,2927.517,N,10152.351,E,03047,M,031045.85,A,,270509*7A
$PMGNTRK,2927.513,N,10152.355,E,03046,M,031052.86,A,,270509*7E
$PMGNTRK,2927.508,N,10152.358,E,03047,M,031102.85,A,,270509*7F
$PMGNTRK,2927.504,N,10152.363,E,03046,M,031115.86,A,,270509*7F
$PMGNTRK,2927.501,N,10152.368,E,03043,M,031124.86,A,,270509*76
$PMGNTRK,2927.497,N,10152.374,E,03038,M,031132.85,A,,270509*7D
$PMGNTRK,2927.494,N,10152.381,E,03036,M,031136.86,A,,270509*7D
$PMGNTRK,2927.491,N,10152.388,E,03036,M,031140.86,A,,270509*70
$PMGNTRK,2927.488,N,10152.394,E,03036,M,031144.85,A,,270509*72
$PMGNTRK,2927.484,N,10152.399,E,03035,M,031149.86,A,,270509*7E
$PMGNTRK,2927.480,N,10152.404,E,03034,M,031154.86,A,,270509*74
$PMGNTRK,2927.477,N,10152.410,E,03034,M,031200.85,A,,270509*78
$PMGNTRK,2927.474,N,10152.416,E,03035,M,031209.85,A,,270509*75
$PMGNTRK,2927.472,N,10152.422,E,03036,M,031236.86,A,,270509*78
$PMGNTRK,2927.469,N,10152.427,E,03035,M,031320.85,A,,270509*71
$PMGNTRK,2927.466,N,10152.432,E,03034,M,031332.86,A,,270509*7B
$PMGNTRK,2927.463,N,10152.438,E,03030,M,031343.85,A,,270509*75
$PMGNTRK,2927.462,N,10152.444,E,03029,M,031411.85,A,,270509*77
$PMGNTRK,2927.462,N,10152.450,E,03027,M,031422.86,A,,270509*7F
$PMGNTRK,2927.462,N,10152.457,E,03027,M,031433.86,A,,270509*78
$PMGNTRK,2927.460,N,10152.463,E,03029,M,031441.86,A,,270509*76
$PMGNTRK,2927.457,N,10152.468,E,03031,M,031451.87,A,,270509*70
$PMGNTRK,2927.455,N,10152.475,E,03031,M,031500.85,A,,270509*79
$PMGNTRK,2927.452,N,10152.480,E,03030,M,031508.86,A,,270509*7E
$PMGNTRK,2927.448,N,10152.485,E,03030,M,031516.86,A,,270509*7F
$PMGNTRK,2927.444,N,10152.490,E,03028,M,031524.87,A,,270509*7E
$PMGNTRK,2927.441,N,10152.495,E,03027,M,031531.87,A,,270509*75
$PMGNTRK,2927.438,N,10152.501,E,03026,M,031535.86,A,,270509*73
$PMGNTRK,2927.434,N,10152.505,E,03026,M,031540.85,A,,270509*7A
$PMGNTRK,2927.428,N,10152.507,E,03025,M,031546.86,A,,270509*73
$PMGNTRK,2927.422,N,10152.510,E,03026,M,031554.85,A,,270509*7C
$PMGNTRK,2927.418,N,10152.514,E,03025,M,031602.86,A,,270509*71
$PMGNTRK,2927.416,N,10152.519,E,03027,M,031609.86,A,,270509*7B
$PMGNTRK,2927.412,N,10152.525,E,03026,M,031617.86,A,,270509*7E
$PMGNTRK,2927.408,N,10152.530,E,03026,M,031625.86,A,,270509*70
$PMGNTRK,2927.404,N,10152.535,E,03022,M,031634.87,A,,270509*7C
$PMGNTRK,2927.400,N,10152.540,E,03020,M,031642.86,A,,270509*78
$PMGNTRK,2927.396,N,10152.545,E,03018,M,031651.86,A,,270509*7C
$PMGNTRK,2927.392,N,10152.550,E,03017,M,031700.87,A,,270509*77
$PMGNTRK,2927.389,N,10152.555,E,03012,M,031711.86,A,,270509*7C
$PMGNTRK,2927.385,N,10152.560,E,03012,M,031719.86,A,,270509*7E
$PMGNTRK,2927.381,N,10152.564,E,03010,M,031728.87,A,,270509*7F
$PMGNTRK,2927.377,N,10152.569,E,03010,M,031737.87,A,,270509*75
$PMGNTRK,2927.375,N,10152.576,E,03011,M,031746.86,A,,270509*7F
$PMGNTRK,2927.372,N,10152.582,E,03012,M,031755.86,A,,270509*72
$PMGNTRK,2927.368,N,10152.587,E,03009,M,031806.86,A,,270509*7F
$PMGNTRK,2927.364,N,10152.592,E,03007,M,031814.87,A,,270509*7B
$PMGNTRK,2927.360,N,10152.595,E,03001,M,031826.87,A,,270509*7F
$PMGNTRK,2927.356,N,10152.600,E,03001,M,031832.86,A,,270509*71
$PMGNTRK,2927.352,N,10152.605,E,03000,M,031839.86,A,,270509*7A
$PMGNTRK,2927.350,N,10152.610,E,02999,M,031847.87,A,,270509*7C
$PMGNTRK,2927.346,N,10152.616,E,02995,M,031856.86,A,,270509*70
$PMGNTRK,2927.343,N,10152.622,E,02993,M,031903.86,A,,270509*75
$PMGNTRK,2927.339,N,10152.626,E,02990,M,031909.87,A,,270509*74
$PMGNTRK,2927.335,N,10152.631,E,02991,M,031915.87,A,,270509*72
$PMGNTRK,2927.331,N,10152.635,E,02991,M,031922.87,A,,270509*76
$PMGNTRK,2927.327,N,10152.640,E,02990,M,031930.86,A,,270509*70
$PMGNTRK,2927.324,N,10152.645,E,02988,M,031937.86,A,,270509*78
$PMGNTRK,2927.321,N,10152.651,E,02990,M,031945.86,A,,270509*74
$PMGNTRK,2927.317,N,10152.657,E,02989,M,031954.86,A,,270509*7F
$PMGNTRK,2927.313,N,10152.662,E,02989,M,032001.86,A,,270509*77
$PMGNTRK,2927.309,N,10152.666,E,02989,M,032007.87,A,,270509*7F
$PMGNTRK,2927.305,N,10152.672,E,02990,M,032014.87,A,,270509*7C
$PMGNTRK,2927.303,N,10152.678,E,02989,M,032023.87,A,,270509*7C
$PMGNTRK,2927.299,N,10152.683,E,02986,M,032033.87,A,,270509*74
$PMGNTRK,2927.296,N,10152.689,E,02984,M,032040.87,A,,270509*77
$PMGNTRK,2927.293,N,10152.694,E,02983,M,032046.86,A,,270509*7E
$PMGNTRK,2927.289,N,10152.699,E,02983,M,032053.86,A,,270509*7C
$PMGNTRK,2927.285,N,10152.705,E,02983,M,032100.86,A,,270509*73
$PMGNTRK,2927.279,N,10152.709,E,02984,M,032107.86,A,,270509*7C
$PMGNTRK,2927.274,N,10152.713,E,02984,M,032112.87,A,,270509*7F
$PMGNTRK,2927.270,N,10152.718,E,02985,M,032117.87,A,,270509*74
$PMGNTRK,2927.267,N,10152.724,E,02986,M,032123.88,A,,270509*76
$PMGNTRK,2927.263,N,10152.730,E,02987,M,032130.88,A,,270509*74
$PMGNTRK,2927.260,N,10152.736,E,02988,M,032137.86,A,,270509*77
$PMGNTRK,2927.258,N,10152.742,E,02988,M,032143.87,A,,270509*7D
$PMGNTRK,2927.256,N,10152.748,E,02989,M,032150.87,A,,270509*7A
$PMGNTRK,2927.252,N,10152.753,E,02988,M,032157.87,A,,270509*72
$PMGNTRK,2927.249,N,10152.759,E,02988,M,032205.88,A,,270509*79
$PMGNTRK,2927.246,N,10152.764,E,02985,M,032215.87,A,,270509*7B
$PMGNTRK,2927.242,N,10152.769,E,02985,M,032225.87,A,,270509*71
$PMGNTRK,2927.240,N,10152.775,E,02983,M,032242.86,A,,270509*78
$PMGNTRK,2927.240,N,10152.782,E,02983,M,032256.88,A,,270509*7B
$PMGNTRK,2927.238,N,10152.787,E,02982,M,032305.87,A,,270509*78
$PMGNTRK,2927.234,N,10152.792,E,02981,M,032313.86,A,,270509*75
$PMGNTRK,2927.230,N,10152.796,E,02983,M,032325.87,A,,270509*73
$PMGNTRK,2927.224,N,10152.798,E,02984,M,032343.88,A,,270509*70
$PMGNTRK,2927.226,N,10152.804,E,02986,M,032505.88,A,,270509*7E
$PMGNTRK,2927.226,N,10152.810,E,02988,M,032517.88,A,,270509*76
$PMGNTRK,2927.222,N,10152.815,E,02986,M,032529.87,A,,270509*7B
$PMGNTRK,2927.219,N,10152.820,E,02987,M,032546.42,A,,270509*74
$PMGNTRK,2927.215,N,10152.824,E,02985,M,032608.88,A,,270509*71
$PMGNTRK,2927.210,N,10152.828,E,02984,M,032622.88,A,,270509*71
$PMGNTRK,2927.205,N,10152.832,E,02983,M,032635.89,A,,270509*7E
$PMGNTRK,2927.200,N,10152.835,E,02980,M,032646.88,A,,270509*7A
$PMGNTRK,2927.195,N,10152.836,E,02977,M,032656.89,A,,270509*7E
$PMGNTRK,2927.190,N,10152.840,E,02977,M,032710.89,A,,270509*79
$PMGNTRK,2927.185,N,10152.842,E,02975,M,032721.88,A,,270509*7E
$PMGNTRK,2927.180,N,10152.846,E,02976,M,032731.89,A,,270509*7C
$PMGNTRK,2927.175,N,10152.849,E,02974,M,032741.88,A,,270509*7D
$PMGNTRK,2927.170,N,10152.851,E,02974,M,032753.88,A,,270509*72
$PMGNTRK,2927.165,N,10152.854,E,02976,M,032805.88,A,,270509*7D
$PMGNTRK,2927.159,N,10152.855,E,02974,M,032820.89,A,,270509*77
$PMGNTRK,2927.154,N,10152.858,E,02974,M,032831.88,A,,270509*76
$PMGNTRK,2927.148,N,10152.859,E,02971,M,032841.87,A,,270509*77
$PMGNTRK,2927.143,N,10152.861,E,02970,M,032850.88,A,,270509*79
$PMGNTRK,2927.137,N,10152.862,E,02968,M,032900.89,A,,270509*75
$PMGNTRK,2927.132,N,10152.864,E,02966,M,032908.88,A,,270509*71
$PMGNTRK,2927.127,N,10152.866,E,02966,M,032916.89,A,,270509*79
$PMGNTRK,2927.121,N,10152.865,E,02966,M,032924.88,A,,270509*7C
$PMGNTRK,2927.116,N,10152.863,E,02967,M,032933.89,A,,270509*78
$PMGNTRK,2927.110,N,10152.864,E,02967,M,032946.89,A,,270509*7B
$PMGNTRK,2927.104,N,10152.865,E,02968,M,032956.89,A,,270509*71
$PMGNTRK,2927.099,N,10152.866,E,02965,M,033005.89,A,,270509*74
$PMGNTRK,2927.095,N,10152.870,E,02962,M,033015.89,A,,270509*79
$PMGNTRK,2927.090,N,10152.874,E,02963,M,033024.89,A,,270509*7B
$PMGNTRK,2927.085,N,10152.875,E,02963,M,033036.89,A,,270509*7D
$PMGNTRK,2927.079,N,10152.874,E,02960,M,033047.89,A,,270509*7A
$PMGNTRK,2927.074,N,10152.876,E,02960,M,033101.89,A,,270509*76
$PMGNTRK,2927.069,N,10152.880,E,02960,M,033112.88,A,,270509*70
$PMGNTRK,2927.064,N,10152.883,E,02961,M,033122.89,A,,270509*7D
$PMGNTRK,2927.058,N,10152.885,E,02962,M,033131.88,A,,270509*74
$PMGNTRK,2927.052,N,10152.887,E,02961,M,033140.88,A,,270509*79
$PMGNTRK,2927.047,N,10152.890,E,02960,M,033148.89,A,,270509*73
$PMGNTRK,2927.042,N,10152.892,E,02959,M,033159.88,A,,270509*7F
$PMGNTRK,2927.037,N,10152.895,E,02961,M,033208.88,A,,270509*76
$PMGNTRK,2927.032,N,10152.898,E,02959,M,033216.89,A,,270509*7B
$PMGNTRK,2927.028,N,10152.902,E,02959,M,033226.89,A,,270509*71
$PMGNTRK,2927.022,N,10152.904,E,02962,M,033237.89,A,,270509*75
$PMGNTRK,2927.017,N,10152.906,E,02963,M,033246.89,A,,270509*76
$PMGNTRK,2927.011,N,10152.907,E,02965,M,033256.89,A,,270509*76
$PMGNTRK,2927.006,N,10152.910,E,02965,M,033306.89,A,,270509*72
$PMGNTRK,2927.002,N,10152.913,E,02964,M,033323.88,A,,270509*72
$PMGNTRK,2926.998,N,10152.917,E,02964,M,033331.89,A,,270509*7F
$PMGNTRK,2926.994,N,10152.923,E,02963,M,033340.89,A,,270509*75
$PMGNTRK,2926.989,N,10152.927,E,02961,M,033352.89,A,,270509*7C
$PMGNTRK,2926.984,N,10152.930,E,02959,M,033402.90,A,,270509*76
$PMGNTRK,2926.980,N,10152.933,E,02957,M,033412.90,A,,270509*7E
$PMGNTRK,2926.974,N,10152.935,E,02956,M,033424.90,A,,270509*77
$PMGNTRK,2926.969,N,10152.935,E,02952,M,033440.90,A,,270509*7D
$PMGNTRK,2926.964,N,10152.940,E,02952,M,033451.89,A,,270509*7A
$PMGNTRK,2926.960,N,10152.944,E,02951,M,033502.90,A,,270509*76
$PMGNTRK,2926.955,N,10152.948,E,02954,M,033512.90,A,,270509*78
$PMGNTRK,2926.950,N,10152.948,E,02952,M,033555.90,A,,270509*78
$PMGNTRK,2926.944,N,10152.949,E,02955,M,033620.90,A,,270509*7A
$PMGNTRK,2926.940,N,10152.952,E,02957,M,033715.90,A,,270509*71
$PMGNTRK,2926.935,N,10152.955,E,02962,M,033955.89,A,,270509*70
$PMGNTRK,2926.930,N,10152.958,E,02978,M,035056.92,A,,270509*75
$PMGNTRK,2926.934,N,10152.954,E,02971,M,035117.93,A,,270509*71
$PMGNTRK,2926.939,N,10152.951,E,02967,M,035224.92,A,,270509*7C
$PMGNTRK,2926.943,N,10152.955,E,02963,M,035246.93,A,,270509*74
$PMGNTRK,2926.930,N,10152.957,E,02960,M,035420.93,A,,270509*77
$PMGNTRK,2926.915,N,10152.960,E,02960,M,035422.44,A,,270509*7C
$PMGNTRK,2926.919,N,10152.965,E,02960,M,035422.93,A,,270509*7F
$PMGNTRK,2926.923,N,10152.961,E,02959,M,035430.93,A,,270509*7B
$PMGNTRK,2926.923,N,10152.955,E,02958,M,035522.92,A,,270509*7E
$PMGNTRK,2926.928,N,10152.958,E,02958,M,035611.92,A,,270509*7B
$PMGNTRK,2926.928,N,10152.964,E,02954,M,035623.94,A,,270509*7F
$PMGNTRK,2926.930,N,10152.971,E,02949,M,035634.93,A,,270509*7F
$PMGNTRK,2926.929,N,10152.977,E,02949,M,035643.93,A,,270509*71
$PMGNTRK,2926.927,N,10152.984,E,02949,M,035651.94,A,,270509*77
$PMGNTRK,2926.926,N,10152.990,E,02949,M,035659.93,A,,270509*7C
$PMGNTRK,2926.924,N,10152.996,E,02946,M,035708.93,A,,270509*72
$PMGNTRK,2926.922,N,10153.002,E,02945,M,035716.93,A,,270509*7D
$PMGNTRK,2926.919,N,10153.008,E,02945,M,035723.93,A,,270509*79
$PMGNTRK,2926.917,N,10153.013,E,02947,M,035730.93,A,,270509*7D
$PMGNTRK,2926.913,N,10153.019,E,02945,M,035739.94,A,,270509*7F
$PMGNTRK,2926.910,N,10153.025,E,02945,M,035746.94,A,,270509*7B
$PMGNTRK,2926.907,N,10153.030,E,02944,M,035753.95,A,,270509*7D
$PMGNTRK,2926.903,N,10153.035,E,02943,M,035801.94,A,,270509*72
$PMGNTRK,2926.899,N,10153.040,E,02940,M,035809.93,A,,270509*7E
$PMGNTRK,2926.894,N,10153.044,E,02942,M,035817.94,A,,270509*7D
$PMGNTRK,2926.890,N,10153.048,E,02943,M,035824.94,A,,270509*74
$PMGNTRK,2926.886,N,10153.053,E,02944,M,035832.94,A,,270509*79
$PMGNTRK,2926.882,N,10153.058,E,02946,M,035840.94,A,,270509*71
$PMGNTRK,2926.878,N,10153.062,E,02946,M,035849.95,A,,270509*75
$PMGNTRK,2926.873,N,10153.067,E,02946,M,035857.94,A,,270509*75
$PMGNTRK,2926.868,N,10153.071,E,02946,M,035905.93,A,,270509*79
$PMGNTRK,2926.864,N,10153.076,E,02947,M,035912.93,A,,270509*75
$PMGNTRK,2926.860,N,10153.080,E,02946,M,035919.93,A,,270509*72
$PMGNTRK,2926.856,N,10153.084,E,02946,M,035927.94,A,,270509*79
$PMGNTRK,2926.851,N,10153.089,E,02947,M,040004.95,A,,270509*79
$PMGNTRK,2926.847,N,10153.093,E,02945,M,040011.95,A,,270509*73
$PMGNTRK,2926.843,N,10153.098,E,02946,M,040018.93,A,,270509*70
$PMGNTRK,2926.839,N,10153.103,E,02946,M,040025.93,A,,270509*70
$PMGNTRK,2926.834,N,10153.107,E,02945,M,040032.93,A,,270509*7C
$PMGNTRK,2926.830,N,10153.112,E,02944,M,040039.93,A,,270509*76
$PMGNTRK,2926.826,N,10153.117,E,02945,M,040046.95,A,,270509*7B
$PMGNTRK,2926.821,N,10153.121,E,02945,M,040053.95,A,,270509*7D
$PMGNTRK,2926.817,N,10153.126,E,02945,M,040100.93,A,,270509*7E
$PMGNTRK,2926.812,N,10153.130,E,02945,M,040107.93,A,,270509*7B
$PMGNTRK,2926.808,N,10153.134,E,02946,M,040114.93,A,,270509*75
$PMGNTRK,2926.803,N,10153.138,E,02946,M,040121.93,A,,270509*74
$PMGNTRK,2926.798,N,10153.142,E,02944,M,040128.93,A,,270509*7F
$PMGNTRK,2926.794,N,10153.146,E,02944,M,040135.93,A,,270509*7B
$PMGNTRK,2926.789,N,10153.151,E,02943,M,040142.93,A,,270509*76
$PMGNTRK,2926.785,N,10153.155,E,02942,M,040149.93,A,,270509*74
$PMGNTRK,2926.781,N,10153.159,E,02941,M,040156.93,A,,270509*71
$PMGNTRK,2926.777,N,10153.164,E,02941,M,040203.93,A,,270509*75
$PMGNTRK,2926.772,N,10153.169,E,02940,M,040210.93,A,,270509*7E
$PMGNTRK,2926.768,N,10153.173,E,02939,M,040217.93,A,,270509*77
$PMGNTRK,2926.764,N,10153.178,E,02939,M,040223.94,A,,270509*70
$PMGNTRK,2926.759,N,10153.182,E,02939,M,040230.93,A,,270509*7E
$PMGNTRK,2926.755,N,10153.187,E,02939,M,040236.93,A,,270509*71
$PMGNTRK,2926.751,N,10153.191,E,02938,M,040243.93,A,,270509*71
$PMGNTRK,2926.746,N,10153.196,E,02938,M,040250.93,A,,270509*72
$PMGNTRK,2926.742,N,10153.201,E,02937,M,040300.94,A,,270509*77
$PMGNTRK,2926.738,N,10153.205,E,02934,M,040316.93,A,,270509*7D
$PMGNTRK,2926.733,N,10153.209,E,02934,M,040338.94,A,,270509*71
$PMGNTRK,2926.730,N,10153.214,E,02931,M,040352.94,A,,270509*77
$PMGNTRK,2926.726,N,10153.219,E,02929,M,040400.94,A,,270509*74
$PMGNTRK,2926.723,N,10153.224,E,02928,M,040407.94,A,,270509*79
$PMGNTRK,2926.719,N,10153.229,E,02929,M,040414.94,A,,270509*7E
$PMGNTRK,2926.716,N,10153.234,E,02927,M,040422.94,A,,270509*76
$PMGNTRK,2926.713,N,10153.240,E,02925,M,040430.95,A,,270509*70
$PMGNTRK,2926.710,N,10153.245,E,02925,M,040438.95,A,,270509*7E
$PMGNTRK,2926.706,N,10153.251,E,02924,M,040446.94,A,,270509*75
$PMGNTRK,2926.703,N,10153.255,E,02924,M,040453.94,A,,270509*70
$PMGNTRK,2926.700,N,10153.262,E,02923,M,040501.93,A,,270509*71
$PMGNTRK,2926.696,N,10153.267,E,02921,M,040509.94,A,,270509*77
$PMGNTRK,2926.693,N,10153.272,E,02917,M,040558.94,A,,270509*77
$PMGNTRK,2926.690,N,10153.278,E,02917,M,040607.95,A,,270509*76
$PMGNTRK,2926.686,N,10153.283,E,02916,M,040617.94,A,,270509*74
$PMGNTRK,2926.683,N,10153.289,E,02916,M,040625.94,A,,270509*7A
$PMGNTRK,2926.680,N,10153.294,E,02916,M,040633.94,A,,270509*72
$PMGNTRK,2926.677,N,10153.299,E,02914,M,040640.94,A,,270509*71
$PMGNTRK,2926.674,N,10153.305,E,02913,M,040648.95,A,,270509*78
$PMGNTRK,2926.670,N,10153.310,E,02913,M,040656.95,A,,270509*77
$PMGNTRK,2926.667,N,10153.316,E,02912,M,040704.96,A,,270509*73
$PMGNTRK,2926.664,N,10153.321,E,02912,M,040711.96,A,,270509*70
$PMGNTRK,2926.660,N,10153.327,E,02911,M,040719.95,A,,270509*7A
$PMGNTRK,2926.657,N,10153.333,E,02910,M,040726.95,A,,270509*76
$PMGNTRK,2926.654,N,10153.337,E,02910,M,040733.95,A,,270509*75
$PMGNTRK,2926.651,N,10153.343,E,02910,M,040740.95,A,,270509*77
$PMGNTRK,2926.648,N,10153.348,E,02907,M,040747.95,A,,270509*75
$PMGNTRK,2926.646,N,10153.353,E,02906,M,040754.95,A,,270509*72
$PMGNTRK,2926.643,N,10153.359,E,02904,M,040801.95,A,,270509*70
$PMGNTRK,2926.641,N,10153.365,E,02903,M,040809.96,A,,270509*71
$PMGNTRK,2926.638,N,10153.371,E,02902,M,040817.95,A,,270509*77
$PMGNTRK,2926.636,N,10153.377,E,02902,M,040824.95,A,,270509*7F
$PMGNTRK,2926.634,N,10153.383,E,02902,M,040831.95,A,,270509*72
$PMGNTRK,2926.632,N,10153.389,E,02902,M,040839.95,A,,270509*76
$PMGNTRK,2926.630,N,10153.395,E,02902,M,040846.95,A,,270509*71
$PMGNTRK,2926.628,N,10153.401,E,02901,M,040853.95,A,,270509*75
$PMGNTRK,2926.626,N,10153.407,E,02900,M,040900.95,A,,270509*7B
$PMGNTRK,2926.624,N,10153.413,E,02900,M,040907.95,A,,270509*7B
$PMGNTRK,2926.622,N,10153.420,E,02899,M,040915.94,A,,270509*7E
$PMGNTRK,2926.620,N,10153.426,E,02898,M,040923.95,A,,270509*7F
$PMGNTRK,2926.618,N,10153.433,E,02898,M,040931.96,A,,270509*70
$PMGNTRK,2926.617,N,10153.439,E,02896,M,040939.95,A,,270509*70
$PMGNTRK,2926.615,N,10153.446,E,02894,M,040948.96,A,,270509*7D
$PMGNTRK,2926.613,N,10153.452,E,02892,M,040956.95,A,,270509*74
$PMGNTRK,2926.612,N,10153.458,E,02890,M,041004.96,A,,270509*71
$PMGNTRK,2926.609,N,10153.465,E,02890,M,041012.95,A,,270509*71
$PMGNTRK,2926.607,N,10153.471,E,02887,M,041020.95,A,,270509*7D
$PMGNTRK,2926.604,N,10153.477,E,02886,M,041029.95,A,,270509*70
$PMGNTRK,2926.602,N,10153.483,E,02886,M,041039.96,A,,270509*7F
$PMGNTRK,2926.599,N,10153.489,E,02885,M,041047.94,A,,270509*7C
$PMGNTRK,2926.596,N,10153.494,E,02885,M,041054.95,A,,270509*7C
$PMGNTRK,2926.592,N,10153.499,E,02886,M,041100.96,A,,270509*75
$PMGNTRK,2926.589,N,10153.504,E,02887,M,041106.95,A,,270509*7E
$PMGNTRK,2926.584,N,10153.509,E,02887,M,041113.95,A,,270509*7A
$PMGNTRK,2926.580,N,10153.514,E,02887,M,041120.95,A,,270509*72
$PMGNTRK,2926.576,N,10153.519,E,02887,M,041127.95,A,,270509*71
$PMGNTRK,2926.572,N,10153.523,E,02889,M,041135.95,A,,270509*71
$PMGNTRK,2926.568,N,10153.528,E,02888,M,041143.95,A,,270509*71
$PMGNTRK,2926.565,N,10153.534,E,02888,M,041150.95,A,,270509*73
$PMGNTRK,2926.561,N,10153.538,E,02887,M,041157.95,A,,270509*73
$PMGNTRK,2926.557,N,10153.543,E,02887,M,041204.95,A,,270509*7F
$PMGNTRK,2926.552,N,10153.547,E,02887,M,041211.95,A,,270509*7A
$PMGNTRK,2926.548,N,10153.552,E,02888,M,041218.95,A,,270509*73
$PMGNTRK,2926.544,N,10153.556,E,02887,M,041226.96,A,,270509*7A
$PMGNTRK,2926.540,N,10153.562,E,02886,M,041234.96,A,,270509*7B
$PMGNTRK,2926.535,N,10153.567,E,02885,M,041242.96,A,,270509*7E
$PMGNTRK,2926.532,N,10153.572,E,02884,M,041249.95,A,,270509*74
$PMGNTRK,2926.528,N,10153.577,E,02884,M,041256.95,A,,270509*74
$PMGNTRK,2926.524,N,10153.582,E,02884,M,041303.97,A,,270509*71
$PMGNTRK,2926.520,N,10153.587,E,02881,M,041311.96,A,,270509*77
$PMGNTRK,2926.516,N,10153.592,E,02881,M,041318.96,A,,270509*7F
$PMGNTRK,2926.512,N,10153.597,E,02882,M,041325.96,A,,270509*73
$PMGNTRK,2926.507,N,10153.601,E,02881,M,041333.95,A,,270509*7C
$PMGNTRK,2926.503,N,10153.606,E,02882,M,041340.95,A,,270509*78
$PMGNTRK,2926.498,N,10153.610,E,02882,M,041347.95,A,,270509*7B
$PMGNTRK,2926.493,N,10153.614,E,02882,M,041354.95,A,,270509*76
$PMGNTRK,2926.489,N,10153.617,E,02882,M,041400.96,A,,270509*7B
$PMGNTRK,2926.484,N,10153.621,E,02881,M,041407.96,A,,270509*77
$PMGNTRK,2926.479,N,10153.625,E,02883,M,041414.96,A,,270509*71
$PMGNTRK,2926.474,N,10153.629,E,02883,M,041421.95,A,,270509*75
$PMGNTRK,2926.469,N,10153.634,E,02879,M,041429.96,A,,270509*7B
$PMGNTRK,2926.465,N,10153.637,E,02879,M,041436.96,A,,270509*7A
$PMGNTRK,2926.460,N,10153.641,E,02878,M,041443.96,A,,270509*7D
$PMGNTRK,2926.455,N,10153.645,E,02876,M,041450.96,A,,270509*73
$PMGNTRK,2926.451,N,10153.649,E,02875,M,041457.96,A,,270509*7F
$PMGNTRK,2926.446,N,10153.653,E,02874,M,041504.96,A,,270509*74
$PMGNTRK,2926.442,N,10153.657,E,02874,M,041511.96,A,,270509*70
$PMGNTRK,2926.437,N,10153.661,E,02873,M,041518.96,A,,270509*79
$PMGNTRK,2926.433,N,10153.665,E,02871,M,041525.96,A,,270509*75
$PMGNTRK,2926.428,N,10153.669,E,02870,M,041532.96,A,,270509*74
$PMGNTRK,2926.423,N,10153.673,E,02871,M,041539.96,A,,270509*7E
$PMGNTRK,2926.418,N,10153.676,E,02869,M,041546.96,A,,270509*72
$PMGNTRK,2926.413,N,10153.680,E,02871,M,041553.96,A,,270509*7D
$PMGNTRK,2926.408,N,10153.684,E,02870,M,041600.96,A,,270509*77
$PMGNTRK,2926.404,N,10153.688,E,02871,M,041607.96,A,,270509*71
$PMGNTRK,2926.399,N,10153.692,E,02870,M,041614.96,A,,270509*7A
$PMGNTRK,2926.394,N,10153.696,E,02870,M,041621.96,A,,270509*75
$PMGNTRK,2926.390,N,10153.700,E,02868,M,041628.96,A,,270509*7F
$PMGNTRK,2926.386,N,10153.704,E,02868,M,041635.94,A,,270509*72
$PMGNTRK,2926.382,N,10153.709,E,02868,M,041642.96,A,,270509*79
$PMGNTRK,2926.378,N,10153.713,E,02868,M,041649.96,A,,270509*7C
$PMGNTRK,2926.374,N,10153.718,E,02868,M,041656.96,A,,270509*75
$PMGNTRK,2926.369,N,10153.723,E,02867,M,041703.96,A,,270509*7F
$PMGNTRK,2926.365,N,10153.727,E,02864,M,041711.95,A,,270509*74
$PMGNTRK,2926.359,N,10153.730,E,02864,M,041718.95,A,,270509*74
$PMGNTRK,2926.354,N,10153.733,E,02864,M,041725.95,A,,270509*74
$PMGNTRK,2926.349,N,10153.736,E,02863,M,041732.95,A,,270509*7C
$PMGNTRK,2926.343,N,10153.739,E,02863,M,041739.95,A,,270509*72
$PMGNTRK,2926.338,N,10153.742,E,02865,M,041745.96,A,,270509*7C
$PMGNTRK,2926.333,N,10153.745,E,02865,M,041752.96,A,,270509*76
$PMGNTRK,2926.328,N,10153.748,E,02863,M,041759.96,A,,270509*7C
$PMGNTRK,2926.323,N,10153.750,E,02862,M,041806.96,A,,270509*7A
$PMGNTRK,2926.317,N,10153.753,E,02861,M,041813.96,A,,270509*79
$PMGNTRK,2926.311,N,10153.755,E,02861,M,041820.96,A,,270509*79
$PMGNTRK,2926.306,N,10153.755,E,02860,M,041901.97,A,,270509*7D
$PMGNTRK,2926.300,N,10153.756,E,02856,M,042022.97,A,,270509*76
$PMGNTRK,2926.295,N,10153.757,E,02854,M,042128.97,A,,270509*73
$PMGNTRK,2926.290,N,10153.759,E,02854,M,042136.96,A,,270509*76
$PMGNTRK,2926.285,N,10153.762,E,02853,M,042144.97,A,,270509*79
$PMGNTRK,2926.280,N,10153.766,E,02852,M,042152.97,A,,270509*7E
$PMGNTRK,2926.276,N,10153.770,E,02851,M,042200.98,A,,270509*78
$PMGNTRK,2926.272,N,10153.775,E,02849,M,042208.97,A,,270509*77
$PMGNTRK,2926.268,N,10153.779,E,02846,M,042223.96,A,,270509*77
$PMGNTRK,2926.264,N,10153.784,E,02844,M,042236.97,A,,270509*7E
$PMGNTRK,2926.259,N,10153.788,E,02840,M,042244.96,A,,270509*7C
$PMGNTRK,2926.255,N,10153.792,E,02841,M,042251.96,A,,270509*7E
$PMGNTRK,2926.250,N,10153.796,E,02841,M,042258.96,A,,270509*76
$PMGNTRK,2926.246,N,10153.799,E,02841,M,042305.96,A,,270509*77
$PMGNTRK,2926.241,N,10153.802,E,02838,M,042312.97,A,,270509*74
$PMGNTRK,2926.236,N,10153.805,E,02838,M,042319.97,A,,270509*78
$PMGNTRK,2926.231,N,10153.809,E,02839,M,042326.97,A,,270509*7E
$PMGNTRK,2926.226,N,10153.812,E,02838,M,042333.97,A,,270509*77
$PMGNTRK,2926.221,N,10153.816,E,02839,M,042340.97,A,,270509*71
$PMGNTRK,2926.216,N,10153.820,E,02840,M,042347.97,A,,270509*79
$PMGNTRK,2926.211,N,10153.824,E,02841,M,042354.97,A,,270509*79
$PMGNTRK,2926.206,N,10153.827,E,02845,M,042400.97,A,,270509*7E
$PMGNTRK,2926.201,N,10153.830,E,02846,M,042406.96,A,,270509*7B
$PMGNTRK,2926.197,N,10153.834,E,02849,M,042412.97,A,,270509*78
$PMGNTRK,2926.191,N,10153.837,E,02852,M,042419.97,A,,270509*7C
$PMGNTRK,2926.187,N,10153.840,E,02854,M,042425.96,A,,270509*73
$PMGNTRK,2926.181,N,10153.844,E,02856,M,042432.96,A,,270509*75
$PMGNTRK,2926.175,N,10153.845,E,02858,M,042439.96,A,,270509*7A
$PMGNTRK,2926.169,N,10153.847,E,02858,M,042446.96,A,,270509*7D
$PMGNTRK,2926.164,N,10153.849,E,02859,M,042453.96,A,,270509*7B
$PMGNTRK,2926.158,N,10153.851,E,02858,M,042500.96,A,,270509*7B
$PMGNTRK,2926.152,N,10153.852,E,02858,M,042507.96,A,,270509*75
$PMGNTRK,2926.147,N,10153.853,E,02859,M,042514.96,A,,270509*73
$PMGNTRK,2926.141,N,10153.855,E,02862,M,042521.96,A,,270509*7D
$PMGNTRK,2926.135,N,10153.857,E,02861,M,042528.96,A,,270509*76
$PMGNTRK,2926.129,N,10153.858,E,02862,M,042535.96,A,,270509*7B
$PMGNTRK,2926.124,N,10153.860,E,02861,M,042542.96,A,,270509*7E
$PMGNTRK,2926.117,N,10153.860,E,02860,M,042549.96,A,,270509*74
$PMGNTRK,2926.112,N,10153.860,E,02861,M,042556.98,A,,270509*70
$PMGNTRK,2926.106,N,10153.859,E,02863,M,042602.98,A,,270509*7F
$PMGNTRK,2926.101,N,10153.859,E,02866,M,042608.98,A,,270509*77
$PMGNTRK,2926.095,N,10153.859,E,02867,M,042614.98,A,,270509*77
$PMGNTRK,2926.089,N,10153.860,E,02871,M,042620.98,A,,270509*70
$PMGNTRK,2926.084,N,10153.860,E,02871,M,042627.98,A,,270509*7A
$PMGNTRK,2926.078,N,10153.862,E,02872,M,042634.96,A,,270509*74
$PMGNTRK,2926.071,N,10153.862,E,02876,M,042641.98,A,,270509*75
$PMGNTRK,2926.066,N,10153.864,E,02879,M,042647.98,A,,270509*7C
$PMGNTRK,2926.059,N,10153.865,E,02881,M,042654.98,A,,270509*74
$PMGNTRK,2926.054,N,10153.866,E,02883,M,042700.97,A,,270509*77
$PMGNTRK,2926.048,N,10153.867,E,02882,M,042707.97,A,,270509*7D
$PMGNTRK,2926.042,N,10153.868,E,02881,M,042714.97,A,,270509*79
$PMGNTRK,2926.036,N,10153.868,E,02881,M,042721.97,A,,270509*7C
$PMGNTRK,2926.030,N,10153.868,E,02882,M,042728.97,A,,270509*70
$PMGNTRK,2926.024,N,10153.869,E,02883,M,042735.97,A,,270509*79
$PMGNTRK,2926.018,N,10153.869,E,02883,M,042743.98,A,,270509*78
$PMGNTRK,2926.013,N,10153.870,E,02883,M,042750.98,A,,270509*79
$PMGNTRK,2926.007,N,10153.871,E,02889,M,042756.96,A,,270509*7F
$PMGNTRK,2926.001,N,10153.873,E,02885,M,042804.97,A,,270509*7E
$PMGNTRK,2925.996,N,10153.874,E,02885,M,042810.98,A,,270509*77
$PMGNTRK,2925.991,N,10153.876,E,02883,M,042817.98,A,,270509*73
$PMGNTRK,2925.985,N,10153.878,E,02882,M,042824.98,A,,270509*79
$PMGNTRK,2925.980,N,10153.879,E,02880,M,042831.98,A,,270509*7B
$PMGNTRK,2925.974,N,10153.880,E,02877,M,042838.96,A,,270509*79
$PMGNTRK,2925.968,N,10153.881,E,02873,M,042846.97,A,,270509*79
$PMGNTRK,2925.962,N,10153.883,E,02871,M,042853.98,A,,270509*78
$PMGNTRK,2925.957,N,10153.884,E,02868,M,042900.98,A,,270509*76
$PMGNTRK,2925.952,N,10153.887,E,02866,M,042907.98,A,,270509*79
$PMGNTRK,2925.947,N,10153.892,E,02863,M,042915.97,A,,270509*70
$PMGNTRK,2925.942,N,10153.896,E,02856,M,042924.97,A,,270509*75
$PMGNTRK,2925.937,N,10153.900,E,02848,M,042934.98,A,,270509*78
$PMGNTRK,2925.932,N,10153.903,E,02848,M,042941.98,A,,270509*7C
$PMGNTRK,2925.927,N,10153.905,E,02847,M,042948.98,A,,270509*78
$PMGNTRK,2925.921,N,10153.908,E,02849,M,042955.96,A,,270509*7F
$PMGNTRK,2925.916,N,10153.910,E,02850,M,043003.97,A,,270509*70
$PMGNTRK,2925.910,N,10153.913,E,02848,M,043010.97,A,,270509*7E
$PMGNTRK,2925.903,N,10153.916,E,02844,M,043019.97,A,,270509*7C
$PMGNTRK,2925.897,N,10153.917,E,02842,M,043026.97,A,,270509*7B
$PMGNTRK,2925.891,N,10153.919,E,02839,M,043033.97,A,,270509*7B
$PMGNTRK,2925.886,N,10153.920,E,02833,M,043103.98,A,,270509*70
$PMGNTRK,2925.880,N,10153.922,E,02831,M,043111.97,A,,270509*7A
$PMGNTRK,2925.875,N,10153.923,E,02831,M,043118.97,A,,270509*78
$PMGNTRK,2925.869,N,10153.924,E,02830,M,043125.97,A,,270509*7D
$PMGNTRK,2925.863,N,10153.926,E,02826,M,043133.97,A,,270509*75
$PMGNTRK,2925.858,N,10153.928,E,02823,M,043141.97,A,,270509*73
$PMGNTRK,2925.852,N,10153.930,E,02822,M,043149.98,A,,270509*76
$PMGNTRK,2925.847,N,10153.933,E,02820,M,043157.98,A,,270509*7C
$PMGNTRK,2925.841,N,10153.935,E,02818,M,043205.97,A,,270509*7C
$PMGNTRK,2925.836,N,10153.937,E,02810,M,043214.97,A,,270509*76
$PMGNTRK,2925.831,N,10153.940,E,02807,M,043222.97,A,,270509*72
$PMGNTRK,2925.825,N,10153.943,E,02806,M,043229.98,A,,270509*71
$PMGNTRK,2925.821,N,10153.947,E,02802,M,043238.98,A,,270509*75
$PMGNTRK,2925.818,N,10153.953,E,02794,M,043248.98,A,,270509*7D
$PMGNTRK,2925.814,N,10153.957,E,02793,M,043256.97,A,,270509*72
$PMGNTRK,2925.810,N,10153.962,E,02791,M,043303.97,A,,270509*73
$PMGNTRK,2925.805,N,10153.965,E,02791,M,043311.98,A,,270509*7C
$PMGNTRK,2925.800,N,10153.970,E,02788,M,043324.97,A,,270509*7C
$PMGNTRK,2925.796,N,10153.973,E,02786,M,043332.98,A,,270509*79
$PMGNTRK,2925.791,N,10153.978,E,02784,M,043340.98,A,,270509*72
$PMGNTRK,2925.787,N,10153.982,E,02780,M,043347.98,A,,270509*73
$PMGNTRK,2925.783,N,10153.986,E,02779,M,043354.99,A,,270509*76
$PMGNTRK,2925.779,N,10153.990,E,02776,M,043401.99,A,,270509*7C
$PMGNTRK,2925.775,N,10153.994,E,02774,M,043408.98,A,,270509*7E
$PMGNTRK,2925.772,N,10153.999,E,02774,M,043414.98,A,,270509*79
$PMGNTRK,2925.769,N,10154.005,E,02768,M,043422.98,A,,270509*70
$PMGNTRK,2925.765,N,10154.010,E,02767,M,043429.98,A,,270509*7C
$PMGNTRK,2925.762,N,10154.015,E,02766,M,043435.98,A,,270509*72
$PMGNTRK,2925.759,N,10154.021,E,02764,M,043442.98,A,,270509*7F
$PMGNTRK,2925.755,N,10154.027,E,02762,M,043449.98,A,,270509*78
$PMGNTRK,2925.751,N,10154.032,E,02761,M,043456.98,A,,270509*75
$PMGNTRK,2925.747,N,10154.037,E,02760,M,043503.98,A,,270509*77
$PMGNTRK,2925.743,N,10154.041,E,02759,M,043510.99,A,,270509*7B
$PMGNTRK,2925.737,N,10154.044,E,02759,M,043517.99,A,,270509*7A
$PMGNTRK,2925.732,N,10154.048,E,02758,M,043524.99,A,,270509*72
$PMGNTRK,2925.728,N,10154.051,E,02758,M,043530.98,A,,270509*75
$PMGNTRK,2925.722,N,10154.053,E,02759,M,043536.98,A,,270509*7A
$PMGNTRK,2925.717,N,10154.057,E,02760,M,043542.98,A,,270509*71
$PMGNTRK,2925.712,N,10154.060,E,02762,M,043548.98,A,,270509*78
$PMGNTRK,2925.707,N,10154.062,E,02759,M,043555.98,A,,270509*7A
$PMGNTRK,2925.702,N,10154.066,E,02758,M,043602.98,A,,270509*7B
$PMGNTRK,2925.696,N,10154.069,E,02760,M,043608.99,A,,270509*78
$PMGNTRK,2925.691,N,10154.071,E,02760,M,043621.98,A,,270509*7C
$PMGNTRK,2925.686,N,10154.074,E,02757,M,043629.97,A,,270509*7C
$PMGNTRK,2925.680,N,10154.076,E,02754,M,043638.98,A,,270509*74
$PMGNTRK,2925.675,N,10154.079,E,02754,M,043644.98,A,,270509*7A
$PMGNTRK,2925.670,N,10154.081,E,02753,M,043652.98,A,,270509*78
$PMGNTRK,2925.664,N,10154.083,E,02755,M,043658.98,A,,270509*73
$PMGNTRK,2925.659,N,10154.086,E,02753,M,043705.98,A,,270509*77
$PMGNTRK,2925.653,N,10154.088,E,02751,M,043712.98,A,,270509*77
$PMGNTRK,2925.648,N,10154.091,E,02751,M,043719.98,A,,270509*7E
$PMGNTRK,2925.642,N,10154.094,E,02749,M,043727.98,A,,270509*75
$PMGNTRK,2925.637,N,10154.097,E,02749,M,043734.98,A,,270509*76
$PMGNTRK,2925.631,N,10154.099,E,02748,M,043741.98,A,,270509*7D
$PMGNTRK,2925.626,N,10154.102,E,02747,M,043748.98,A,,270509*7E
$PMGNTRK,2925.621,N,10154.105,E,02748,M,043754.98,A,,270509*7C
$PMGNTRK,2925.616,N,10154.107,E,02747,M,043800.98,A,,270509*7B
$PMGNTRK,2925.611,N,10154.111,E,02746,M,043807.98,A,,270509*7D
$PMGNTRK,2925.606,N,10154.114,E,02746,M,043817.97,A,,270509*70
$PMGNTRK,2925.600,N,10154.117,E,02746,M,043824.97,A,,270509*75
$PMGNTRK,2925.595,N,10154.119,E,02746,M,043831.97,A,,270509*70
$PMGNTRK,2925.589,N,10154.122,E,02745,M,043838.97,A,,270509*7F
$PMGNTRK,2925.584,N,10154.125,E,02744,M,043845.97,A,,270509*7E
$PMGNTRK,2925.579,N,10154.128,E,02745,M,043851.98,A,,270509*7A
$PMGNTRK,2925.573,N,10154.130,E,02744,M,043903.99,A,,270509*7F
$PMGNTRK,2925.569,N,10154.133,E,02742,M,043911.99,A,,270509*72
$PMGNTRK,2925.564,N,10154.137,E,02741,M,043928.98,A,,270509*73
$PMGNTRK,2925.559,N,10154.140,E,02742,M,043941.99,A,,270509*70
$PMGNTRK,2925.554,N,10154.143,E,02741,M,043948.99,A,,270509*74
$PMGNTRK,2925.549,N,10154.145,E,02741,M,043955.99,A,,270509*72
$PMGNTRK,2925.543,N,10154.148,E,02741,M,044002.99,A,,270509*79
$PMGNTRK,2925.537,N,10154.150,E,02743,M,044009.99,A,,270509*7A
$PMGNTRK,2925.532,N,10154.154,E,02743,M,044032.99,A,,270509*73
$PMGNTRK,2925.527,N,10154.157,E,02744,M,044040.99,A,,270509*76
$PMGNTRK,2925.522,N,10154.157,E,02751,M,044045.98,A,,270509*73
$PMGNTRK,2925.516,N,10154.160,E,02752,M,044051.99,A,,270509*77
$PMGNTRK,2925.511,N,10154.161,E,02756,M,044057.98,A,,270509*72
$PMGNTRK,2925.505,N,10154.164,E,02754,M,044104.98,A,,270509*77
$PMGNTRK,2925.499,N,10154.164,E,02758,M,044110.99,A,,270509*7B
$PMGNTRK,2925.494,N,10154.165,E,02764,M,044115.99,A,,270509*7D
$PMGNTRK,2925.488,N,10154.167,E,02770,M,044121.99,A,,270509*70
$PMGNTRK,2925.482,N,10154.168,E,02776,M,044127.99,A,,270509*75
$PMGNTRK,2925.476,N,10154.170,E,02779,M,044133.99,A,,270509*7D
$PMGNTRK,2925.471,N,10154.170,E,02786,M,044138.99,A,,270509*71
$PMGNTRK,2925.465,N,10154.171,E,02790,M,044144.98,A,,270509*78
$PMGNTRK,2925.458,N,10154.172,E,02797,M,044150.99,A,,270509*76
$PMGNTRK,2925.453,N,10154.173,E,02798,M,044200.98,A,,270509*74
$PMGNTRK,2925.447,N,10154.174,E,02797,M,044209.99,A,,270509*71
$PMGNTRK,2925.441,N,10154.176,E,02798,M,044216.99,A,,270509*74
$PMGNTRK,2925.436,N,10154.178,E,02801,M,044223.99,A,,270509*73
$PMGNTRK,2925.431,N,10154.181,E,02804,M,044230.99,A,,270509*75
$PMGNTRK,2925.426,N,10154.184,E,02805,M,044239.00,A,,270509*7E
$PMGNTRK,2925.421,N,10154.187,E,02808,M,044246.99,A,,270509*7F
$PMGNTRK,2925.416,N,10154.191,E,02814,M,044253.99,A,,270509*75
$PMGNTRK,2925.411,N,10154.195,E,02816,M,044302.00,A,,270509*71
$PMGNTRK,2925.407,N,10154.200,E,02812,M,044310.99,A,,270509*7E
$PMGNTRK,2925.402,N,10154.203,E,02814,M,044317.99,A,,270509*79
$PMGNTRK,2925.396,N,10154.205,E,02816,M,044324.99,A,,270509*77
$PMGNTRK,2925.390,N,10154.208,E,02816,M,044332.99,A,,270509*7B
$PMGNTRK,2925.384,N,10154.210,E,02818,M,044339.99,A,,270509*72
$PMGNTRK,2925.379,N,10154.213,E,02813,M,044348.00,A,,270509*7E
$PMGNTRK,2925.375,N,10154.217,E,02807,M,044356.99,A,,270509*7C
$PMGNTRK,2925.370,N,10154.220,E,02802,M,044403.99,A,,270509*7F
$PMGNTRK,2925.365,N,10154.223,E,02801,M,044409.98,A,,270509*70
$PMGNTRK,2925.359,N,10154.224,E,02804,M,044415.99,A,,270509*71
$PMGNTRK,2925.354,N,10154.226,E,02806,M,044422.00,A,,270509*78
$PMGNTRK,2925.349,N,10154.229,E,02808,M,044428.00,A,,270509*7F
$PMGNTRK,2925.344,N,10154.232,E,02806,M,044433.99,A,,270509*7C
$PMGNTRK,2925.339,N,10154.234,E,02807,M,044440.00,A,,270509*75
$PMGNTRK,2925.333,N,10154.237,E,02803,M,044446.99,A,,270509*7E
$PMGNTRK,2925.328,N,10154.239,E,02802,M,044453.99,A,,270509*7F
$PMGNTRK,2925.322,N,10154.241,E,02803,M,044501.99,A,,270509*7D
$PMGNTRK,2925.317,N,10154.242,E,02803,M,044511.99,A,,270509*79
$PMGNTRK,2925.312,N,10154.246,E,02803,M,044522.99,A,,270509*78
$PMGNTRK,2925.307,N,10154.249,E,02803,M,044532.00,A,,270509*72
$PMGNTRK,2925.303,N,10154.253,E,02803,M,044544.99,A,,270509*7C
$PMGNTRK,2925.297,N,10154.255,E,02803,M,044551.99,A,,270509*72
$PMGNTRK,2925.292,N,10154.258,E,02803,M,044558.99,A,,270509*73
$PMGNTRK,2925.287,N,10154.260,E,02803,M,044606.00,A,,270509*74
$PMGNTRK,2925.281,N,10154.262,E,02803,M,044613.00,A,,270509*74
$PMGNTRK,2925.276,N,10154.264,E,02803,M,044620.00,A,,270509*7A
$PMGNTRK,2925.270,N,10154.265,E,02803,M,044625.98,A,,270509*79
$PMGNTRK,2925.264,N,10154.266,E,02803,M,044631.99,A,,270509*7B
$PMGNTRK,2925.259,N,10154.270,E,02803,M,044639.98,A,,270509*7B
$PMGNTRK,2925.256,N,10154.275,E,02803,M,044649.00,A,,270509*77
$PMGNTRK,2925.251,N,10154.278,E,02803,M,044656.99,A,,270509*73
$PMGNTRK,2925.248,N,10154.285,E,02803,M,044707.50,A,,270509*79
$PMGNTRK,2925.252,N,10154.289,E,02803,M,044710.00,A,,270509*7D
$PMGNTRK,2925.248,N,10154.294,E,02803,M,044718.99,A,,270509*72
$PMGNTRK,2925.250,N,10154.300,E,02803,M,044724.99,A,,270509*78
$PMGNTRK,2925.246,N,10154.304,E,02803,M,044733.00,A,,270509*7D
$PMGNTRK,2925.240,N,10154.305,E,02803,M,044740.00,A,,270509*7E
$PMGNTRK,2925.236,N,10154.310,E,02803,M,044748.00,A,,270509*73
$PMGNTRK,2925.230,N,10154.313,E,02803,M,044756.00,A,,270509*79
$PMGNTRK,2925.225,N,10154.315,E,02803,M,044802.00,A,,270509*75
$PMGNTRK,2925.219,N,10154.316,E,02803,M,044808.00,A,,270509*73
$PMGNTRK,2925.213,N,10154.316,E,02803,M,044818.99,A,,270509*78
$PMGNTRK,2925.208,N,10154.313,E,02803,M,044839.00,A,,270509*74
$PMGNTRK,2925.203,N,10154.316,E,02803,M,044849.00,A,,270509*7D
$PMGNTRK,2925.197,N,10154.319,E,02803,M,044856.00,A,,270509*72
$PMGNTRK,2925.191,N,10154.321,E,02803,M,044903.00,A,,270509*7E
$PMGNTRK,2925.187,N,10154.324,E,02788,M,044909.00,A,,270509*7A
$PMGNTRK,2925.184,N,10154.330,E,02778,M,044915.01,A,,270509*7F
$PMGNTRK,2925.181,N,10154.335,E,02769,M,044921.00,A,,270509*79
$PMGNTRK,2925.177,N,10154.341,E,02766,M,044926.99,A,,270509*7B
$PMGNTRK,2925.172,N,10154.345,E,02757,M,044933.01,A,,270509*7D
$PMGNTRK,2925.166,N,10154.347,E,02751,M,044939.00,A,,270509*77
$PMGNTRK,2925.161,N,10154.349,E,02746,M,044946.00,A,,270509*70
$PMGNTRK,2925.155,N,10154.351,E,02743,M,044953.00,A,,270509*7F
$PMGNTRK,2925.150,N,10154.353,E,02742,M,045001.99,A,,270509*76
$PMGNTRK,2925.144,N,10154.353,E,02742,M,045010.00,A,,270509*73
$PMGNTRK,2925.138,N,10154.353,E,02740,M,045021.01,A,,270509*79
$PMGNTRK,2925.132,N,10154.352,E,02740,M,045028.01,A,,270509*7B
$PMGNTRK,2925.127,N,10154.351,E,02736,M,045035.01,A,,270509*71
$PMGNTRK,2925.121,N,10154.349,E,02738,M,045042.01,A,,270509*70
$PMGNTRK,2925.115,N,10154.347,E,02735,M,045048.99,A,,270509*7F
$PMGNTRK,2925.110,N,10154.347,E,02738,M,045057.00,A,,270509*79
$PMGNTRK,2925.104,N,10154.346,E,02734,M,045104.00,A,,270509*76
$PMGNTRK,2925.098,N,10154.345,E,02736,M,045111.00,A,,270509*77
$PMGNTRK,2925.093,N,10154.347,E,02736,M,045125.99,A,,270509*79
$PMGNTRK,2925.088,N,10154.348,E,02738,M,045134.00,A,,270509*72
$PMGNTRK,2925.082,N,10154.348,E,02741,M,045140.01,A,,270509*74
$PMGNTRK,2925.077,N,10154.346,E,02740,M,045205.00,A,,270509*72
$PMGNTRK,2925.073,N,10154.342,E,02723,M,045254.00,A,,270509*73
$PMGNTRK,2925.069,N,10154.339,E,02729,M,045430.00,A,,270509*7A
$PMGNTRK,2925.064,N,10154.334,E,02723,M,045834.01,A,,270509*79
$PMGNTRK,2925.070,N,10154.333,E,02723,M,045839.01,A,,270509*76
$PMGNTRK,2925.057,N,10154.346,E,02723,M,045906.02,A,,270509*7F
$PMGNTRK,2925.080,N,10154.330,E,02719,M,045943.02,A,,270509*7C
$PMGNTRK,2925.073,N,10154.333,E,02735,M,045944.01,A,,270509*79
$PMGNTRK,2925.068,N,10154.335,E,02733,M,050000.00,A,,270509*7F
$PMGNTRK,2925.063,N,10154.339,E,02735,M,050623.02,A,,270509*7B
$PMGNTRK,2925.057,N,10154.339,E,02738,M,050633.02,A,,270509*70
$PMGNTRK,2925.052,N,10154.340,E,02739,M,050641.03,A,,270509*7E
$PMGNTRK,2925.046,N,10154.341,E,02736,M,050650.02,A,,270509*74
$PMGNTRK,2925.041,N,10154.343,E,02734,M,050701.02,A,,270509*76
$PMGNTRK,2925.036,N,10154.345,E,02736,M,050708.02,A,,270509*7B
$PMGNTRK,2925.031,N,10154.347,E,02735,M,050715.02,A,,270509*71
$PMGNTRK,2925.025,N,10154.348,E,02736,M,050722.02,A,,270509*7C
$PMGNTRK,2925.020,N,10154.351,E,02737,M,050729.02,A,,270509*7B
$PMGNTRK,2925.014,N,10154.353,E,02738,M,050738.02,A,,270509*71
$PMGNTRK,2925.009,N,10154.355,E,02742,M,050746.02,A,,270509*7F
$PMGNTRK,2925.004,N,10154.357,E,02742,M,050756.03,A,,270509*70
$PMGNTRK,2924.998,N,10154.360,E,02739,M,050803.03,A,,270509*7A
$PMGNTRK,2924.993,N,10154.362,E,02740,M,050810.03,A,,270509*7F
$PMGNTRK,2924.987,N,10154.364,E,02740,M,050817.03,A,,270509*7B
$PMGNTRK,2924.981,N,10154.366,E,02741,M,050824.03,A,,270509*7E
$PMGNTRK,2924.976,N,10154.368,E,02742,M,050831.03,A,,270509*7F
$PMGNTRK,2924.970,N,10154.369,E,02742,M,050838.03,A,,270509*71
$PMGNTRK,2924.964,N,10154.371,E,02741,M,050845.03,A,,270509*74
$PMGNTRK,2924.959,N,10154.373,E,02740,M,050852.03,A,,270509*7F
$PMGNTRK,2924.954,N,10154.375,E,02740,M,050859.03,A,,270509*7F
$PMGNTRK,2924.948,N,10154.376,E,02740,M,050906.03,A,,270509*7A
$PMGNTRK,2924.943,N,10154.378,E,02739,M,050913.03,A,,270509*75
$PMGNTRK,2924.938,N,10154.380,E,02741,M,050920.03,A,,270509*71
$PMGNTRK,2924.932,N,10154.382,E,02741,M,050927.03,A,,270509*7E
$PMGNTRK,2924.927,N,10154.384,E,02740,M,050934.03,A,,270509*7F
$PMGNTRK,2924.921,N,10154.386,E,02741,M,050941.03,A,,270509*78
$PMGNTRK,2924.915,N,10154.388,E,02741,M,050948.03,A,,270509*78
$PMGNTRK,2924.910,N,10154.390,E,02741,M,050955.03,A,,270509*78
$PMGNTRK,2924.904,N,10154.392,E,02740,M,051001.02,A,,270509*76
$PMGNTRK,2924.899,N,10154.394,E,02738,M,051008.02,A,,270509*73
$PMGNTRK,2924.893,N,10154.396,E,02738,M,051015.02,A,,270509*77
$PMGNTRK,2924.888,N,10154.398,E,02738,M,051022.02,A,,270509*77
$PMGNTRK,2924.882,N,10154.399,E,02738,M,051029.02,A,,270509*77
$PMGNTRK,2924.876,N,10154.401,E,02737,M,051036.02,A,,270509*7B
$PMGNTRK,2924.871,N,10154.403,E,02736,M,051043.02,A,,270509*7D
$PMGNTRK,2924.866,N,10154.405,E,02735,M,051051.02,A,,270509*7D
$PMGNTRK,2924.860,N,10154.408,E,02734,M,051106.03,A,,270509*75
$PMGNTRK,2924.857,N,10154.412,E,02730,M,051220.03,A,,270509*79
$PMGNCMD,END*3D
