$PMGNFMT,%TRK,LAT,HEMI,LON,HEMI,ALT,UNIT,TIME,VALID,NAME,DATE,CHKSUM,%META,ASCII
$PMGNTRK,2935.420,N,10140.839,E,03907,M,072948.39,A,,240509*70
$PMGNTRK,2935.426,N,10140.842,E,03907,M,072952.39,A,,240509*71
$PMGNTRK,2935.431,N,10140.846,E,03907,M,072956.38,A,,240509*76
$PMGNTRK,2935.437,N,10140.849,E,03907,M,073000.37,A,,240509*7B
$PMGNTRK,2935.434,N,10140.844,E,03909,M,073922.38,A,,240509*7D
$PMGNTRK,2935.428,N,10140.841,E,03909,M,073935.39,A,,240509*72
$PMGNTRK,2935.423,N,10140.839,E,03910,M,073947.39,A,,240509*7B
$PMGNTRK,2935.418,N,10140.836,E,03911,M,073958.38,A,,240509*72
$PMGNTRK,2935.412,N,10140.834,E,03911,M,074008.37,A,,240509*7E
$PMGNTRK,2935.408,N,10140.830,E,03911,M,074018.39,A,,240509*7E
$PMGNTRK,2935.403,N,10140.826,E,03911,M,074028.38,A,,240509*70
$PMGNTRK,2935.398,N,10140.823,E,03911,M,074038.39,A,,240509*70
$PMGNTRK,2935.393,N,10140.821,E,03912,M,074049.38,A,,240509*7D
$PMGNTRK,2935.388,N,10140.816,E,03912,M,074101.38,A,,240509*7E
$PMGNTRK,2935.387,N,10140.810,E,03913,M,074202.38,A,,240509*76
$PMGNTRK,2935.391,N,10140.805,E,03914,M,074211.38,A,,240509*70
$PMGNTRK,2935.394,N,10140.800,E,03915,M,074221.38,A,,240509*72
$PMGNTRK,2935.397,N,10140.794,E,03916,M,074236.39,A,,240509*77
$PMGNTRK,2935.400,N,10140.789,E,03917,M,074248.38,A,,240509*7B
$PMGNTRK,2935.404,N,10140.785,E,03919,M,074303.38,A,,240509*73
$PMGNTRK,2935.409,N,10140.780,E,03920,M,074317.38,A,,240509*74
$PMGNTRK,2935.414,N,10140.777,E,03922,M,074334.39,A,,240509*72
$PMGNTRK,2935.419,N,10140.773,E,03923,M,074347.38,A,,240509*7F
$PMGNTRK,2935.424,N,10140.770,E,03924,M,074401.38,A,,240509*70
$PMGNTRK,2935.428,N,10140.767,E,03925,M,074414.39,A,,240509*7E
$PMGNTRK,2935.433,N,10140.763,E,03926,M,074427.38,A,,240509*72
$PMGNTRK,2935.437,N,10140.758,E,03928,M,074439.38,A,,240509*7F
$PMGNTRK,2935.441,N,10140.754,E,03930,M,074452.39,A,,240509*77
$PMGNTRK,2935.446,N,10140.751,E,03932,M,074506.39,A,,240509*77
$PMGNTRK,2935.452,N,10140.749,E,03932,M,074518.38,A,,240509*75
$PMGNTRK,2935.457,N,10140.747,E,03933,M,074531.39,A,,240509*75
$PMGNTRK,2935.462,N,10140.744,E,03934,M,074543.39,A,,240509*72
$PMGNTRK,2935.468,N,10140.744,E,03934,M,074557.39,A,,240509*7D
$PMGNTRK,2935.474,N,10140.744,E,03935,M,074609.39,A,,240509*79
$PMGNTRK,2935.479,N,10140.742,E,03936,M,074620.39,A,,240509*7A
$PMGNTRK,2935.485,N,10140.739,E,03937,M,074631.38,A,,240509*75
$PMGNTRK,2935.490,N,10140.738,E,03938,M,074642.39,A,,240509*7A
$PMGNTRK,2935.494,N,10140.734,E,03939,M,074654.38,A,,240509*75
$PMGNTRK,2935.498,N,10140.729,E,03940,M,074706.38,A,,240509*7D
$PMGNTRK,2935.501,N,10140.724,E,03941,M,074719.39,A,,240509*7F
$PMGNTRK,2935.503,N,10140.718,E,03942,M,074731.39,A,,240509*7B
$PMGNTRK,2935.504,N,10140.711,E,03944,M,074743.39,A,,240509*76
$PMGNTRK,2935.504,N,10140.705,E,03945,M,074755.40,A,,240509*7B
$PMGNTRK,2935.504,N,10140.698,E,03947,M,074808.39,A,,240509*75
$PMGNTRK,2935.502,N,10140.692,E,03949,M,074822.39,A,,240509*7F
$PMGNTRK,2935.502,N,10140.685,E,03949,M,074835.40,A,,240509*71
$PMGNTRK,2935.502,N,10140.679,E,03951,M,074848.39,A,,240509*7F
$PMGNTRK,2935.505,N,10140.673,E,03952,M,074900.39,A,,240509*7C
$PMGNTRK,2935.508,N,10140.667,E,03953,M,074913.39,A,,240509*77
$PMGNTRK,2935.509,N,10140.661,E,03953,M,074925.39,A,,240509*75
$PMGNTRK,2935.510,N,10140.655,E,03953,M,074937.40,A,,240509*77
$PMGNTRK,2935.512,N,10140.648,E,03954,M,074949.39,A,,240509*79
$PMGNTRK,2935.514,N,10140.642,E,03955,M,075001.39,A,,240509*70
$PMGNTRK,2935.518,N,10140.637,E,03956,M,075013.40,A,,240509*70
$PMGNTRK,2935.521,N,10140.632,E,03957,M,075027.40,A,,240509*79
$PMGNTRK,2935.525,N,10140.628,E,03959,M,075045.39,A,,240509*72
$PMGNTRK,2935.529,N,10140.623,E,03960,M,075121.40,A,,240509*72
$PMGNTRK,2935.533,N,10140.619,E,03962,M,075137.40,A,,240509*75
$PMGNTRK,2935.537,N,10140.615,E,03964,M,075155.40,A,,240509*7F
$PMGNTRK,2935.542,N,10140.612,E,03966,M,075213.41,A,,240509*78
$PMGNTRK,2935.545,N,10140.607,E,03967,M,075229.41,A,,240509*73
$PMGNTRK,2935.549,N,10140.602,E,03970,M,075247.40,A,,240509*75
$PMGNTRK,2935.553,N,10140.597,E,03972,M,075306.40,A,,240509*77
$PMGNTRK,2935.557,N,10140.593,E,03974,M,075326.41,A,,240509*72
$PMGNTRK,2935.561,N,10140.589,E,03976,M,075343.40,A,,240509*7C
$PMGNTRK,2935.565,N,10140.585,E,03978,M,075404.40,A,,240509*7E
$PMGNTRK,2935.570,N,10140.581,E,03981,M,075420.41,A,,240509*7F
$PMGNTRK,2935.573,N,10140.576,E,03983,M,075437.40,A,,240509*71
$PMGNTRK,2935.577,N,10140.571,E,03985,M,075458.40,A,,240509*7D
$PMGNTRK,2935.579,N,10140.565,E,03987,M,075517.40,A,,240509*7E
$PMGNTRK,2935.582,N,10140.560,E,03989,M,075537.41,A,,240509*72
$PMGNTRK,2935.584,N,10140.553,E,03992,M,075557.41,A,,240509*78
$PMGNTRK,2935.586,N,10140.548,E,03995,M,075618.40,A,,240509*7E
$PMGNTRK,2935.588,N,10140.542,E,03996,M,075635.41,A,,240509*77
$PMGNTRK,2935.591,N,10140.537,E,03998,M,075652.41,A,,240509*72
$PMGNTRK,2935.595,N,10140.532,E,04000,M,075708.41,A,,240509*72
$PMGNTRK,2935.601,N,10140.532,E,04001,M,075730.40,A,,240509*77
$PMGNTRK,2935.606,N,10140.530,E,04003,M,075832.41,A,,240509*7C
$PMGNTRK,2935.610,N,10140.525,E,04004,M,075846.41,A,,240509*7B
$PMGNTRK,2935.614,N,10140.520,E,04005,M,075910.41,A,,240509*79
$PMGNTRK,2935.618,N,10140.516,E,04005,M,075922.42,A,,240509*72
$PMGNTRK,2935.622,N,10140.512,E,04005,M,075933.41,A,,240509*7C
$PMGNTRK,2935.627,N,10140.508,E,04006,M,075944.42,A,,240509*72
$PMGNTRK,2935.632,N,10140.505,E,04007,M,075955.41,A,,240509*79
$PMGNTRK,2935.637,N,10140.502,E,04007,M,080006.42,A,,240509*7D
$PMGNTRK,2935.642,N,10140.498,E,04008,M,080017.41,A,,240509*71
$PMGNTRK,2935.647,N,10140.496,E,04008,M,080028.42,A,,240509*75
$PMGNTRK,2935.652,N,10140.494,E,04008,M,080038.41,A,,240509*71
$PMGNTRK,2935.656,N,10140.489,E,04009,M,080048.41,A,,240509*7F
$PMGNTRK,2935.661,N,10140.485,E,04010,M,080059.41,A,,240509*7F
$PMGNTRK,2935.665,N,10140.480,E,04010,M,080110.41,A,,240509*72
$PMGNTRK,2935.669,N,10140.476,E,04012,M,080122.42,A,,240509*77
$PMGNTRK,2935.674,N,10140.472,E,04013,M,080134.42,A,,240509*79
$PMGNTRK,2935.679,N,10140.470,E,04012,M,080208.42,A,,240509*7B
$PMGNTRK,2935.684,N,10140.467,E,04013,M,080223.42,A,,240509*77
$PMGNTRK,2935.689,N,10140.463,E,04015,M,080238.41,A,,240509*71
$PMGNTRK,2935.695,N,10140.461,E,04017,M,080254.43,A,,240509*74
$PMGNTRK,2935.700,N,10140.459,E,04021,M,080312.42,A,,240509*75
$PMGNTRK,2935.705,N,10140.457,E,04022,M,080329.41,A,,240509*76
$PMGNTRK,2935.710,N,10140.455,E,04023,M,080344.42,A,,240509*79
$PMGNTRK,2935.715,N,10140.453,E,04024,M,080400.42,A,,240509*7A
$PMGNTRK,2935.721,N,10140.451,E,04025,M,080426.44,A,,240509*7C
$PMGNTRK,2935.726,N,10140.448,E,04027,M,080441.43,A,,240509*77
$PMGNTRK,2935.731,N,10140.444,E,04029,M,080455.43,A,,240509*76
$PMGNTRK,2935.735,N,10140.439,E,04030,M,080509.43,A,,240509*78
$PMGNTRK,2935.739,N,10140.436,E,04031,M,080521.43,A,,240509*70
$PMGNTRK,2935.736,N,10140.431,E,04034,M,080544.43,A,,240509*7E
$PMGNTRK,2935.732,N,10140.427,E,04034,M,080554.43,A,,240509*7C
$PMGNTRK,2935.726,N,10140.429,E,04035,M,080818.42,A,,240509*72
$PMGNTRK,2935.724,N,10140.423,E,04034,M,080847.43,A,,240509*70
$PMGNTRK,2935.723,N,10140.417,E,04034,M,080904.44,A,,240509*71
$PMGNTRK,2935.720,N,10140.412,E,04035,M,080957.43,A,,240509*77
$PMGNTRK,2935.716,N,10140.407,E,04032,M,081030.45,A,,240509*7E
$PMGNTRK,2935.716,N,10140.400,E,04033,M,081052.44,A,,240509*7D
$PMGNTRK,2935.720,N,10140.395,E,04031,M,081137.44,A,,240509*73
$PMGNTRK,2935.721,N,10140.389,E,04031,M,081150.44,A,,240509*7E
$PMGNTRK,2935.726,N,10140.386,E,04029,M,081207.44,A,,240509*7E
$PMGNTRK,2935.723,N,10140.381,E,04029,M,081242.44,A,,240509*7D
$PMGNTRK,2935.721,N,10140.374,E,04020,M,081259.44,A,,240509*76
$PMGNTRK,2935.723,N,10140.368,E,04017,M,081335.45,A,,240509*77
$PMGNTRK,2935.721,N,10140.374,E,04026,M,081507.44,A,,240509*7C
$PMGNTRK,2935.717,N,10140.379,E,04025,M,081524.44,A,,240509*76
$PMGNTRK,2935.712,N,10140.380,E,04021,M,081550.45,A,,240509*73
$PMGNTRK,2935.707,N,10140.377,E,04019,M,081623.46,A,,240509*70
$PMGNTRK,2935.708,N,10140.371,E,04018,M,081638.46,A,,240509*72
$PMGNTRK,2935.713,N,10140.366,E,04022,M,081718.46,A,,240509*74
$PMGNTRK,2935.715,N,10140.360,E,04027,M,081850.45,A,,240509*71
$PMGNTRK,2935.720,N,10140.357,E,04028,M,081900.46,A,,240509*7B
$PMGNTRK,2935.723,N,10140.352,E,04027,M,081913.46,A,,240509*70
$PMGNTRK,2935.727,N,10140.348,E,04025,M,081927.46,A,,240509*7A
$PMGNTRK,2935.732,N,10140.344,E,04026,M,081945.46,A,,240509*75
$PMGNTRK,2935.736,N,10140.340,E,04026,M,082033.45,A,,240509*7D
$PMGNTRK,2935.742,N,10140.339,E,04026,M,082058.46,A,,240509*7E
$PMGNTRK,2935.746,N,10140.335,E,04027,M,082113.47,A,,240509*78
$PMGNTRK,2935.751,N,10140.332,E,04029,M,082126.46,A,,240509*70
$PMGNTRK,2935.756,N,10140.332,E,04032,M,082208.45,A,,240509*71
$PMGNTRK,2935.761,N,10140.330,E,04037,M,082235.47,A,,240509*7E
$PMGNTRK,2935.766,N,10140.327,E,04041,M,082302.44,A,,240509*78
$PMGNTRK,2935.771,N,10140.324,E,04046,M,082323.44,A,,240509*79
$PMGNTRK,2935.776,N,10140.321,E,04047,M,082430.46,A,,240509*7D
$PMGNTRK,2935.780,N,10140.317,E,04050,M,082453.45,A,,240509*71
$PMGNTRK,2935.786,N,10140.315,E,04055,M,082529.45,A,,240509*7C
$PMGNTRK,2935.789,N,10140.311,E,04058,M,082601.47,A,,240509*71
$PMGNTRK,2935.793,N,10140.306,E,04060,M,082620.45,A,,240509*76
$PMGNTRK,2935.796,N,10140.301,E,04063,M,082641.47,A,,240509*72
$PMGNTRK,2935.801,N,10140.298,E,04062,M,082712.46,A,,240509*75
$PMGNTRK,2935.807,N,10140.296,E,04065,M,082731.46,A,,240509*7B
$PMGNTRK,2935.812,N,10140.294,E,04071,M,082753.45,A,,240509*7F
$PMGNTRK,2935.817,N,10140.291,E,04073,M,082818.45,A,,240509*7D
$PMGNTRK,2935.819,N,10140.285,E,04077,M,082852.47,A,,240509*7E
$PMGNTRK,2935.823,N,10140.280,E,04078,M,082914.45,A,,240509*7C
$PMGNTRK,2935.827,N,10140.277,E,04080,M,082937.46,A,,240509*75
$PMGNTRK,2935.831,N,10140.273,E,04083,M,083023.45,A,,240509*7B
$PMGNTRK,2935.835,N,10140.269,E,04086,M,083053.46,A,,240509*75
$PMGNTRK,2935.841,N,10140.269,E,04089,M,083116.46,A,,240509*79
$PMGNTRK,2935.846,N,10140.272,E,04090,M,083138.45,A,,240509*73
$PMGNTRK,2935.851,N,10140.273,E,04096,M,083355.46,A,,240509*78
$PMGNTRK,2935.856,N,10140.270,E,04096,M,083416.45,A,,240509*7F
$PMGNTRK,2935.861,N,10140.268,E,04097,M,083443.45,A,,240509*73
$PMGNTRK,2935.866,N,10140.265,E,04098,M,083459.47,A,,240509*7F
$PMGNTRK,2935.870,N,10140.260,E,04098,M,083522.46,A,,240509*71
$PMGNTRK,2935.875,N,10140.258,E,04098,M,083535.47,A,,240509*78
$PMGNTRK,2935.880,N,10140.255,E,04099,M,083600.46,A,,240509*7A
$PMGNTRK,2935.885,N,10140.252,E,04100,M,083613.46,A,,240509*7B
$PMGNTRK,2935.891,N,10140.250,E,04101,M,083631.47,A,,240509*7C
$PMGNTRK,2935.892,N,10140.256,E,04100,M,084020.47,A,,240509*79
$PMGNTRK,2935.890,N,10140.262,E,04099,M,084031.47,A,,240509*7D
$PMGNTRK,2935.888,N,10140.269,E,04098,M,084044.48,A,,240509*73
$PMGNTRK,2935.890,N,10140.262,E,04100,M,084147.47,A,,240509*7C
$PMGNTRK,2935.893,N,10140.257,E,04101,M,084158.49,A,,240509*78
$PMGNTRK,2935.897,N,10140.253,E,04103,M,084215.48,A,,240509*71
$PMGNTRK,2935.901,N,10140.248,E,04106,M,084235.47,A,,240509*7D
$PMGNTRK,2935.905,N,10140.244,E,04109,M,084249.47,A,,240509*71
$PMGNTRK,2935.909,N,10140.239,E,04113,M,084315.47,A,,240509*74
$PMGNTRK,2935.911,N,10140.233,E,04116,M,084342.48,A,,240509*7F
$PMGNTRK,2935.909,N,10140.228,E,04122,M,084443.47,A,,240509*72
$PMGNTRK,2935.904,N,10140.223,E,04125,M,084505.47,A,,240509*70
$PMGNTRK,2935.910,N,10140.224,E,04126,M,085302.48,A,,240509*7E
$PMGNTRK,2935.914,N,10140.228,E,04119,M,085928.50,A,,240509*71
$PMGNTRK,2935.917,N,10140.233,E,04114,M,085949.48,A,,240509*7B
$PMGNTRK,2935.917,N,10140.239,E,04110,M,090010.50,A,,240509*7D
$PMGNTRK,2935.912,N,10140.241,E,04109,M,090020.49,A,,240509*74
$PMGNTRK,2935.907,N,10140.243,E,04107,M,090031.48,A,,240509*7D
$PMGNTRK,2935.901,N,10140.246,E,04105,M,090101.49,A,,240509*7F
$PMGNTRK,2935.896,N,10140.247,E,04104,M,090111.50,A,,240509*79
$PMGNTRK,2935.890,N,10140.248,E,04103,M,090121.49,A,,240509*7C
$PMGNTRK,2935.886,N,10140.252,E,04100,M,090131.49,A,,240509*72
$PMGNTRK,2935.881,N,10140.255,E,04097,M,090143.49,A,,240509*78
$PMGNTRK,2935.876,N,10140.258,E,04095,M,090154.49,A,,240509*79
$PMGNTRK,2935.871,N,10140.259,E,04094,M,090205.49,A,,240509*79
$PMGNTRK,2935.866,N,10140.262,E,04093,M,090214.48,A,,240509*71
$PMGNTRK,2935.860,N,10140.265,E,04093,M,090224.49,A,,240509*72
$PMGNTRK,2935.856,N,10140.268,E,04092,M,090232.49,A,,240509*7C
$PMGNTRK,2935.851,N,10140.272,E,04090,M,090240.50,A,,240509*7F
$PMGNTRK,2935.848,N,10140.277,E,04090,M,090249.50,A,,240509*7B
$PMGNTRK,2935.849,N,10140.283,E,04089,M,090258.50,A,,240509*79
$PMGNTRK,2935.845,N,10140.288,E,04086,M,090310.50,A,,240509*7C
$PMGNTRK,2935.842,N,10140.294,E,04082,M,090323.49,A,,240509*7A
$PMGNTRK,2935.837,N,10140.296,E,04079,M,090337.49,A,,240509*7B
$PMGNTRK,2935.836,N,10140.303,E,04077,M,090350.50,A,,240509*70
$PMGNTRK,2935.836,N,10140.309,E,04076,M,090400.49,A,,240509*71
$PMGNTRK,2935.832,N,10140.314,E,04075,M,090412.49,A,,240509*79
$PMGNTRK,2935.829,N,10140.320,E,04073,M,090422.49,A,,240509*71
$PMGNTRK,2935.829,N,10140.327,E,04072,M,090432.50,A,,240509*7E
$PMGNTRK,2935.826,N,10140.332,E,04070,M,090443.49,A,,240509*79
$PMGNTRK,2935.822,N,10140.337,E,04068,M,090453.50,A,,240509*78
$PMGNTRK,2935.821,N,10140.343,E,04066,M,090502.49,A,,240509*7B
$PMGNTRK,2935.821,N,10140.349,E,04064,M,090512.50,A,,240509*7A
$PMGNTRK,2935.819,N,10140.355,E,04063,M,090521.50,A,,240509*7B
$PMGNTRK,2935.816,N,10140.361,E,04061,M,090530.49,A,,240509*79
$PMGNTRK,2935.812,N,10140.365,E,04057,M,090539.49,A,,240509*75
$PMGNTRK,2935.806,N,10140.367,E,04055,M,090547.50,A,,240509*71
$PMGNTRK,2935.803,N,10140.371,E,04054,M,090556.50,A,,240509*72
$PMGNTRK,2935.800,N,10140.377,E,04052,M,090605.50,A,,240509*74
$PMGNTRK,2935.797,N,10140.383,E,04051,M,090615.50,A,,240509*7C
$PMGNTRK,2935.795,N,10140.389,E,04049,M,090624.50,A,,240509*7F
$PMGNTRK,2935.791,N,10140.395,E,04047,M,090632.49,A,,240509*77
$PMGNTRK,2935.788,N,10140.400,E,04047,M,090640.50,A,,240509*79
$PMGNTRK,2935.783,N,10140.404,E,04044,M,090648.50,A,,240509*7D
$PMGNTRK,2935.779,N,10140.407,E,04043,M,090655.50,A,,240509*70
$PMGNTRK,2935.774,N,10140.410,E,04041,M,090702.50,A,,240509*7A
$PMGNTRK,2935.769,N,10140.412,E,04039,M,090709.50,A,,240509*70
$PMGNTRK,2935.764,N,10140.416,E,04037,M,090717.51,A,,240509*79
$PMGNTRK,2935.759,N,10140.420,E,04036,M,090725.50,A,,240509*73
$PMGNTRK,2935.755,N,10140.425,E,04035,M,090733.49,A,,240509*76
$PMGNTRK,2935.752,N,10140.430,E,04034,M,090741.50,A,,240509*79
$PMGNTRK,2935.748,N,10140.436,E,04033,M,090749.50,A,,240509*7B
$PMGNTRK,2935.745,N,10140.441,E,04033,M,090757.50,A,,240509*79
$PMGNTRK,2935.740,N,10140.445,E,04032,M,090805.50,A,,240509*71
$PMGNTRK,2935.735,N,10140.448,E,04031,M,090812.50,A,,240509*7B
$PMGNTRK,2935.729,N,10140.451,E,04030,M,090820.49,A,,240509*76
$PMGNTRK,2935.724,N,10140.453,E,04028,M,090828.50,A,,240509*70
$PMGNTRK,2935.718,N,10140.455,E,04025,M,090837.50,A,,240509*7A
$PMGNTRK,2935.713,N,10140.457,E,04023,M,090845.51,A,,240509*71
$PMGNTRK,2935.708,N,10140.460,E,04021,M,090853.51,A,,240509*7A
$PMGNTRK,2935.702,N,10140.462,E,04020,M,090906.50,A,,240509*73
$PMGNTRK,2935.697,N,10140.464,E,04017,M,090914.51,A,,240509*7E
$PMGNTRK,2935.692,N,10140.468,E,04015,M,090922.50,A,,240509*71
$PMGNTRK,2935.687,N,10140.471,E,04014,M,090930.51,A,,240509*7E
$PMGNTRK,2935.682,N,10140.474,E,04012,M,090937.51,A,,240509*7F
$PMGNTRK,2935.677,N,10140.477,E,04011,M,090945.50,A,,240509*71
$PMGNTRK,2935.672,N,10140.482,E,04010,M,090953.50,A,,240509*78
$PMGNTRK,2935.667,N,10140.486,E,04010,M,091001.51,A,,240509*76
$PMGNTRK,2935.663,N,10140.489,E,04010,M,091008.51,A,,240509*74
$PMGNTRK,2935.659,N,10140.494,E,04009,M,091015.51,A,,240509*75
$PMGNTRK,2935.655,N,10140.499,E,04008,M,091023.50,A,,240509*71
$PMGNTRK,2935.650,N,10140.503,E,04008,M,091030.50,A,,240509*74
$PMGNTRK,2935.646,N,10140.507,E,04008,M,091037.50,A,,240509*70
$PMGNTRK,2935.641,N,10140.510,E,04008,M,091044.50,A,,240509*75
$PMGNTRK,2935.637,N,10140.513,E,04008,M,091051.50,A,,240509*73
$PMGNTRK,2935.632,N,10140.517,E,04009,M,091058.50,A,,240509*7A
$PMGNTRK,2935.627,N,10140.520,E,04008,M,091106.51,A,,240509*70
$PMGNTRK,2935.622,N,10140.524,E,04008,M,091114.50,A,,240509*73
$PMGNTRK,2935.617,N,10140.527,E,04008,M,091121.50,A,,240509*70
$PMGNTRK,2935.611,N,10140.529,E,04008,M,091129.51,A,,240509*71
$PMGNTRK,2935.607,N,10140.533,E,04007,M,091137.51,A,,240509*7D
$PMGNTRK,2935.601,N,10140.536,E,04007,M,091145.50,A,,240509*7A
$PMGNTRK,2935.596,N,10140.538,E,04006,M,091153.51,A,,240509*7E
$PMGNTRK,2935.590,N,10140.540,E,04004,M,091201.50,A,,240509*70
$PMGNTRK,2935.588,N,10140.546,E,04002,M,091209.51,A,,240509*70
$PMGNTRK,2935.585,N,10140.552,E,03999,M,091218.51,A,,240509*74
$PMGNTRK,2935.581,N,10140.555,E,03996,M,091226.51,A,,240509*75
$PMGNTRK,2935.577,N,10140.560,E,03993,M,091235.51,A,,240509*7D
$PMGNTRK,2935.572,N,10140.564,E,03990,M,091244.51,A,,240509*79
$PMGNTRK,2935.568,N,10140.569,E,03988,M,091253.50,A,,240509*71
$PMGNTRK,2935.563,N,10140.573,E,03985,M,091302.50,A,,240509*79
$PMGNTRK,2935.560,N,10140.578,E,03982,M,091313.51,A,,240509*77
$PMGNTRK,2935.556,N,10140.582,E,03979,M,091321.51,A,,240509*72
$PMGNTRK,2935.553,N,10140.588,E,03977,M,091329.51,A,,240509*7B
$PMGNTRK,2935.549,N,10140.593,E,03975,M,091337.52,A,,240509*74
$PMGNTRK,2935.547,N,10140.599,E,03972,M,091345.51,A,,240509*71
$PMGNTRK,2935.543,N,10140.604,E,03969,M,091353.50,A,,240509*7E
$PMGNTRK,2935.540,N,10140.609,E,03967,M,091400.50,A,,240509*7F
$PMGNTRK,2935.537,N,10140.614,E,03964,M,091408.51,A,,240509*79
$PMGNTRK,2935.534,N,10140.621,E,03962,M,091416.51,A,,240509*75
$PMGNTRK,2935.529,N,10140.625,E,03959,M,091424.52,A,,240509*77
$PMGNTRK,2935.526,N,10140.629,E,03958,M,091431.52,A,,240509*71
$PMGNTRK,2935.522,N,10140.634,E,03957,M,091438.52,A,,240509*7F
$PMGNTRK,2935.518,N,10140.639,E,03955,M,091445.52,A,,240509*73
$PMGNTRK,2935.515,N,10140.645,E,03955,M,091453.51,A,,240509*71
$PMGNTRK,2935.512,N,10140.652,E,03955,M,091501.50,A,,240509*77
$PMGNTRK,2935.511,N,10140.658,E,03953,M,091509.51,A,,240509*71
$PMGNTRK,2935.510,N,10140.665,E,03952,M,091517.51,A,,240509*70
$PMGNTRK,2935.508,N,10140.671,E,03951,M,091524.51,A,,240509*7F
$PMGNTRK,2935.505,N,10140.676,E,03951,M,091531.51,A,,240509*71
$PMGNTRK,2935.502,N,10140.682,E,03951,M,091539.50,A,,240509*74
$PMGNTRK,2935.502,N,10140.689,E,03950,M,091546.52,A,,240509*74
$PMGNTRK,2935.503,N,10140.695,E,03949,M,091553.52,A,,240509*74
$PMGNTRK,2935.504,N,10140.701,E,03948,M,091600.52,A,,240509*7B
$PMGNTRK,2935.504,N,10140.708,E,03947,M,091607.52,A,,240509*7A
$PMGNTRK,2935.504,N,10140.714,E,03947,M,091614.52,A,,240509*75
$PMGNTRK,2935.503,N,10140.721,E,03946,M,091622.51,A,,240509*73
$PMGNTRK,2935.501,N,10140.726,E,03944,M,091631.51,A,,240509*76
$PMGNTRK,2935.497,N,10140.732,E,03942,M,091641.52,A,,240509*7F
$PMGNTRK,2935.494,N,10140.737,E,03941,M,091651.50,A,,240509*79
$PMGNTRK,2935.489,N,10140.740,E,03939,M,091701.51,A,,240509*7F
$PMGNTRK,2935.483,N,10140.743,E,03939,M,091715.51,A,,240509*73
$PMGNTRK,2935.478,N,10140.745,E,03938,M,091724.52,A,,240509*71
$PMGNTRK,2935.472,N,10140.746,E,03938,M,091733.51,A,,240509*7D
$PMGNTRK,2935.467,N,10140.746,E,03936,M,091742.51,A,,240509*71
$PMGNTRK,2935.461,N,10140.746,E,03936,M,091752.52,A,,240509*75
$PMGNTRK,2935.455,N,10140.748,E,03935,M,091801.51,A,,240509*75
$PMGNTRK,2935.450,N,10140.751,E,03934,M,091809.51,A,,240509*71
$PMGNTRK,2935.445,N,10140.753,E,03933,M,091827.52,A,,240509*7F
$PMGNTRK,2935.440,N,10140.757,E,03932,M,091836.51,A,,240509*7C
$PMGNTRK,2935.435,N,10140.761,E,03931,M,091845.51,A,,240509*7C
$PMGNTRK,2935.431,N,10140.764,E,03930,M,091855.51,A,,240509*7D
$PMGNTRK,2935.426,N,10140.768,E,03927,M,091906.51,A,,240509*76
$PMGNTRK,2935.421,N,10140.772,E,03926,M,091916.51,A,,240509*7A
$PMGNTRK,2935.417,N,10140.776,E,03924,M,091925.51,A,,240509*79
$PMGNTRK,2935.412,N,10140.779,E,03923,M,091934.51,A,,240509*74
$PMGNTRK,2935.407,N,10140.782,E,03921,M,091943.51,A,,240509*76
$PMGNTRK,2935.403,N,10140.787,E,03919,M,091953.51,A,,240509*7D
$PMGNTRK,2935.399,N,10140.792,E,03917,M,092002.51,A,,240509*7D
$PMGNTRK,2935.397,N,10140.798,E,03916,M,092013.51,A,,240509*78
$PMGNTRK,2935.394,N,10140.803,E,03915,M,092023.51,A,,240509*76
$PMGNTRK,2935.390,N,10140.807,E,03913,M,092032.51,A,,240509*70
$PMGNTRK,2935.387,N,10140.813,E,03911,M,092047.51,A,,240509*73
$PMGNTRK,2935.390,N,10140.819,E,03909,M,092055.52,A,,240509*76
$PMGNTRK,2935.395,N,10140.822,E,03908,M,092104.52,A,,240509*7F
$PMGNTRK,2935.400,N,10140.825,E,03908,M,092112.51,A,,240509*77
$PMGNTRK,2935.405,N,10140.828,E,03907,M,092121.51,A,,240509*70
$PMGNTRK,2935.410,N,10140.832,E,03907,M,092130.52,A,,240509*7C
$PMGNTRK,2935.414,N,10140.836,E,03907,M,092139.52,A,,240509*75
$PMGNTRK,2935.420,N,10140.839,E,03907,M,092148.51,A,,240509*78
$PMGNTRK,2935.426,N,10140.841,E,03907,M,092157.51,A,,240509*7F
$PMGNTRK,2935.430,N,10140.845,E,03906,M,092206.51,A,,240509*7A
$PMGNTRK,2935.435,N,10140.848,E,03907,M,092216.52,A,,240509*71
$PMGNTRK,2935.440,N,10140.850,E,03909,M,092356.51,A,,240509*72
$PMGNTRK,2935.447,N,10140.852,E,03909,M,092359.52,A,,240509*7B
$PMGNTRK,2935.454,N,10140.854,E,03909,M,092402.52,A,,240509*76
$PMGNTRK,2935.462,N,10140.856,E,03909,M,092405.51,A,,240509*75
$PMGNTRK,2935.469,N,10140.856,E,03908,M,092407.52,A,,240509*7E
$PMGNTRK,2935.474,N,10140.856,E,03908,M,092409.52,A,,240509*7C
$PMGNTRK,2935.482,N,10140.855,E,03907,M,092412.51,A,,240509*70
$PMGNCMD,END*3D